
ThunderCryer.elf:     file format elf32-littlearm

Sections:
Idx Name          Size      VMA       LMA       File off  Algn
  0 .stacks       00000800  10000000  10000000  00008000  2**0
                  ALLOC
  1 .debug_info   0001f401  00000000  00000000  00000054  2**0
                  CONTENTS, READONLY, DEBUGGING
  2 .debug_abbrev 000064e7  00000000  00000000  0001f455  2**0
                  CONTENTS, READONLY, DEBUGGING
  3 .debug_loc    00014419  00000000  00000000  0002593c  2**0
                  CONTENTS, READONLY, DEBUGGING
  4 .debug_aranges 00001d28  00000000  00000000  00039d58  2**3
                  CONTENTS, READONLY, DEBUGGING
  5 .debug_ranges 00001c78  00000000  00000000  0003ba80  2**0
                  CONTENTS, READONLY, DEBUGGING
  6 .debug_line   00015cd4  00000000  00000000  0003d6f8  2**0
                  CONTENTS, READONLY, DEBUGGING
  7 .debug_macinfo 00f20636  00000000  00000000  000533cc  2**0
                  CONTENTS, READONLY, DEBUGGING
  8 .debug_str    00008d1e  00000000  00000000  00f73a02  2**0
                  CONTENTS, READONLY, DEBUGGING
  9 .comment      00000011  00000000  00000000  00f7c720  2**0
                  CONTENTS, READONLY
 10 .ARM.attributes 00000037  00000000  00000000  00f7c731  2**0
                  CONTENTS, READONLY
 11 .debug_frame  00004060  00000000  00000000  00f7c768  2**2
                  CONTENTS, READONLY, DEBUGGING
