   1              		.syntax unified
   2              		.cpu cortex-m4
   3              		.eabi_attribute 27, 3
   4              		.fpu fpv4-sp-d16
   5              		.eabi_attribute 20, 1
   6              		.eabi_attribute 21, 1
   7              		.eabi_attribute 23, 3
   8              		.eabi_attribute 24, 1
   9              		.eabi_attribute 25, 1
  10              		.eabi_attribute 26, 1
  11              		.eabi_attribute 30, 6
  12              		.eabi_attribute 34, 1
  13              		.eabi_attribute 18, 4
  14              		.thumb
  15              		.file	"CFreeRTOS.cpp"
  16              		.text
  17              	.Ltext0:
  18              		.cfi_sections	.debug_frame
  19              		.align	2
  20              		.global	_ZN9CFreeRTOSC2Ev
  21              		.thumb
  22              		.thumb_func
  24              	_ZN9CFreeRTOSC2Ev:
  25              	.LFB141:
  26              		.file 1 "../FreeRTOS_EC/Source/CFreeRTOS.cpp"
   1:../FreeRTOS_EC/Source/CFreeRTOS.cpp **** /**
   2:../FreeRTOS_EC/Source/CFreeRTOS.cpp ****  * CFreeRTOS.cpp
   3:../FreeRTOS_EC/Source/CFreeRTOS.cpp ****  *
   4:../FreeRTOS_EC/Source/CFreeRTOS.cpp ****  *  Created on: Jul 14, 2010
   5:../FreeRTOS_EC/Source/CFreeRTOS.cpp ****  *      Author: Stefano Oliveri (STF12.net)
   6:../FreeRTOS_EC/Source/CFreeRTOS.cpp ****  *      E-Mail: software@stf12.net
   7:../FreeRTOS_EC/Source/CFreeRTOS.cpp ****  */
   8:../FreeRTOS_EC/Source/CFreeRTOS.cpp **** 
   9:../FreeRTOS_EC/Source/CFreeRTOS.cpp **** #include "CFreeRTOS.h"
  10:../FreeRTOS_EC/Source/CFreeRTOS.cpp **** #include "AManagedTask.h"
  11:../FreeRTOS_EC/Source/CFreeRTOS.cpp **** 
  12:../FreeRTOS_EC/Source/CFreeRTOS.cpp **** CFreeRTOS::CFreeRTOS() {
  27              		.loc 1 12 0
  28              		.cfi_startproc
  29              		@ args = 0, pretend = 0, frame = 8
  30              		@ frame_needed = 1, uses_anonymous_args = 0
  31              		@ link register save eliminated.
  32 0000 80B4     		push	{r7}
  33              	.LCFI0:
  34              		.cfi_def_cfa_offset 4
  35              		.cfi_offset 7, -4
  36 0002 83B0     		sub	sp, sp, #12
  37              	.LCFI1:
  38              		.cfi_def_cfa_offset 16
  39 0004 00AF     		add	r7, sp, #0
  40              	.LCFI2:
  41              		.cfi_def_cfa_register 7
  42 0006 7860     		str	r0, [r7, #4]
  13:../FreeRTOS_EC/Source/CFreeRTOS.cpp **** 	// TODO Auto-generated constructor stub
  14:../FreeRTOS_EC/Source/CFreeRTOS.cpp **** 
  15:../FreeRTOS_EC/Source/CFreeRTOS.cpp **** }
  43              		.loc 1 15 0
  44 0008 7B68     		ldr	r3, [r7, #4]
  45 000a 1846     		mov	r0, r3
  46 000c 07F10C07 		add	r7, r7, #12
  47 0010 BD46     		mov	sp, r7
  48 0012 80BC     		pop	{r7}
  49 0014 7047     		bx	lr
  50              		.cfi_endproc
  51              	.LFE141:
  53 0016 00BF     		.align	2
  54              		.global	_ZN9CFreeRTOSD2Ev
  55              		.thumb
  56              		.thumb_func
  58              	_ZN9CFreeRTOSD2Ev:
  59              	.LFB144:
  16:../FreeRTOS_EC/Source/CFreeRTOS.cpp **** 
  17:../FreeRTOS_EC/Source/CFreeRTOS.cpp **** CFreeRTOS::~CFreeRTOS() {
  60              		.loc 1 17 0
  61              		.cfi_startproc
  62              		@ args = 0, pretend = 0, frame = 8
  63              		@ frame_needed = 1, uses_anonymous_args = 0
  64              		@ link register save eliminated.
  65 0018 80B4     		push	{r7}
  66              	.LCFI3:
  67              		.cfi_def_cfa_offset 4
  68              		.cfi_offset 7, -4
  69 001a 83B0     		sub	sp, sp, #12
  70              	.LCFI4:
  71              		.cfi_def_cfa_offset 16
  72 001c 00AF     		add	r7, sp, #0
  73              	.LCFI5:
  74              		.cfi_def_cfa_register 7
  75 001e 7860     		str	r0, [r7, #4]
  18:../FreeRTOS_EC/Source/CFreeRTOS.cpp **** 	// TODO Auto-generated destructor stub
  19:../FreeRTOS_EC/Source/CFreeRTOS.cpp **** }
  76              		.loc 1 19 0
  77 0020 7B68     		ldr	r3, [r7, #4]
  78 0022 1846     		mov	r0, r3
  79 0024 07F10C07 		add	r7, r7, #12
  80 0028 BD46     		mov	sp, r7
  81 002a 80BC     		pop	{r7}
  82 002c 7047     		bx	lr
  83              		.cfi_endproc
  84              	.LFE144:
  86 002e 00BF     		.align	2
  87              		.global	_ZN9CFreeRTOS27InitHardwareForManagedTasksEv
  88              		.thumb
  89              		.thumb_func
  91              	_ZN9CFreeRTOS27InitHardwareForManagedTasksEv:
  92              	.LFB146:
  20:../FreeRTOS_EC/Source/CFreeRTOS.cpp **** 
  21:../FreeRTOS_EC/Source/CFreeRTOS.cpp **** bool CFreeRTOS::InitHardwareForManagedTasks() {
  93              		.loc 1 21 0
  94              		.cfi_startproc
  95              		@ args = 0, pretend = 0, frame = 0
  96              		@ frame_needed = 1, uses_anonymous_args = 0
  97 0030 80B5     		push	{r7, lr}
  98              	.LCFI6:
  99              		.cfi_def_cfa_offset 8
 100              		.cfi_offset 14, -4
 101              		.cfi_offset 7, -8
 102 0032 00AF     		add	r7, sp, #0
 103              	.LCFI7:
 104              		.cfi_def_cfa_register 7
  22:../FreeRTOS_EC/Source/CFreeRTOS.cpp **** 	return AManagedTask::InitHardwareForManagedTasks();
 105              		.loc 1 22 0
 106 0034 FFF7FEFF 		bl	_ZN12AManagedTask27InitHardwareForManagedTasksEv
 107 0038 0346     		mov	r3, r0
  23:../FreeRTOS_EC/Source/CFreeRTOS.cpp **** }
 108              		.loc 1 23 0
 109 003a 1846     		mov	r0, r3
 110 003c 80BD     		pop	{r7, pc}
 111              		.cfi_endproc
 112              	.LFE146:
 114              		.global	_ZN9CFreeRTOSC1Ev
 115              		.thumb_set _ZN9CFreeRTOSC1Ev,_ZN9CFreeRTOSC2Ev
 116              		.global	_ZN9CFreeRTOSD1Ev
 117              		.thumb_set _ZN9CFreeRTOSD1Ev,_ZN9CFreeRTOSD2Ev
 118              	.Letext0:
 119              		.file 2 "../FreeRTOS_EC/Source/CFreeRTOS.h"
 120              		.file 3 "d:\\elektronik\\ides\\chibistudio\\tools\\gnu tools arm embedded\\4.6 2012q2\\bin\\../lib
 121              		.file 4 "D:\\Elektronik\\Projekte\\thundercyer-the-alarm-clock\\CMSIS\\Include/core_cm4.h"
DEFINED SYMBOLS
                            *ABS*:00000000 CFreeRTOS.cpp
  C:\TEMP\ccUyJ958.s:19     .text:00000000 $t
  C:\TEMP\ccUyJ958.s:24     .text:00000000 _ZN9CFreeRTOSC2Ev
  C:\TEMP\ccUyJ958.s:58     .text:00000018 _ZN9CFreeRTOSD2Ev
  C:\TEMP\ccUyJ958.s:91     .text:00000030 _ZN9CFreeRTOS27InitHardwareForManagedTasksEv
  C:\TEMP\ccUyJ958.s:24     .text:00000000 _ZN9CFreeRTOSC1Ev
  C:\TEMP\ccUyJ958.s:58     .text:00000018 _ZN9CFreeRTOSD1Ev
                     .debug_frame:00000010 $d

UNDEFINED SYMBOLS
_ZN12AManagedTask27InitHardwareForManagedTasksEv
