   1              		.syntax unified
   2              		.cpu cortex-m4
   3              		.eabi_attribute 27, 3
   4              		.fpu fpv4-sp-d16
   5              		.eabi_attribute 20, 1
   6              		.eabi_attribute 21, 1
   7              		.eabi_attribute 23, 3
   8              		.eabi_attribute 24, 1
   9              		.eabi_attribute 25, 1
  10              		.eabi_attribute 26, 1
  11              		.eabi_attribute 30, 6
  12              		.eabi_attribute 18, 4
  13              		.thumb
  14              		.file	"CRecursiveMutex.cpp"
  15              		.text
  16              	.Ltext0:
  17              		.cfi_sections	.debug_frame
  18              		.section	.text._ZNK11ASyncObject7IsValidEv,"axG",%progbits,_ZNK11ASyncObject7IsValidEv,comdat
  19              		.align	2
  20              		.weak	_ZNK11ASyncObject7IsValidEv
  21              		.thumb
  22              		.thumb_func
  24              	_ZNK11ASyncObject7IsValidEv:
  25              	.LFB111:
  26              		.file 1 "../FreeRTOS_EC/Source/ASyncObject.h"
   1:../FreeRTOS_EC/Source/ASyncObject.h **** /**
   2:../FreeRTOS_EC/Source/ASyncObject.h ****  * @file   ASyncObject.h
   3:../FreeRTOS_EC/Source/ASyncObject.h ****  * @class  ASyncObject
   4:../FreeRTOS_EC/Source/ASyncObject.h ****  * @ingroup FreeRTOS_Wrapper
   5:../FreeRTOS_EC/Source/ASyncObject.h ****  *
   6:../FreeRTOS_EC/Source/ASyncObject.h ****  * Abstract base class for all task synchronization object.
   7:../FreeRTOS_EC/Source/ASyncObject.h ****  *
   8:../FreeRTOS_EC/Source/ASyncObject.h ****  * @date   Jul 13, 2010
   9:../FreeRTOS_EC/Source/ASyncObject.h ****  * @author Stefano Oliveri (STF12.net)
  10:../FreeRTOS_EC/Source/ASyncObject.h ****  *         E-Mail: software@stf12.net
  11:../FreeRTOS_EC/Source/ASyncObject.h ****  */
  12:../FreeRTOS_EC/Source/ASyncObject.h **** 
  13:../FreeRTOS_EC/Source/ASyncObject.h **** #ifndef ASEMAPHORE_H_
  14:../FreeRTOS_EC/Source/ASyncObject.h **** #define ASEMAPHORE_H_
  15:../FreeRTOS_EC/Source/ASyncObject.h **** 
  16:../FreeRTOS_EC/Source/ASyncObject.h **** #include "FreeRTOS.h"
  17:../FreeRTOS_EC/Source/ASyncObject.h **** #include "semphr.h"
  18:../FreeRTOS_EC/Source/ASyncObject.h **** #include "IFreeRTOSProtocol.h"
  19:../FreeRTOS_EC/Source/ASyncObject.h **** 
  20:../FreeRTOS_EC/Source/ASyncObject.h **** class ASyncObject: public IFreeRTOSObj {
  21:../FreeRTOS_EC/Source/ASyncObject.h **** protected:
  22:../FreeRTOS_EC/Source/ASyncObject.h ****     xSemaphoreHandle m_handleSemaphore;
  23:../FreeRTOS_EC/Source/ASyncObject.h **** 
  24:../FreeRTOS_EC/Source/ASyncObject.h **** public:
  25:../FreeRTOS_EC/Source/ASyncObject.h **** 	ASyncObject();
  26:../FreeRTOS_EC/Source/ASyncObject.h **** 	virtual ~ASyncObject();
  27:../FreeRTOS_EC/Source/ASyncObject.h **** 
  28:../FreeRTOS_EC/Source/ASyncObject.h **** 	inline operator xSemaphoreHandle() const { return m_handleSemaphore; }
  29:../FreeRTOS_EC/Source/ASyncObject.h **** 
  30:../FreeRTOS_EC/Source/ASyncObject.h **** 	void Delete();
  31:../FreeRTOS_EC/Source/ASyncObject.h **** 	inline bool IsValid()const;
  32:../FreeRTOS_EC/Source/ASyncObject.h **** 	void Attach(xGenericHandle handle);
  33:../FreeRTOS_EC/Source/ASyncObject.h **** 	inline xGenericHandle Detach();
  34:../FreeRTOS_EC/Source/ASyncObject.h **** 
  35:../FreeRTOS_EC/Source/ASyncObject.h **** 	virtual portBASE_TYPE Take(portTickType xBlockTime) =0;
  36:../FreeRTOS_EC/Source/ASyncObject.h **** 	virtual portBASE_TYPE Give() =0;
  37:../FreeRTOS_EC/Source/ASyncObject.h **** };
  38:../FreeRTOS_EC/Source/ASyncObject.h **** 
  39:../FreeRTOS_EC/Source/ASyncObject.h **** // inline method
  40:../FreeRTOS_EC/Source/ASyncObject.h **** 
  41:../FreeRTOS_EC/Source/ASyncObject.h **** inline
  42:../FreeRTOS_EC/Source/ASyncObject.h **** bool ASyncObject::IsValid() const {
  27              		.loc 1 42 0
  28              		.cfi_startproc
  29              		@ args = 0, pretend = 0, frame = 8
  30              		@ frame_needed = 1, uses_anonymous_args = 0
  31              		@ link register save eliminated.
  32 0000 80B4     		push	{r7}
  33              	.LCFI0:
  34              		.cfi_def_cfa_offset 4
  35              		.cfi_offset 7, -4
  36 0002 83B0     		sub	sp, sp, #12
  37              	.LCFI1:
  38              		.cfi_def_cfa_offset 16
  39 0004 00AF     		add	r7, sp, #0
  40              	.LCFI2:
  41              		.cfi_def_cfa_register 7
  42 0006 7860     		str	r0, [r7, #4]
  43:../FreeRTOS_EC/Source/ASyncObject.h **** 	return m_handleSemaphore != NULL;
  43              		.loc 1 43 0
  44 0008 7B68     		ldr	r3, [r7, #4]
  45 000a 5B68     		ldr	r3, [r3, #4]
  46 000c 002B     		cmp	r3, #0
  47 000e 0CBF     		ite	eq
  48 0010 0023     		moveq	r3, #0
  49 0012 0123     		movne	r3, #1
  50 0014 DBB2     		uxtb	r3, r3
  44:../FreeRTOS_EC/Source/ASyncObject.h **** }
  51              		.loc 1 44 0
  52 0016 1846     		mov	r0, r3
  53 0018 07F10C07 		add	r7, r7, #12
  54 001c BD46     		mov	sp, r7
  55 001e 80BC     		pop	{r7}
  56 0020 7047     		bx	lr
  57              		.cfi_endproc
  58              	.LFE111:
  60 0022 00BF     		.section	.text._ZN11ASyncObject6DetachEv,"axG",%progbits,_ZN11ASyncObject6DetachEv,comdat
  61              		.align	2
  62              		.weak	_ZN11ASyncObject6DetachEv
  63              		.thumb
  64              		.thumb_func
  66              	_ZN11ASyncObject6DetachEv:
  67              	.LFB112:
  45:../FreeRTOS_EC/Source/ASyncObject.h **** 
  46:../FreeRTOS_EC/Source/ASyncObject.h **** inline
  47:../FreeRTOS_EC/Source/ASyncObject.h **** xGenericHandle ASyncObject::Detach() {
  68              		.loc 1 47 0
  69              		.cfi_startproc
  70              		@ args = 0, pretend = 0, frame = 16
  71              		@ frame_needed = 1, uses_anonymous_args = 0
  72              		@ link register save eliminated.
  73 0000 80B4     		push	{r7}
  74              	.LCFI3:
  75              		.cfi_def_cfa_offset 4
  76              		.cfi_offset 7, -4
  77 0002 85B0     		sub	sp, sp, #20
  78              	.LCFI4:
  79              		.cfi_def_cfa_offset 24
  80 0004 00AF     		add	r7, sp, #0
  81              	.LCFI5:
  82              		.cfi_def_cfa_register 7
  83 0006 7860     		str	r0, [r7, #4]
  84              	.LBB2:
  48:../FreeRTOS_EC/Source/ASyncObject.h **** 	xSemaphoreHandle res = m_handleSemaphore;
  85              		.loc 1 48 0
  86 0008 7B68     		ldr	r3, [r7, #4]
  87 000a 5B68     		ldr	r3, [r3, #4]
  88 000c FB60     		str	r3, [r7, #12]
  49:../FreeRTOS_EC/Source/ASyncObject.h **** 	m_handleSemaphore = NULL;
  89              		.loc 1 49 0
  90 000e 7B68     		ldr	r3, [r7, #4]
  91 0010 4FF00002 		mov	r2, #0
  92 0014 5A60     		str	r2, [r3, #4]
  50:../FreeRTOS_EC/Source/ASyncObject.h **** 	return res;
  93              		.loc 1 50 0
  94 0016 FB68     		ldr	r3, [r7, #12]
  95              	.LBE2:
  51:../FreeRTOS_EC/Source/ASyncObject.h **** }
  96              		.loc 1 51 0
  97 0018 1846     		mov	r0, r3
  98 001a 07F11407 		add	r7, r7, #20
  99 001e BD46     		mov	sp, r7
 100 0020 80BC     		pop	{r7}
 101 0022 7047     		bx	lr
 102              		.cfi_endproc
 103              	.LFE112:
 105              		.section	.text._ZN15CRecursiveMutex4TakeEm,"axG",%progbits,_ZN15CRecursiveMutex4TakeEm,comdat
 106              		.align	2
 107              		.weak	_ZN15CRecursiveMutex4TakeEm
 108              		.thumb
 109              		.thumb_func
 111              	_ZN15CRecursiveMutex4TakeEm:
 112              	.LFB113:
 113              		.file 2 "../FreeRTOS_EC/Source/CRecursiveMutex.h"
   1:../FreeRTOS_EC/Source/CRecursiveMutex.h **** /**
   2:../FreeRTOS_EC/Source/CRecursiveMutex.h ****  * @file CRecursiveMutex.h
   3:../FreeRTOS_EC/Source/CRecursiveMutex.h ****  * @class CRecursiveMutex
   4:../FreeRTOS_EC/Source/CRecursiveMutex.h ****  * @ingroup FreeRTOS_Wrapper
   5:../FreeRTOS_EC/Source/CRecursiveMutex.h ****  *
   6:../FreeRTOS_EC/Source/CRecursiveMutex.h ****  * The CRecursiveMutex class wraps a native FreeRTOS recursive mutex handle (xSemaphoreHandle).
   7:../FreeRTOS_EC/Source/CRecursiveMutex.h ****  * To create a recursive mutex instance an object of this class and then call its CRecursiveMutex::
   8:../FreeRTOS_EC/Source/CRecursiveMutex.h ****  * like showed in the following sample:
   9:../FreeRTOS_EC/Source/CRecursiveMutex.h ****  * \code
  10:../FreeRTOS_EC/Source/CRecursiveMutex.h ****  * CRecursiveMutex g_aRecursiveMutex // global mutex declaration.
  11:../FreeRTOS_EC/Source/CRecursiveMutex.h ****  *
  12:../FreeRTOS_EC/Source/CRecursiveMutex.h ****  * void taskControlFunc(void *pParams)
  13:../FreeRTOS_EC/Source/CRecursiveMutex.h ****  * {
  14:../FreeRTOS_EC/Source/CRecursiveMutex.h ****  * 	g_aRecursiveMutex.Create();
  15:../FreeRTOS_EC/Source/CRecursiveMutex.h ****  *
  16:../FreeRTOS_EC/Source/CRecursiveMutex.h ****  * 	for (;;) {
  17:../FreeRTOS_EC/Source/CRecursiveMutex.h ****  * 		while (g_aRecursiveMutex.Take(portMAX_DELAY) != pdTRUE) {
  18:../FreeRTOS_EC/Source/CRecursiveMutex.h ****  * 		// do something
  19:../FreeRTOS_EC/Source/CRecursiveMutex.h ****  * 		}
  20:../FreeRTOS_EC/Source/CRecursiveMutex.h ****  * }
  21:../FreeRTOS_EC/Source/CRecursiveMutex.h ****  * \endcode
  22:../FreeRTOS_EC/Source/CRecursiveMutex.h ****  *
  23:../FreeRTOS_EC/Source/CRecursiveMutex.h ****  * \sa <a href="http://www.freertos.org/Inter-Task-Communication.html#Recursive">recursive mutex do
  24:../FreeRTOS_EC/Source/CRecursiveMutex.h ****  *
  25:../FreeRTOS_EC/Source/CRecursiveMutex.h ****  * @date Jul 14, 2010
  26:../FreeRTOS_EC/Source/CRecursiveMutex.h ****  * @author Stefano Oliveri (STF12.net)
  27:../FreeRTOS_EC/Source/CRecursiveMutex.h ****  *         E-Mail: software@stf12.net
  28:../FreeRTOS_EC/Source/CRecursiveMutex.h ****  */
  29:../FreeRTOS_EC/Source/CRecursiveMutex.h **** 
  30:../FreeRTOS_EC/Source/CRecursiveMutex.h **** 
  31:../FreeRTOS_EC/Source/CRecursiveMutex.h **** #ifndef CRECURSIVEMUTEX_H_
  32:../FreeRTOS_EC/Source/CRecursiveMutex.h **** #define CRECURSIVEMUTEX_H_
  33:../FreeRTOS_EC/Source/CRecursiveMutex.h **** 
  34:../FreeRTOS_EC/Source/CRecursiveMutex.h **** #include <assert.h>
  35:../FreeRTOS_EC/Source/CRecursiveMutex.h **** #include "ASyncObject.h"
  36:../FreeRTOS_EC/Source/CRecursiveMutex.h **** 
  37:../FreeRTOS_EC/Source/CRecursiveMutex.h **** class CRecursiveMutex: public ASyncObject {
  38:../FreeRTOS_EC/Source/CRecursiveMutex.h **** public:
  39:../FreeRTOS_EC/Source/CRecursiveMutex.h **** 	/**
  40:../FreeRTOS_EC/Source/CRecursiveMutex.h **** 	 * Default constructor. It initializes the object without attaching it to a native FreeRTOS handle
  41:../FreeRTOS_EC/Source/CRecursiveMutex.h **** 	 * Call the Create method to allocate a mutex handle and attach it to the object.
  42:../FreeRTOS_EC/Source/CRecursiveMutex.h **** 	 */
  43:../FreeRTOS_EC/Source/CRecursiveMutex.h **** 	CRecursiveMutex();
  44:../FreeRTOS_EC/Source/CRecursiveMutex.h **** 
  45:../FreeRTOS_EC/Source/CRecursiveMutex.h **** 	/**
  46:../FreeRTOS_EC/Source/CRecursiveMutex.h **** 	 * Create a recursive mutex instance and attach it to a valid handle.
  47:../FreeRTOS_EC/Source/CRecursiveMutex.h **** 	 * @param handleSemaphore a valid mutex handle.
  48:../FreeRTOS_EC/Source/CRecursiveMutex.h **** 	 */
  49:../FreeRTOS_EC/Source/CRecursiveMutex.h **** 	CRecursiveMutex(xSemaphoreHandle handleSemaphore);
  50:../FreeRTOS_EC/Source/CRecursiveMutex.h **** 
  51:../FreeRTOS_EC/Source/CRecursiveMutex.h **** 	/**
  52:../FreeRTOS_EC/Source/CRecursiveMutex.h **** 	 * Delete the native FreeRTOS recursive mutex.
  53:../FreeRTOS_EC/Source/CRecursiveMutex.h **** 	 */
  54:../FreeRTOS_EC/Source/CRecursiveMutex.h **** 	virtual ~CRecursiveMutex();
  55:../FreeRTOS_EC/Source/CRecursiveMutex.h **** 
  56:../FreeRTOS_EC/Source/CRecursiveMutex.h **** 	/**
  57:../FreeRTOS_EC/Source/CRecursiveMutex.h **** 	 *
  58:../FreeRTOS_EC/Source/CRecursiveMutex.h **** 	 * @return true if the mutex was created with success, false otherwise.
  59:../FreeRTOS_EC/Source/CRecursiveMutex.h **** 	 * \sa <a href="http://www.freertos.org/xSemaphoreCreateRecursiveMutex.html">xSemaphoreCreateRecur
  60:../FreeRTOS_EC/Source/CRecursiveMutex.h **** 	 */
  61:../FreeRTOS_EC/Source/CRecursiveMutex.h **** 	bool Create();
  62:../FreeRTOS_EC/Source/CRecursiveMutex.h **** 
  63:../FreeRTOS_EC/Source/CRecursiveMutex.h **** 	/**
  64:../FreeRTOS_EC/Source/CRecursiveMutex.h **** 	 * \sa <a href="http://www.freertos.org/xSemaphoreTakeRecursive.html">xSemaphoreTakeRecursive</a> 
  65:../FreeRTOS_EC/Source/CRecursiveMutex.h **** 	 */
  66:../FreeRTOS_EC/Source/CRecursiveMutex.h **** 	inline portBASE_TYPE Take(portTickType xBlockTime);
  67:../FreeRTOS_EC/Source/CRecursiveMutex.h **** 
  68:../FreeRTOS_EC/Source/CRecursiveMutex.h **** 	/**
  69:../FreeRTOS_EC/Source/CRecursiveMutex.h **** 	 * \sa <a href="http://www.freertos.org/xSemaphoreGiveRecursive.html">xSemaphoreGiveRecursive</a> 
  70:../FreeRTOS_EC/Source/CRecursiveMutex.h **** 	 */
  71:../FreeRTOS_EC/Source/CRecursiveMutex.h **** 	inline portBASE_TYPE Give();
  72:../FreeRTOS_EC/Source/CRecursiveMutex.h **** };
  73:../FreeRTOS_EC/Source/CRecursiveMutex.h **** 
  74:../FreeRTOS_EC/Source/CRecursiveMutex.h **** 
  75:../FreeRTOS_EC/Source/CRecursiveMutex.h **** // inline methods implementation
  76:../FreeRTOS_EC/Source/CRecursiveMutex.h **** 
  77:../FreeRTOS_EC/Source/CRecursiveMutex.h **** inline
  78:../FreeRTOS_EC/Source/CRecursiveMutex.h **** portBASE_TYPE CRecursiveMutex::Take(portTickType xBlockTime) {
 114              		.loc 2 78 0
 115              		.cfi_startproc
 116              		@ args = 0, pretend = 0, frame = 8
 117              		@ frame_needed = 1, uses_anonymous_args = 0
 118              		@ link register save eliminated.
 119 0000 80B4     		push	{r7}
 120              	.LCFI6:
 121              		.cfi_def_cfa_offset 4
 122              		.cfi_offset 7, -4
 123 0002 83B0     		sub	sp, sp, #12
 124              	.LCFI7:
 125              		.cfi_def_cfa_offset 16
 126 0004 00AF     		add	r7, sp, #0
 127              	.LCFI8:
 128              		.cfi_def_cfa_register 7
 129 0006 7860     		str	r0, [r7, #4]
 130 0008 3960     		str	r1, [r7, #0]
  79:../FreeRTOS_EC/Source/CRecursiveMutex.h **** #if (configUSE_RECURSIVE_MUTEXES == 1)
  80:../FreeRTOS_EC/Source/CRecursiveMutex.h **** 	assert(IsValid());
  81:../FreeRTOS_EC/Source/CRecursiveMutex.h **** 
  82:../FreeRTOS_EC/Source/CRecursiveMutex.h **** 	return xSemaphoreTakeRecursive(m_handleSemaphore, xBlockTime);
  83:../FreeRTOS_EC/Source/CRecursiveMutex.h **** #else
  84:../FreeRTOS_EC/Source/CRecursiveMutex.h **** 	return  pdFALSE;
 131              		.loc 2 84 0
 132 000a 4FF00003 		mov	r3, #0
  85:../FreeRTOS_EC/Source/CRecursiveMutex.h **** #endif
  86:../FreeRTOS_EC/Source/CRecursiveMutex.h **** }
 133              		.loc 2 86 0
 134 000e 1846     		mov	r0, r3
 135 0010 07F10C07 		add	r7, r7, #12
 136 0014 BD46     		mov	sp, r7
 137 0016 80BC     		pop	{r7}
 138 0018 7047     		bx	lr
 139              		.cfi_endproc
 140              	.LFE113:
 142 001a 00BF     		.section	.text._ZN15CRecursiveMutex4GiveEv,"axG",%progbits,_ZN15CRecursiveMutex4GiveEv,comdat
 143              		.align	2
 144              		.weak	_ZN15CRecursiveMutex4GiveEv
 145              		.thumb
 146              		.thumb_func
 148              	_ZN15CRecursiveMutex4GiveEv:
 149              	.LFB114:
  87:../FreeRTOS_EC/Source/CRecursiveMutex.h **** 
  88:../FreeRTOS_EC/Source/CRecursiveMutex.h **** inline
  89:../FreeRTOS_EC/Source/CRecursiveMutex.h **** portBASE_TYPE CRecursiveMutex::Give() {
 150              		.loc 2 89 0
 151              		.cfi_startproc
 152              		@ args = 0, pretend = 0, frame = 8
 153              		@ frame_needed = 1, uses_anonymous_args = 0
 154              		@ link register save eliminated.
 155 0000 80B4     		push	{r7}
 156              	.LCFI9:
 157              		.cfi_def_cfa_offset 4
 158              		.cfi_offset 7, -4
 159 0002 83B0     		sub	sp, sp, #12
 160              	.LCFI10:
 161              		.cfi_def_cfa_offset 16
 162 0004 00AF     		add	r7, sp, #0
 163              	.LCFI11:
 164              		.cfi_def_cfa_register 7
 165 0006 7860     		str	r0, [r7, #4]
  90:../FreeRTOS_EC/Source/CRecursiveMutex.h **** #if (configUSE_RECURSIVE_MUTEXES == 1)
  91:../FreeRTOS_EC/Source/CRecursiveMutex.h **** 	assert(IsValid());
  92:../FreeRTOS_EC/Source/CRecursiveMutex.h **** 
  93:../FreeRTOS_EC/Source/CRecursiveMutex.h **** 	return xSemaphoreGiveRecursive(m_handleSemaphore);
  94:../FreeRTOS_EC/Source/CRecursiveMutex.h **** #else
  95:../FreeRTOS_EC/Source/CRecursiveMutex.h **** 	return  pdFALSE;
 166              		.loc 2 95 0
 167 0008 4FF00003 		mov	r3, #0
  96:../FreeRTOS_EC/Source/CRecursiveMutex.h **** #endif
  97:../FreeRTOS_EC/Source/CRecursiveMutex.h **** }
 168              		.loc 2 97 0
 169 000c 1846     		mov	r0, r3
 170 000e 07F10C07 		add	r7, r7, #12
 171 0012 BD46     		mov	sp, r7
 172 0014 80BC     		pop	{r7}
 173 0016 7047     		bx	lr
 174              		.cfi_endproc
 175              	.LFE114:
 177              		.text
 178              		.align	2
 179              		.global	_ZN15CRecursiveMutexC2Ev
 180              		.thumb
 181              		.thumb_func
 183              	_ZN15CRecursiveMutexC2Ev:
 184              	.LFB116:
 185              		.file 3 "../FreeRTOS_EC/Source/CRecursiveMutex.cpp"
   1:../FreeRTOS_EC/Source/CRecursiveMutex.cpp **** /**
   2:../FreeRTOS_EC/Source/CRecursiveMutex.cpp ****  * CRecursiveMutex.cpp
   3:../FreeRTOS_EC/Source/CRecursiveMutex.cpp ****  *
   4:../FreeRTOS_EC/Source/CRecursiveMutex.cpp ****  *  Created on: Jul 14, 2010
   5:../FreeRTOS_EC/Source/CRecursiveMutex.cpp ****  *      Author: Stefano Oliveri (STF12.net)
   6:../FreeRTOS_EC/Source/CRecursiveMutex.cpp ****  *      E-Mail: software@stf12.net
   7:../FreeRTOS_EC/Source/CRecursiveMutex.cpp ****  */
   8:../FreeRTOS_EC/Source/CRecursiveMutex.cpp **** 
   9:../FreeRTOS_EC/Source/CRecursiveMutex.cpp **** #include "CRecursiveMutex.h"
  10:../FreeRTOS_EC/Source/CRecursiveMutex.cpp **** 
  11:../FreeRTOS_EC/Source/CRecursiveMutex.cpp **** CRecursiveMutex::CRecursiveMutex() {
 186              		.loc 3 11 0
 187              		.cfi_startproc
 188              		@ args = 0, pretend = 0, frame = 8
 189              		@ frame_needed = 1, uses_anonymous_args = 0
 190 0000 80B5     		push	{r7, lr}
 191              	.LCFI12:
 192              		.cfi_def_cfa_offset 8
 193              		.cfi_offset 14, -4
 194              		.cfi_offset 7, -8
 195 0002 82B0     		sub	sp, sp, #8
 196              	.LCFI13:
 197              		.cfi_def_cfa_offset 16
 198 0004 00AF     		add	r7, sp, #0
 199              	.LCFI14:
 200              		.cfi_def_cfa_register 7
 201 0006 7860     		str	r0, [r7, #4]
 202              	.LBB3:
 203              		.loc 3 11 0
 204 0008 7B68     		ldr	r3, [r7, #4]
 205 000a 1846     		mov	r0, r3
 206 000c FFF7FEFF 		bl	_ZN11ASyncObjectC2Ev
 207 0010 7B68     		ldr	r3, [r7, #4]
 208 0012 044A     		ldr	r2, .L7
 209 0014 1A60     		str	r2, [r3, #0]
 210              	.LBE3:
  12:../FreeRTOS_EC/Source/CRecursiveMutex.cpp **** 	// TODO Auto-generated constructor stub
  13:../FreeRTOS_EC/Source/CRecursiveMutex.cpp **** 
  14:../FreeRTOS_EC/Source/CRecursiveMutex.cpp **** }
 211              		.loc 3 14 0
 212 0016 7B68     		ldr	r3, [r7, #4]
 213 0018 1846     		mov	r0, r3
 214 001a 07F10807 		add	r7, r7, #8
 215 001e BD46     		mov	sp, r7
 216 0020 80BD     		pop	{r7, pc}
 217              	.L8:
 218 0022 00BF     		.align	2
 219              	.L7:
 220 0024 08000000 		.word	_ZTV15CRecursiveMutex+8
 221              		.cfi_endproc
 222              	.LFE116:
 224              		.align	2
 225              		.global	_ZN15CRecursiveMutexC2EPv
 226              		.thumb
 227              		.thumb_func
 229              	_ZN15CRecursiveMutexC2EPv:
 230              	.LFB119:
  15:../FreeRTOS_EC/Source/CRecursiveMutex.cpp **** 
  16:../FreeRTOS_EC/Source/CRecursiveMutex.cpp **** CRecursiveMutex::CRecursiveMutex(xSemaphoreHandle handleSemaphore) {
 231              		.loc 3 16 0
 232              		.cfi_startproc
 233              		@ args = 0, pretend = 0, frame = 8
 234              		@ frame_needed = 1, uses_anonymous_args = 0
 235 0028 80B5     		push	{r7, lr}
 236              	.LCFI15:
 237              		.cfi_def_cfa_offset 8
 238              		.cfi_offset 14, -4
 239              		.cfi_offset 7, -8
 240 002a 82B0     		sub	sp, sp, #8
 241              	.LCFI16:
 242              		.cfi_def_cfa_offset 16
 243 002c 00AF     		add	r7, sp, #0
 244              	.LCFI17:
 245              		.cfi_def_cfa_register 7
 246 002e 7860     		str	r0, [r7, #4]
 247 0030 3960     		str	r1, [r7, #0]
 248              	.LBB4:
 249              		.loc 3 16 0
 250 0032 7B68     		ldr	r3, [r7, #4]
 251 0034 1846     		mov	r0, r3
 252 0036 FFF7FEFF 		bl	_ZN11ASyncObjectC2Ev
 253 003a 7B68     		ldr	r3, [r7, #4]
 254 003c 064A     		ldr	r2, .L11
 255 003e 1A60     		str	r2, [r3, #0]
  17:../FreeRTOS_EC/Source/CRecursiveMutex.cpp **** 	Attach(handleSemaphore);
 256              		.loc 3 17 0
 257 0040 7B68     		ldr	r3, [r7, #4]
 258 0042 1846     		mov	r0, r3
 259 0044 3968     		ldr	r1, [r7, #0]
 260 0046 FFF7FEFF 		bl	_ZN11ASyncObject6AttachEPv
 261              	.LBE4:
  18:../FreeRTOS_EC/Source/CRecursiveMutex.cpp **** }
 262              		.loc 3 18 0
 263 004a 7B68     		ldr	r3, [r7, #4]
 264 004c 1846     		mov	r0, r3
 265 004e 07F10807 		add	r7, r7, #8
 266 0052 BD46     		mov	sp, r7
 267 0054 80BD     		pop	{r7, pc}
 268              	.L12:
 269 0056 00BF     		.align	2
 270              	.L11:
 271 0058 08000000 		.word	_ZTV15CRecursiveMutex+8
 272              		.cfi_endproc
 273              	.LFE119:
 275              		.align	2
 276              		.global	_ZN15CRecursiveMutexD2Ev
 277              		.thumb
 278              		.thumb_func
 280              	_ZN15CRecursiveMutexD2Ev:
 281              	.LFB122:
  19:../FreeRTOS_EC/Source/CRecursiveMutex.cpp **** 
  20:../FreeRTOS_EC/Source/CRecursiveMutex.cpp **** CRecursiveMutex::~CRecursiveMutex() {
 282              		.loc 3 20 0
 283              		.cfi_startproc
 284              		@ args = 0, pretend = 0, frame = 8
 285              		@ frame_needed = 1, uses_anonymous_args = 0
 286 005c 80B5     		push	{r7, lr}
 287              	.LCFI18:
 288              		.cfi_def_cfa_offset 8
 289              		.cfi_offset 14, -4
 290              		.cfi_offset 7, -8
 291 005e 82B0     		sub	sp, sp, #8
 292              	.LCFI19:
 293              		.cfi_def_cfa_offset 16
 294 0060 00AF     		add	r7, sp, #0
 295              	.LCFI20:
 296              		.cfi_def_cfa_register 7
 297 0062 7860     		str	r0, [r7, #4]
 298              	.LBB5:
 299              		.loc 3 20 0
 300 0064 7B68     		ldr	r3, [r7, #4]
 301 0066 0A4A     		ldr	r2, .L16
 302 0068 1A60     		str	r2, [r3, #0]
  21:../FreeRTOS_EC/Source/CRecursiveMutex.cpp **** 	// TODO Auto-generated destructor stub
  22:../FreeRTOS_EC/Source/CRecursiveMutex.cpp **** }
 303              		.loc 3 22 0
 304 006a 7868     		ldr	r0, [r7, #4]
 305 006c FFF7FEFF 		bl	_ZN11ASyncObjectD2Ev
 306              	.LBE5:
 307 0070 4FF00003 		mov	r3, #0
 308 0074 03F00103 		and	r3, r3, #1
 309 0078 DBB2     		uxtb	r3, r3
 310 007a 002B     		cmp	r3, #0
 311 007c 02D0     		beq	.L15
 312              		.loc 3 22 0 is_stmt 0 discriminator 2
 313 007e 7868     		ldr	r0, [r7, #4]
 314 0080 FFF7FEFF 		bl	_ZdlPv
 315              	.L15:
 316              		.loc 3 22 0 discriminator 3
 317 0084 7B68     		ldr	r3, [r7, #4]
 318 0086 1846     		mov	r0, r3
 319 0088 07F10807 		add	r7, r7, #8
 320 008c BD46     		mov	sp, r7
 321 008e 80BD     		pop	{r7, pc}
 322              	.L17:
 323              		.align	2
 324              	.L16:
 325 0090 08000000 		.word	_ZTV15CRecursiveMutex+8
 326              		.cfi_endproc
 327              	.LFE122:
 329              		.align	2
 330              		.global	_ZN15CRecursiveMutexD0Ev
 331              		.thumb
 332              		.thumb_func
 334              	_ZN15CRecursiveMutexD0Ev:
 335              	.LFB124:
  20:../FreeRTOS_EC/Source/CRecursiveMutex.cpp **** CRecursiveMutex::~CRecursiveMutex() {
 336              		.loc 3 20 0 is_stmt 1
 337              		.cfi_startproc
 338              		@ args = 0, pretend = 0, frame = 8
 339              		@ frame_needed = 1, uses_anonymous_args = 0
 340 0094 80B5     		push	{r7, lr}
 341              	.LCFI21:
 342              		.cfi_def_cfa_offset 8
 343              		.cfi_offset 14, -4
 344              		.cfi_offset 7, -8
 345 0096 82B0     		sub	sp, sp, #8
 346              	.LCFI22:
 347              		.cfi_def_cfa_offset 16
 348 0098 00AF     		add	r7, sp, #0
 349              	.LCFI23:
 350              		.cfi_def_cfa_register 7
 351 009a 7860     		str	r0, [r7, #4]
 352              		.loc 3 22 0
 353 009c 7868     		ldr	r0, [r7, #4]
 354 009e FFF7FEFF 		bl	_ZN15CRecursiveMutexD1Ev
 355 00a2 7868     		ldr	r0, [r7, #4]
 356 00a4 FFF7FEFF 		bl	_ZdlPv
 357 00a8 7B68     		ldr	r3, [r7, #4]
 358 00aa 1846     		mov	r0, r3
 359 00ac 07F10807 		add	r7, r7, #8
 360 00b0 BD46     		mov	sp, r7
 361 00b2 80BD     		pop	{r7, pc}
 362              		.cfi_endproc
 363              	.LFE124:
 365              		.align	2
 366              		.global	_ZN15CRecursiveMutex6CreateEv
 367              		.thumb
 368              		.thumb_func
 370              	_ZN15CRecursiveMutex6CreateEv:
 371              	.LFB125:
  23:../FreeRTOS_EC/Source/CRecursiveMutex.cpp **** 
  24:../FreeRTOS_EC/Source/CRecursiveMutex.cpp **** bool CRecursiveMutex::Create() {
 372              		.loc 3 24 0
 373              		.cfi_startproc
 374              		@ args = 0, pretend = 0, frame = 8
 375              		@ frame_needed = 1, uses_anonymous_args = 0
 376 00b4 80B5     		push	{r7, lr}
 377              	.LCFI24:
 378              		.cfi_def_cfa_offset 8
 379              		.cfi_offset 14, -4
 380              		.cfi_offset 7, -8
 381 00b6 82B0     		sub	sp, sp, #8
 382              	.LCFI25:
 383              		.cfi_def_cfa_offset 16
 384 00b8 00AF     		add	r7, sp, #0
 385              	.LCFI26:
 386              		.cfi_def_cfa_register 7
 387 00ba 7860     		str	r0, [r7, #4]
  25:../FreeRTOS_EC/Source/CRecursiveMutex.cpp **** #if (configUSE_RECURSIVE_MUTEXES == 1 && configUSE_MUTEXES ==1)
  26:../FreeRTOS_EC/Source/CRecursiveMutex.cpp **** 	xSemaphoreHandle handle = xSemaphoreCreateRecursiveMutex();
  27:../FreeRTOS_EC/Source/CRecursiveMutex.cpp **** 	if (handle != NULL)
  28:../FreeRTOS_EC/Source/CRecursiveMutex.cpp **** 		Attach(handle);
  29:../FreeRTOS_EC/Source/CRecursiveMutex.cpp **** #endif
  30:../FreeRTOS_EC/Source/CRecursiveMutex.cpp **** 
  31:../FreeRTOS_EC/Source/CRecursiveMutex.cpp **** 	return IsValid();
 388              		.loc 3 31 0
 389 00bc 7B68     		ldr	r3, [r7, #4]
 390 00be 1B68     		ldr	r3, [r3, #0]
 391 00c0 1B68     		ldr	r3, [r3, #0]
 392 00c2 7A68     		ldr	r2, [r7, #4]
 393 00c4 1046     		mov	r0, r2
 394 00c6 9847     		blx	r3
 395 00c8 0346     		mov	r3, r0
  32:../FreeRTOS_EC/Source/CRecursiveMutex.cpp **** }
 396              		.loc 3 32 0
 397 00ca 1846     		mov	r0, r3
 398 00cc 07F10807 		add	r7, r7, #8
 399 00d0 BD46     		mov	sp, r7
 400 00d2 80BD     		pop	{r7, pc}
 401              		.cfi_endproc
 402              	.LFE125:
 404              		.global	_ZTV15CRecursiveMutex
 405              		.section	.rodata._ZTV15CRecursiveMutex,"a",%progbits
 406              		.align	3
 409              	_ZTV15CRecursiveMutex:
 410 0000 00000000 		.word	0
 411 0004 00000000 		.word	0
 412 0008 00000000 		.word	_ZNK11ASyncObject7IsValidEv
 413 000c 00000000 		.word	_ZN11ASyncObject6AttachEPv
 414 0010 00000000 		.word	_ZN11ASyncObject6DetachEv
 415 0014 00000000 		.word	_ZN15CRecursiveMutexD1Ev
 416 0018 00000000 		.word	_ZN15CRecursiveMutexD0Ev
 417 001c 00000000 		.word	_ZN15CRecursiveMutex4TakeEm
 418 0020 00000000 		.word	_ZN15CRecursiveMutex4GiveEv
 419              		.global	_ZN15CRecursiveMutexC1Ev
 420              		.thumb_set _ZN15CRecursiveMutexC1Ev,_ZN15CRecursiveMutexC2Ev
 421              		.global	_ZN15CRecursiveMutexC1EPv
 422              		.thumb_set _ZN15CRecursiveMutexC1EPv,_ZN15CRecursiveMutexC2EPv
 423              		.global	_ZN15CRecursiveMutexD1Ev
 424              		.thumb_set _ZN15CRecursiveMutexD1Ev,_ZN15CRecursiveMutexD2Ev
 425 0024 00000000 		.text
 426              	.Letext0:
 427              		.file 4 "d:/elektronik/ides/eclipse/yagarto/lib/gcc/../../arm-none-eabi/sys-include/stdint.h"
 428              		.file 5 "C:\\Dokumente und Einstellungen\\brand\\Desktop\\thundercyer-the-alarm-clock\\FreeRTOS\\S
 429              		.file 6 "C:\\Dokumente und Einstellungen\\brand\\Desktop\\thundercyer-the-alarm-clock\\FreeRTOS\\S
 430              		.file 7 "C:\\Dokumente und Einstellungen\\brand\\Desktop\\thundercyer-the-alarm-clock\\FreeRTOS\\S
 431              		.file 8 "../FreeRTOS_EC/Source/IFreeRTOSProtocol.h"
 432              		.file 9 "C:\\Dokumente und Einstellungen\\brand\\Desktop\\thundercyer-the-alarm-clock\\CMSIS\\Incl
DEFINED SYMBOLS
                            *ABS*:00000000 CRecursiveMutex.cpp
  C:\Temp\cc81eBhf.s:19     .text._ZNK11ASyncObject7IsValidEv:00000000 $t
  C:\Temp\cc81eBhf.s:24     .text._ZNK11ASyncObject7IsValidEv:00000000 _ZNK11ASyncObject7IsValidEv
  C:\Temp\cc81eBhf.s:61     .text._ZN11ASyncObject6DetachEv:00000000 $t
  C:\Temp\cc81eBhf.s:66     .text._ZN11ASyncObject6DetachEv:00000000 _ZN11ASyncObject6DetachEv
  C:\Temp\cc81eBhf.s:106    .text._ZN15CRecursiveMutex4TakeEm:00000000 $t
  C:\Temp\cc81eBhf.s:111    .text._ZN15CRecursiveMutex4TakeEm:00000000 _ZN15CRecursiveMutex4TakeEm
  C:\Temp\cc81eBhf.s:143    .text._ZN15CRecursiveMutex4GiveEv:00000000 $t
  C:\Temp\cc81eBhf.s:148    .text._ZN15CRecursiveMutex4GiveEv:00000000 _ZN15CRecursiveMutex4GiveEv
  C:\Temp\cc81eBhf.s:178    .text:00000000 $t
  C:\Temp\cc81eBhf.s:183    .text:00000000 _ZN15CRecursiveMutexC2Ev
  C:\Temp\cc81eBhf.s:220    .text:00000024 $d
  C:\Temp\cc81eBhf.s:409    .rodata._ZTV15CRecursiveMutex:00000000 _ZTV15CRecursiveMutex
  C:\Temp\cc81eBhf.s:224    .text:00000028 $t
  C:\Temp\cc81eBhf.s:229    .text:00000028 _ZN15CRecursiveMutexC2EPv
  C:\Temp\cc81eBhf.s:271    .text:00000058 $d
  C:\Temp\cc81eBhf.s:275    .text:0000005c $t
  C:\Temp\cc81eBhf.s:280    .text:0000005c _ZN15CRecursiveMutexD2Ev
  C:\Temp\cc81eBhf.s:325    .text:00000090 $d
  C:\Temp\cc81eBhf.s:329    .text:00000094 $t
  C:\Temp\cc81eBhf.s:334    .text:00000094 _ZN15CRecursiveMutexD0Ev
  C:\Temp\cc81eBhf.s:280    .text:0000005c _ZN15CRecursiveMutexD1Ev
  C:\Temp\cc81eBhf.s:370    .text:000000b4 _ZN15CRecursiveMutex6CreateEv
  C:\Temp\cc81eBhf.s:406    .rodata._ZTV15CRecursiveMutex:00000000 $d
  C:\Temp\cc81eBhf.s:183    .text:00000000 _ZN15CRecursiveMutexC1Ev
  C:\Temp\cc81eBhf.s:229    .text:00000028 _ZN15CRecursiveMutexC1EPv
                     .debug_frame:00000010 $d

UNDEFINED SYMBOLS
_ZN11ASyncObjectC2Ev
_ZN11ASyncObject6AttachEPv
_ZN11ASyncObjectD2Ev
_ZdlPv
