   1              		.syntax unified
   2              		.cpu cortex-m4
   3              		.eabi_attribute 27, 3
   4              		.fpu fpv4-sp-d16
   5              		.eabi_attribute 20, 1
   6              		.eabi_attribute 21, 1
   7              		.eabi_attribute 23, 3
   8              		.eabi_attribute 24, 1
   9              		.eabi_attribute 25, 1
  10              		.eabi_attribute 26, 1
  11              		.eabi_attribute 30, 6
  12              		.eabi_attribute 34, 1
  13              		.eabi_attribute 18, 4
  14              		.thumb
  15              		.file	"CT6963GPIOInterface.cpp"
  16              		.text
  17              	.Ltext0:
  18              		.cfi_sections	.debug_frame
  19              		.align	2
  20              		.global	_ZN21CT6963_GPIO_InterfaceC2Ev
  21              		.thumb
  22              		.thumb_func
  24              	_ZN21CT6963_GPIO_InterfaceC2Ev:
  25              	.LFB111:
  26              		.file 1 "../GraphicLCD/CT6963GPIOInterface.cpp"
   1:../GraphicLCD/CT6963GPIOInterface.cpp **** /**
   2:../GraphicLCD/CT6963GPIOInterface.cpp ****   ******************************************************************************
   3:../GraphicLCD/CT6963GPIOInterface.cpp ****   * @file      	CT6963GPIOInterface.cpp
   4:../GraphicLCD/CT6963GPIOInterface.cpp ****   * @author    	Tecnologic86
   5:../GraphicLCD/CT6963GPIOInterface.cpp ****   * @version   	V0.0.0
   6:../GraphicLCD/CT6963GPIOInterface.cpp ****   * @date      	17.02.12
   7:../GraphicLCD/CT6963GPIOInterface.cpp ****   * @brief		implementation of T6963C Gpio Interface
   8:../GraphicLCD/CT6963GPIOInterface.cpp ****   ******************************************************************************
   9:../GraphicLCD/CT6963GPIOInterface.cpp ****   */
  10:../GraphicLCD/CT6963GPIOInterface.cpp **** 
  11:../GraphicLCD/CT6963GPIOInterface.cpp **** /* Includes ------------------------------------------------------------------*/
  12:../GraphicLCD/CT6963GPIOInterface.cpp **** #include "CT6963GPIOInterface.h"
  13:../GraphicLCD/CT6963GPIOInterface.cpp **** #include "FreeRTOS.h"
  14:../GraphicLCD/CT6963GPIOInterface.cpp **** #include "task.h"
  15:../GraphicLCD/CT6963GPIOInterface.cpp **** #include "ustime.h"
  16:../GraphicLCD/CT6963GPIOInterface.cpp **** #include "stm32f4xx.h"
  17:../GraphicLCD/CT6963GPIOInterface.cpp **** #include "stm32f4_discovery.h"
  18:../GraphicLCD/CT6963GPIOInterface.cpp **** /* Private typedef -----------------------------------------------------------*/
  19:../GraphicLCD/CT6963GPIOInterface.cpp **** /* Private define ------------------------------------------------------------*/
  20:../GraphicLCD/CT6963GPIOInterface.cpp **** 
  21:../GraphicLCD/CT6963GPIOInterface.cpp **** // data port
  22:../GraphicLCD/CT6963GPIOInterface.cpp **** #define GLCD_DATA_PORT 			GPIOE
  23:../GraphicLCD/CT6963GPIOInterface.cpp **** #define GLCD_DATA_PORT_MASK 	0xff00
  24:../GraphicLCD/CT6963GPIOInterface.cpp **** #define GLCD_DATA_MODE_MASK_IN 	0xffff0000
  25:../GraphicLCD/CT6963GPIOInterface.cpp **** #define GLCD_DATA_MODE_MASK_OUT	0x55550000
  26:../GraphicLCD/CT6963GPIOInterface.cpp **** #define GLCD_DATA_OFFSET		8
  27:../GraphicLCD/CT6963GPIOInterface.cpp **** #define GLCD_DATA_INPUT 		GLCD_DATA_PORT->MODER &= ~GLCD_DATA_MODE_MASK_IN;
  28:../GraphicLCD/CT6963GPIOInterface.cpp **** #define GLCD_DATA_OUTPUT		GLCD_DATA_PORT->MODER |= GLCD_DATA_MODE_MASK_OUT;
  29:../GraphicLCD/CT6963GPIOInterface.cpp **** 
  30:../GraphicLCD/CT6963GPIOInterface.cpp **** // control port
  31:../GraphicLCD/CT6963GPIOInterface.cpp **** #define GLCD_CTRL_PORT_CD_RD	GPIOC
  32:../GraphicLCD/CT6963GPIOInterface.cpp **** #define GLCD_CTRL_PORT_WR_CE	GPIOB
  33:../GraphicLCD/CT6963GPIOInterface.cpp **** 
  34:../GraphicLCD/CT6963GPIOInterface.cpp **** // control signals
  35:../GraphicLCD/CT6963GPIOInterface.cpp **** #define GLCD_WR			GPIO_Pin_0
  36:../GraphicLCD/CT6963GPIOInterface.cpp **** #define GLCD_RD			GPIO_Pin_5
  37:../GraphicLCD/CT6963GPIOInterface.cpp **** #define GLCD_CE			GPIO_Pin_1
  38:../GraphicLCD/CT6963GPIOInterface.cpp **** #define GLCD_CD			GPIO_Pin_4
  39:../GraphicLCD/CT6963GPIOInterface.cpp **** #define GLCD_RESET		GPIO_Pin_11
  40:../GraphicLCD/CT6963GPIOInterface.cpp **** 
  41:../GraphicLCD/CT6963GPIOInterface.cpp **** const unsigned long c_iDelayFore = 2;
  42:../GraphicLCD/CT6963GPIOInterface.cpp **** const unsigned long c_iDelayAfter = 1;
  43:../GraphicLCD/CT6963GPIOInterface.cpp **** 
  44:../GraphicLCD/CT6963GPIOInterface.cpp **** /* Private macro -------------------------------------------------------------*/
  45:../GraphicLCD/CT6963GPIOInterface.cpp **** /* Private variables ---------------------------------------------------------*/
  46:../GraphicLCD/CT6963GPIOInterface.cpp **** /* Private function prototypes -----------------------------------------------*/
  47:../GraphicLCD/CT6963GPIOInterface.cpp **** /* Private functions ---------------------------------------------------------*/
  48:../GraphicLCD/CT6963GPIOInterface.cpp **** 
  49:../GraphicLCD/CT6963GPIOInterface.cpp **** 
  50:../GraphicLCD/CT6963GPIOInterface.cpp **** 
  51:../GraphicLCD/CT6963GPIOInterface.cpp **** CT6963_GPIO_Interface::CT6963_GPIO_Interface() {
  27              		.loc 1 51 0
  28              		.cfi_startproc
  29              		@ args = 0, pretend = 0, frame = 8
  30              		@ frame_needed = 1, uses_anonymous_args = 0
  31 0000 80B5     		push	{r7, lr}
  32              	.LCFI0:
  33              		.cfi_def_cfa_offset 8
  34              		.cfi_offset 14, -4
  35              		.cfi_offset 7, -8
  36 0002 82B0     		sub	sp, sp, #8
  37              	.LCFI1:
  38              		.cfi_def_cfa_offset 16
  39 0004 00AF     		add	r7, sp, #0
  40              	.LCFI2:
  41              		.cfi_def_cfa_register 7
  42 0006 7860     		str	r0, [r7, #4]
  43              	.LBB2:
  44              		.loc 1 51 0
  45 0008 7B68     		ldr	r3, [r7, #4]
  46 000a 1846     		mov	r0, r3
  47 000c FFF7FEFF 		bl	_ZN13CT6963CDriverC2Ev
  48 0010 7B68     		ldr	r3, [r7, #4]
  49 0012 044A     		ldr	r2, .L3
  50 0014 1A60     		str	r2, [r3, #0]
  51              	.LBE2:
  52:../GraphicLCD/CT6963GPIOInterface.cpp **** 	// TODO Auto-generated constructor stub
  53:../GraphicLCD/CT6963GPIOInterface.cpp **** 
  54:../GraphicLCD/CT6963GPIOInterface.cpp **** }
  52              		.loc 1 54 0
  53 0016 7B68     		ldr	r3, [r7, #4]
  54 0018 1846     		mov	r0, r3
  55 001a 07F10807 		add	r7, r7, #8
  56 001e BD46     		mov	sp, r7
  57 0020 80BD     		pop	{r7, pc}
  58              	.L4:
  59 0022 00BF     		.align	2
  60              	.L3:
  61 0024 08000000 		.word	_ZTV21CT6963_GPIO_Interface+8
  62              		.cfi_endproc
  63              	.LFE111:
  65              		.align	2
  66              		.global	_ZN21CT6963_GPIO_InterfaceD2Ev
  67              		.thumb
  68              		.thumb_func
  70              	_ZN21CT6963_GPIO_InterfaceD2Ev:
  71              	.LFB114:
  55:../GraphicLCD/CT6963GPIOInterface.cpp **** 
  56:../GraphicLCD/CT6963GPIOInterface.cpp **** CT6963_GPIO_Interface::~CT6963_GPIO_Interface() {
  72              		.loc 1 56 0
  73              		.cfi_startproc
  74              		@ args = 0, pretend = 0, frame = 8
  75              		@ frame_needed = 1, uses_anonymous_args = 0
  76 0028 80B5     		push	{r7, lr}
  77              	.LCFI3:
  78              		.cfi_def_cfa_offset 8
  79              		.cfi_offset 14, -4
  80              		.cfi_offset 7, -8
  81 002a 82B0     		sub	sp, sp, #8
  82              	.LCFI4:
  83              		.cfi_def_cfa_offset 16
  84 002c 00AF     		add	r7, sp, #0
  85              	.LCFI5:
  86              		.cfi_def_cfa_register 7
  87 002e 7860     		str	r0, [r7, #4]
  88              	.LBB3:
  89              		.loc 1 56 0
  90 0030 7B68     		ldr	r3, [r7, #4]
  91 0032 0A4A     		ldr	r2, .L8
  92 0034 1A60     		str	r2, [r3, #0]
  57:../GraphicLCD/CT6963GPIOInterface.cpp **** 	// TODO Auto-generated destructor stub
  58:../GraphicLCD/CT6963GPIOInterface.cpp **** }
  93              		.loc 1 58 0
  94 0036 7868     		ldr	r0, [r7, #4]
  95 0038 FFF7FEFF 		bl	_ZN13CT6963CDriverD2Ev
  96              	.LBE3:
  97 003c 4FF00003 		mov	r3, #0
  98 0040 03F00103 		and	r3, r3, #1
  99 0044 DBB2     		uxtb	r3, r3
 100 0046 002B     		cmp	r3, #0
 101 0048 02D0     		beq	.L7
 102              		.loc 1 58 0 is_stmt 0 discriminator 2
 103 004a 7868     		ldr	r0, [r7, #4]
 104 004c FFF7FEFF 		bl	_ZdlPv
 105              	.L7:
 106              		.loc 1 58 0 discriminator 3
 107 0050 7B68     		ldr	r3, [r7, #4]
 108 0052 1846     		mov	r0, r3
 109 0054 07F10807 		add	r7, r7, #8
 110 0058 BD46     		mov	sp, r7
 111 005a 80BD     		pop	{r7, pc}
 112              	.L9:
 113              		.align	2
 114              	.L8:
 115 005c 08000000 		.word	_ZTV21CT6963_GPIO_Interface+8
 116              		.cfi_endproc
 117              	.LFE114:
 119              		.align	2
 120              		.global	_ZN21CT6963_GPIO_InterfaceD0Ev
 121              		.thumb
 122              		.thumb_func
 124              	_ZN21CT6963_GPIO_InterfaceD0Ev:
 125              	.LFB116:
  56:../GraphicLCD/CT6963GPIOInterface.cpp **** CT6963_GPIO_Interface::~CT6963_GPIO_Interface() {
 126              		.loc 1 56 0 is_stmt 1
 127              		.cfi_startproc
 128              		@ args = 0, pretend = 0, frame = 8
 129              		@ frame_needed = 1, uses_anonymous_args = 0
 130 0060 80B5     		push	{r7, lr}
 131              	.LCFI6:
 132              		.cfi_def_cfa_offset 8
 133              		.cfi_offset 14, -4
 134              		.cfi_offset 7, -8
 135 0062 82B0     		sub	sp, sp, #8
 136              	.LCFI7:
 137              		.cfi_def_cfa_offset 16
 138 0064 00AF     		add	r7, sp, #0
 139              	.LCFI8:
 140              		.cfi_def_cfa_register 7
 141 0066 7860     		str	r0, [r7, #4]
 142              		.loc 1 58 0
 143 0068 7868     		ldr	r0, [r7, #4]
 144 006a FFF7FEFF 		bl	_ZN21CT6963_GPIO_InterfaceD1Ev
 145 006e 7868     		ldr	r0, [r7, #4]
 146 0070 FFF7FEFF 		bl	_ZdlPv
 147 0074 7B68     		ldr	r3, [r7, #4]
 148 0076 1846     		mov	r0, r3
 149 0078 07F10807 		add	r7, r7, #8
 150 007c BD46     		mov	sp, r7
 151 007e 80BD     		pop	{r7, pc}
 152              		.cfi_endproc
 153              	.LFE116:
 155              		.align	2
 156              		.global	_Z11CheckStatusv
 157              		.thumb
 158              		.thumb_func
 160              	_Z11CheckStatusv:
 161              	.LFB117:
  59:../GraphicLCD/CT6963GPIOInterface.cpp **** 
  60:../GraphicLCD/CT6963GPIOInterface.cpp **** /**
  61:../GraphicLCD/CT6963GPIOInterface.cpp ****   * @brief  reads T6963C status byte
  62:../GraphicLCD/CT6963GPIOInterface.cpp ****   * @param  None
  63:../GraphicLCD/CT6963GPIOInterface.cpp ****   * @retval true for display ready
  64:../GraphicLCD/CT6963GPIOInterface.cpp ****   */
  65:../GraphicLCD/CT6963GPIOInterface.cpp **** bool CheckStatus(void)
  66:../GraphicLCD/CT6963GPIOInterface.cpp **** {
 162              		.loc 1 66 0
 163              		.cfi_startproc
 164              		@ args = 0, pretend = 0, frame = 8
 165              		@ frame_needed = 1, uses_anonymous_args = 0
 166 0080 80B5     		push	{r7, lr}
 167              	.LCFI9:
 168              		.cfi_def_cfa_offset 8
 169              		.cfi_offset 14, -4
 170              		.cfi_offset 7, -8
 171 0082 82B0     		sub	sp, sp, #8
 172              	.LCFI10:
 173              		.cfi_def_cfa_offset 16
 174 0084 00AF     		add	r7, sp, #0
 175              	.LCFI11:
 176              		.cfi_def_cfa_register 7
 177              	.LBB4:
  67:../GraphicLCD/CT6963GPIOInterface.cpp **** 
  68:../GraphicLCD/CT6963GPIOInterface.cpp **** 	uint16_t tmp;
  69:../GraphicLCD/CT6963GPIOInterface.cpp **** 	GLCD_DATA_INPUT;
 178              		.loc 1 69 0
 179 0086 4FF48053 		mov	r3, #4096
 180 008a C4F20203 		movt	r3, 16386
 181 008e 4FF48052 		mov	r2, #4096
 182 0092 C4F20202 		movt	r2, 16386
 183 0096 1268     		ldr	r2, [r2, #0]
 184 0098 4FEA0242 		lsl	r2, r2, #16
 185 009c 4FEA1242 		lsr	r2, r2, #16
 186 00a0 1A60     		str	r2, [r3, #0]
  70:../GraphicLCD/CT6963GPIOInterface.cpp **** 
  71:../GraphicLCD/CT6963GPIOInterface.cpp **** 	GPIO_ResetBits(GLCD_CTRL_PORT_CD_RD , GLCD_RD);
 187              		.loc 1 71 0
 188 00a2 4FF40060 		mov	r0, #2048
 189 00a6 C4F20200 		movt	r0, 16386
 190 00aa 4FF02001 		mov	r1, #32
 191 00ae FFF7FEFF 		bl	GPIO_ResetBits
  72:../GraphicLCD/CT6963GPIOInterface.cpp **** 	GPIO_ResetBits(GLCD_CTRL_PORT_WR_CE , GLCD_CE);
 192              		.loc 1 72 0
 193 00b2 4FF48060 		mov	r0, #1024
 194 00b6 C4F20200 		movt	r0, 16386
 195 00ba 4FF00201 		mov	r1, #2
 196 00be FFF7FEFF 		bl	GPIO_ResetBits
  73:../GraphicLCD/CT6963GPIOInterface.cpp **** 
  74:../GraphicLCD/CT6963GPIOInterface.cpp **** 	delay_us(c_iDelayFore);
 197              		.loc 1 74 0
 198 00c2 4FF00200 		mov	r0, #2
 199 00c6 FFF7FEFF 		bl	delay_us
  75:../GraphicLCD/CT6963GPIOInterface.cpp **** 
  76:../GraphicLCD/CT6963GPIOInterface.cpp **** 	tmp = ((GPIO_ReadInputData(GLCD_DATA_PORT) & GLCD_DATA_PORT_MASK) >> GLCD_DATA_OFFSET);
 200              		.loc 1 76 0
 201 00ca 4FF48050 		mov	r0, #4096
 202 00ce C4F20200 		movt	r0, 16386
 203 00d2 FFF7FEFF 		bl	GPIO_ReadInputData
 204 00d6 0346     		mov	r3, r0
 205 00d8 4FEA1323 		lsr	r3, r3, #8
 206 00dc FB80     		strh	r3, [r7, #6]	@ movhi
  77:../GraphicLCD/CT6963GPIOInterface.cpp **** 
  78:../GraphicLCD/CT6963GPIOInterface.cpp **** 	GPIO_SetBits(GLCD_CTRL_PORT_WR_CE , GLCD_CE);
 207              		.loc 1 78 0
 208 00de 4FF48060 		mov	r0, #1024
 209 00e2 C4F20200 		movt	r0, 16386
 210 00e6 4FF00201 		mov	r1, #2
 211 00ea FFF7FEFF 		bl	GPIO_SetBits
  79:../GraphicLCD/CT6963GPIOInterface.cpp **** 	GPIO_SetBits(GLCD_CTRL_PORT_CD_RD , GLCD_RD);
 212              		.loc 1 79 0
 213 00ee 4FF40060 		mov	r0, #2048
 214 00f2 C4F20200 		movt	r0, 16386
 215 00f6 4FF02001 		mov	r1, #32
 216 00fa FFF7FEFF 		bl	GPIO_SetBits
  80:../GraphicLCD/CT6963GPIOInterface.cpp **** 
  81:../GraphicLCD/CT6963GPIOInterface.cpp **** 	delay_us(c_iDelayAfter);
 217              		.loc 1 81 0
 218 00fe 4FF00100 		mov	r0, #1
 219 0102 FFF7FEFF 		bl	delay_us
  82:../GraphicLCD/CT6963GPIOInterface.cpp **** 
  83:../GraphicLCD/CT6963GPIOInterface.cpp **** 	GLCD_DATA_OUTPUT;
 220              		.loc 1 83 0
 221 0106 4FF48053 		mov	r3, #4096
 222 010a C4F20203 		movt	r3, 16386
 223 010e 4FF48052 		mov	r2, #4096
 224 0112 C4F20202 		movt	r2, 16386
 225 0116 1268     		ldr	r2, [r2, #0]
 226 0118 42F0AA42 		orr	r2, r2, #1426063360
 227 011c 42F4AA02 		orr	r2, r2, #5570560
 228 0120 1A60     		str	r2, [r3, #0]
  84:../GraphicLCD/CT6963GPIOInterface.cpp **** 
  85:../GraphicLCD/CT6963GPIOInterface.cpp **** 	return ((tmp&0x03)==0x03);
 229              		.loc 1 85 0
 230 0122 FB88     		ldrh	r3, [r7, #6]
 231 0124 03F00303 		and	r3, r3, #3
 232 0128 032B     		cmp	r3, #3
 233 012a 14BF     		ite	ne
 234 012c 0023     		movne	r3, #0
 235 012e 0123     		moveq	r3, #1
 236 0130 DBB2     		uxtb	r3, r3
 237              	.LBE4:
  86:../GraphicLCD/CT6963GPIOInterface.cpp **** }
 238              		.loc 1 86 0
 239 0132 1846     		mov	r0, r3
 240 0134 07F10807 		add	r7, r7, #8
 241 0138 BD46     		mov	sp, r7
 242 013a 80BD     		pop	{r7, pc}
 243              		.cfi_endproc
 244              	.LFE117:
 246              		.align	2
 247              		.global	_ZN21CT6963_GPIO_Interface12HardwareInitEv
 248              		.thumb
 249              		.thumb_func
 251              	_ZN21CT6963_GPIO_Interface12HardwareInitEv:
 252              	.LFB118:
  87:../GraphicLCD/CT6963GPIOInterface.cpp **** 
  88:../GraphicLCD/CT6963GPIOInterface.cpp **** 
  89:../GraphicLCD/CT6963GPIOInterface.cpp **** 
  90:../GraphicLCD/CT6963GPIOInterface.cpp **** /**
  91:../GraphicLCD/CT6963GPIOInterface.cpp ****   * @brief  initialize Hardware to drive the display
  92:../GraphicLCD/CT6963GPIOInterface.cpp ****   * @param  None
  93:../GraphicLCD/CT6963GPIOInterface.cpp ****   * @retval None
  94:../GraphicLCD/CT6963GPIOInterface.cpp ****   */
  95:../GraphicLCD/CT6963GPIOInterface.cpp **** void CT6963_GPIO_Interface::HardwareInit(void){
 253              		.loc 1 95 0
 254              		.cfi_startproc
 255              		@ args = 0, pretend = 0, frame = 16
 256              		@ frame_needed = 1, uses_anonymous_args = 0
 257 013c 80B5     		push	{r7, lr}
 258              	.LCFI12:
 259              		.cfi_def_cfa_offset 8
 260              		.cfi_offset 14, -4
 261              		.cfi_offset 7, -8
 262 013e 84B0     		sub	sp, sp, #16
 263              	.LCFI13:
 264              		.cfi_def_cfa_offset 24
 265 0140 00AF     		add	r7, sp, #0
 266              	.LCFI14:
 267              		.cfi_def_cfa_register 7
 268 0142 7860     		str	r0, [r7, #4]
 269              	.LBB5:
  96:../GraphicLCD/CT6963GPIOInterface.cpp **** 
  97:../GraphicLCD/CT6963GPIOInterface.cpp **** 
  98:../GraphicLCD/CT6963GPIOInterface.cpp **** 	GPIO_InitTypeDef GPIO_InitStructure;
  99:../GraphicLCD/CT6963GPIOInterface.cpp **** 	// activate Clock for Io Ports used
 100:../GraphicLCD/CT6963GPIOInterface.cpp **** 	RCC_AHB1PeriphClockCmd(RCC_AHB1Periph_GPIOB , ENABLE);
 270              		.loc 1 100 0
 271 0144 4FF00200 		mov	r0, #2
 272 0148 4FF00101 		mov	r1, #1
 273 014c FFF7FEFF 		bl	RCC_AHB1PeriphClockCmd
 101:../GraphicLCD/CT6963GPIOInterface.cpp **** 	RCC_AHB1PeriphClockCmd(RCC_AHB1Periph_GPIOC , ENABLE);
 274              		.loc 1 101 0
 275 0150 4FF00400 		mov	r0, #4
 276 0154 4FF00101 		mov	r1, #1
 277 0158 FFF7FEFF 		bl	RCC_AHB1PeriphClockCmd
 102:../GraphicLCD/CT6963GPIOInterface.cpp **** 	RCC_AHB1PeriphClockCmd(RCC_AHB1Periph_GPIOE , ENABLE);
 278              		.loc 1 102 0
 279 015c 4FF01000 		mov	r0, #16
 280 0160 4FF00101 		mov	r1, #1
 281 0164 FFF7FEFF 		bl	RCC_AHB1PeriphClockCmd
 103:../GraphicLCD/CT6963GPIOInterface.cpp **** 
 104:../GraphicLCD/CT6963GPIOInterface.cpp **** 	// all pins as pp outputs with no pull
 105:../GraphicLCD/CT6963GPIOInterface.cpp **** 	GPIO_InitStructure.GPIO_Mode = GPIO_Mode_OUT;
 282              		.loc 1 105 0
 283 0168 4FF00103 		mov	r3, #1
 284 016c 3B73     		strb	r3, [r7, #12]
 106:../GraphicLCD/CT6963GPIOInterface.cpp **** 	GPIO_InitStructure.GPIO_OType = GPIO_OType_PP;
 285              		.loc 1 106 0
 286 016e 4FF00003 		mov	r3, #0
 287 0172 BB73     		strb	r3, [r7, #14]
 107:../GraphicLCD/CT6963GPIOInterface.cpp **** 	GPIO_InitStructure.GPIO_PuPd = GPIO_PuPd_NOPULL;
 288              		.loc 1 107 0
 289 0174 4FF00003 		mov	r3, #0
 290 0178 FB73     		strb	r3, [r7, #15]
 108:../GraphicLCD/CT6963GPIOInterface.cpp **** 	GPIO_InitStructure.GPIO_Speed = GPIO_Speed_25MHz;
 291              		.loc 1 108 0
 292 017a 4FF00103 		mov	r3, #1
 293 017e 7B73     		strb	r3, [r7, #13]
 109:../GraphicLCD/CT6963GPIOInterface.cpp **** 
 110:../GraphicLCD/CT6963GPIOInterface.cpp **** 	//Control pins CD and RD
 111:../GraphicLCD/CT6963GPIOInterface.cpp **** 	GPIO_InitStructure.GPIO_Pin = GLCD_CD | GLCD_RD;
 294              		.loc 1 111 0
 295 0180 4FF03003 		mov	r3, #48
 296 0184 BB60     		str	r3, [r7, #8]
 112:../GraphicLCD/CT6963GPIOInterface.cpp **** 	GPIO_Init(GLCD_CTRL_PORT_CD_RD,&GPIO_InitStructure);
 297              		.loc 1 112 0
 298 0186 07F10803 		add	r3, r7, #8
 299 018a 4FF40060 		mov	r0, #2048
 300 018e C4F20200 		movt	r0, 16386
 301 0192 1946     		mov	r1, r3
 302 0194 FFF7FEFF 		bl	GPIO_Init
 113:../GraphicLCD/CT6963GPIOInterface.cpp **** 	//Control pins WR, CE and RST
 114:../GraphicLCD/CT6963GPIOInterface.cpp **** 	GPIO_InitStructure.GPIO_Pin = GLCD_WR | GLCD_CE | GLCD_RESET;
 303              		.loc 1 114 0
 304 0198 40F60303 		movw	r3, #2051
 305 019c BB60     		str	r3, [r7, #8]
 115:../GraphicLCD/CT6963GPIOInterface.cpp **** 	GPIO_Init(GLCD_CTRL_PORT_WR_CE,&GPIO_InitStructure);
 306              		.loc 1 115 0
 307 019e 07F10803 		add	r3, r7, #8
 308 01a2 4FF48060 		mov	r0, #1024
 309 01a6 C4F20200 		movt	r0, 16386
 310 01aa 1946     		mov	r1, r3
 311 01ac FFF7FEFF 		bl	GPIO_Init
 116:../GraphicLCD/CT6963GPIOInterface.cpp **** 
 117:../GraphicLCD/CT6963GPIOInterface.cpp **** 	// data pins are high byte
 118:../GraphicLCD/CT6963GPIOInterface.cpp **** 	GPIO_InitStructure.GPIO_PuPd = GPIO_PuPd_DOWN;
 312              		.loc 1 118 0
 313 01b0 4FF00203 		mov	r3, #2
 314 01b4 FB73     		strb	r3, [r7, #15]
 119:../GraphicLCD/CT6963GPIOInterface.cpp **** 	GPIO_InitStructure.GPIO_Pin = GLCD_DATA_PORT_MASK;
 315              		.loc 1 119 0
 316 01b6 4FF47F43 		mov	r3, #65280
 317 01ba BB60     		str	r3, [r7, #8]
 120:../GraphicLCD/CT6963GPIOInterface.cpp **** 	GPIO_Init(GLCD_DATA_PORT,&GPIO_InitStructure);
 318              		.loc 1 120 0
 319 01bc 07F10803 		add	r3, r7, #8
 320 01c0 4FF48050 		mov	r0, #4096
 321 01c4 C4F20200 		movt	r0, 16386
 322 01c8 1946     		mov	r1, r3
 323 01ca FFF7FEFF 		bl	GPIO_Init
 121:../GraphicLCD/CT6963GPIOInterface.cpp **** 
 122:../GraphicLCD/CT6963GPIOInterface.cpp **** 	//Set all Control pins to high level
 123:../GraphicLCD/CT6963GPIOInterface.cpp **** 	GPIO_SetBits(GLCD_CTRL_PORT_CD_RD , GLCD_CD | GLCD_RD);	GPIO_SetBits(GLCD_CTRL_PORT_WR_CE , GLCD_W
 324              		.loc 1 123 0
 325 01ce 4FF40060 		mov	r0, #2048
 326 01d2 C4F20200 		movt	r0, 16386
 327 01d6 4FF03001 		mov	r1, #48
 328 01da FFF7FEFF 		bl	GPIO_SetBits
 329 01de 4FF48060 		mov	r0, #1024
 330 01e2 C4F20200 		movt	r0, 16386
 331 01e6 4FF00301 		mov	r1, #3
 332 01ea FFF7FEFF 		bl	GPIO_SetBits
 124:../GraphicLCD/CT6963GPIOInterface.cpp **** 
 125:../GraphicLCD/CT6963GPIOInterface.cpp **** 	init_us_timer(); //delay timer init
 333              		.loc 1 125 0
 334 01ee FFF7FEFF 		bl	init_us_timer
 335              	.LBE5:
 126:../GraphicLCD/CT6963GPIOInterface.cpp **** 
 127:../GraphicLCD/CT6963GPIOInterface.cpp **** }
 336              		.loc 1 127 0
 337 01f2 07F11007 		add	r7, r7, #16
 338 01f6 BD46     		mov	sp, r7
 339 01f8 80BD     		pop	{r7, pc}
 340              		.cfi_endproc
 341              	.LFE118:
 343 01fa 00BF     		.align	2
 344              		.global	_ZN21CT6963_GPIO_Interface5ResetEv
 345              		.thumb
 346              		.thumb_func
 348              	_ZN21CT6963_GPIO_Interface5ResetEv:
 349              	.LFB119:
 128:../GraphicLCD/CT6963GPIOInterface.cpp **** 
 129:../GraphicLCD/CT6963GPIOInterface.cpp **** /**
 130:../GraphicLCD/CT6963GPIOInterface.cpp ****   * @brief  Reset the Display
 131:../GraphicLCD/CT6963GPIOInterface.cpp ****   * @param  None
 132:../GraphicLCD/CT6963GPIOInterface.cpp ****   * @retval None
 133:../GraphicLCD/CT6963GPIOInterface.cpp ****   */
 134:../GraphicLCD/CT6963GPIOInterface.cpp **** void CT6963_GPIO_Interface::Reset(void){
 350              		.loc 1 134 0
 351              		.cfi_startproc
 352              		@ args = 0, pretend = 0, frame = 8
 353              		@ frame_needed = 1, uses_anonymous_args = 0
 354 01fc 80B5     		push	{r7, lr}
 355              	.LCFI15:
 356              		.cfi_def_cfa_offset 8
 357              		.cfi_offset 14, -4
 358              		.cfi_offset 7, -8
 359 01fe 82B0     		sub	sp, sp, #8
 360              	.LCFI16:
 361              		.cfi_def_cfa_offset 16
 362 0200 00AF     		add	r7, sp, #0
 363              	.LCFI17:
 364              		.cfi_def_cfa_register 7
 365 0202 7860     		str	r0, [r7, #4]
 135:../GraphicLCD/CT6963GPIOInterface.cpp **** 
 136:../GraphicLCD/CT6963GPIOInterface.cpp **** 	GPIO_ResetBits(GLCD_CTRL_PORT_WR_CE , GLCD_RESET | GLCD_CE );
 366              		.loc 1 136 0
 367 0204 4FF48060 		mov	r0, #1024
 368 0208 C4F20200 		movt	r0, 16386
 369 020c 40F60201 		movw	r1, #2050
 370 0210 FFF7FEFF 		bl	GPIO_ResetBits
 137:../GraphicLCD/CT6963GPIOInterface.cpp **** 
 138:../GraphicLCD/CT6963GPIOInterface.cpp **** 	vTaskDelay(20);  // sleep 20 ms
 371              		.loc 1 138 0
 372 0214 4FF01400 		mov	r0, #20
 373 0218 FFF7FEFF 		bl	vTaskDelay
 139:../GraphicLCD/CT6963GPIOInterface.cpp **** 
 140:../GraphicLCD/CT6963GPIOInterface.cpp **** 	GPIO_SetBits(GLCD_CTRL_PORT_WR_CE , GLCD_RESET | GLCD_CE );
 374              		.loc 1 140 0
 375 021c 4FF48060 		mov	r0, #1024
 376 0220 C4F20200 		movt	r0, 16386
 377 0224 40F60201 		movw	r1, #2050
 378 0228 FFF7FEFF 		bl	GPIO_SetBits
 141:../GraphicLCD/CT6963GPIOInterface.cpp **** 
 142:../GraphicLCD/CT6963GPIOInterface.cpp **** }
 379              		.loc 1 142 0
 380 022c 07F10807 		add	r7, r7, #8
 381 0230 BD46     		mov	sp, r7
 382 0232 80BD     		pop	{r7, pc}
 383              		.cfi_endproc
 384              	.LFE119:
 386              		.align	2
 387              		.global	_ZN21CT6963_GPIO_Interface12WriteCommandEh
 388              		.thumb
 389              		.thumb_func
 391              	_ZN21CT6963_GPIO_Interface12WriteCommandEh:
 392              	.LFB120:
 143:../GraphicLCD/CT6963GPIOInterface.cpp **** 
 144:../GraphicLCD/CT6963GPIOInterface.cpp **** /**
 145:../GraphicLCD/CT6963GPIOInterface.cpp ****   * @brief  writes a command
 146:../GraphicLCD/CT6963GPIOInterface.cpp ****   * @param  command
 147:../GraphicLCD/CT6963GPIOInterface.cpp ****   * @retval None
 148:../GraphicLCD/CT6963GPIOInterface.cpp ****   */
 149:../GraphicLCD/CT6963GPIOInterface.cpp **** void CT6963_GPIO_Interface::WriteCommand(const unsigned char command){
 393              		.loc 1 149 0
 394              		.cfi_startproc
 395              		@ args = 0, pretend = 0, frame = 8
 396              		@ frame_needed = 1, uses_anonymous_args = 0
 397 0234 80B5     		push	{r7, lr}
 398              	.LCFI18:
 399              		.cfi_def_cfa_offset 8
 400              		.cfi_offset 14, -4
 401              		.cfi_offset 7, -8
 402 0236 82B0     		sub	sp, sp, #8
 403              	.LCFI19:
 404              		.cfi_def_cfa_offset 16
 405 0238 00AF     		add	r7, sp, #0
 406              	.LCFI20:
 407              		.cfi_def_cfa_register 7
 408 023a 7860     		str	r0, [r7, #4]
 409 023c 0B46     		mov	r3, r1
 410 023e FB70     		strb	r3, [r7, #3]
 150:../GraphicLCD/CT6963GPIOInterface.cpp **** 
 151:../GraphicLCD/CT6963GPIOInterface.cpp **** 	while(!CheckStatus());
 411              		.loc 1 151 0
 412 0240 00BF     		nop
 413              	.L16:
 414              		.loc 1 151 0 is_stmt 0 discriminator 1
 415 0242 FFF7FEFF 		bl	_Z11CheckStatusv
 416 0246 0346     		mov	r3, r0
 417 0248 83F00103 		eor	r3, r3, #1
 418 024c DBB2     		uxtb	r3, r3
 419 024e 002B     		cmp	r3, #0
 420 0250 F7D1     		bne	.L16
 152:../GraphicLCD/CT6963GPIOInterface.cpp **** 
 153:../GraphicLCD/CT6963GPIOInterface.cpp **** 	GLCD_DATA_PORT->ODR &= ~GLCD_DATA_PORT_MASK;  //Clear Data pins
 421              		.loc 1 153 0 is_stmt 1
 422 0252 4FF48053 		mov	r3, #4096
 423 0256 C4F20203 		movt	r3, 16386
 424 025a 4FF48052 		mov	r2, #4096
 425 025e C4F20202 		movt	r2, 16386
 426 0262 5269     		ldr	r2, [r2, #20]
 427 0264 22F47F42 		bic	r2, r2, #65280
 428 0268 5A61     		str	r2, [r3, #20]
 154:../GraphicLCD/CT6963GPIOInterface.cpp **** 	GLCD_DATA_PORT->ODR |= (command << (GLCD_DATA_OFFSET)); // lowbyte will stay as is in this write
 429              		.loc 1 154 0
 430 026a 4FF48053 		mov	r3, #4096
 431 026e C4F20203 		movt	r3, 16386
 432 0272 4FF48052 		mov	r2, #4096
 433 0276 C4F20202 		movt	r2, 16386
 434 027a 5269     		ldr	r2, [r2, #20]
 435 027c 1146     		mov	r1, r2
 436 027e FA78     		ldrb	r2, [r7, #3]	@ zero_extendqisi2
 437 0280 4FEA0222 		lsl	r2, r2, #8
 438 0284 0A43     		orrs	r2, r2, r1
 439 0286 5A61     		str	r2, [r3, #20]
 155:../GraphicLCD/CT6963GPIOInterface.cpp **** 
 156:../GraphicLCD/CT6963GPIOInterface.cpp **** 	GPIO_ResetBits(GLCD_CTRL_PORT_WR_CE , GLCD_WR);
 440              		.loc 1 156 0
 441 0288 4FF48060 		mov	r0, #1024
 442 028c C4F20200 		movt	r0, 16386
 443 0290 4FF00101 		mov	r1, #1
 444 0294 FFF7FEFF 		bl	GPIO_ResetBits
 157:../GraphicLCD/CT6963GPIOInterface.cpp **** 	GPIO_ResetBits(GLCD_CTRL_PORT_WR_CE , GLCD_CE);
 445              		.loc 1 157 0
 446 0298 4FF48060 		mov	r0, #1024
 447 029c C4F20200 		movt	r0, 16386
 448 02a0 4FF00201 		mov	r1, #2
 449 02a4 FFF7FEFF 		bl	GPIO_ResetBits
 158:../GraphicLCD/CT6963GPIOInterface.cpp **** 
 159:../GraphicLCD/CT6963GPIOInterface.cpp **** 	delay_us(c_iDelayFore);   // time for display to read the data
 450              		.loc 1 159 0
 451 02a8 4FF00200 		mov	r0, #2
 452 02ac FFF7FEFF 		bl	delay_us
 160:../GraphicLCD/CT6963GPIOInterface.cpp **** 
 161:../GraphicLCD/CT6963GPIOInterface.cpp **** 	GPIO_SetBits(GLCD_CTRL_PORT_WR_CE , GLCD_CE);
 453              		.loc 1 161 0
 454 02b0 4FF48060 		mov	r0, #1024
 455 02b4 C4F20200 		movt	r0, 16386
 456 02b8 4FF00201 		mov	r1, #2
 457 02bc FFF7FEFF 		bl	GPIO_SetBits
 162:../GraphicLCD/CT6963GPIOInterface.cpp **** 	GPIO_SetBits(GLCD_CTRL_PORT_WR_CE , GLCD_WR);
 458              		.loc 1 162 0
 459 02c0 4FF48060 		mov	r0, #1024
 460 02c4 C4F20200 		movt	r0, 16386
 461 02c8 4FF00101 		mov	r1, #1
 462 02cc FFF7FEFF 		bl	GPIO_SetBits
 163:../GraphicLCD/CT6963GPIOInterface.cpp **** 
 164:../GraphicLCD/CT6963GPIOInterface.cpp **** 
 165:../GraphicLCD/CT6963GPIOInterface.cpp **** 	delay_us(c_iDelayAfter);
 463              		.loc 1 165 0
 464 02d0 4FF00100 		mov	r0, #1
 465 02d4 FFF7FEFF 		bl	delay_us
 166:../GraphicLCD/CT6963GPIOInterface.cpp **** }
 466              		.loc 1 166 0
 467 02d8 07F10807 		add	r7, r7, #8
 468 02dc BD46     		mov	sp, r7
 469 02de 80BD     		pop	{r7, pc}
 470              		.cfi_endproc
 471              	.LFE120:
 473              		.align	2
 474              		.global	_ZN21CT6963_GPIO_Interface9WriteDataEh
 475              		.thumb
 476              		.thumb_func
 478              	_ZN21CT6963_GPIO_Interface9WriteDataEh:
 479              	.LFB121:
 167:../GraphicLCD/CT6963GPIOInterface.cpp **** 
 168:../GraphicLCD/CT6963GPIOInterface.cpp **** /**
 169:../GraphicLCD/CT6963GPIOInterface.cpp ****   * @brief  writes a data
 170:../GraphicLCD/CT6963GPIOInterface.cpp ****   * @param  data
 171:../GraphicLCD/CT6963GPIOInterface.cpp ****   * @retval None
 172:../GraphicLCD/CT6963GPIOInterface.cpp ****   */
 173:../GraphicLCD/CT6963GPIOInterface.cpp **** void CT6963_GPIO_Interface::WriteData(const unsigned char data){
 480              		.loc 1 173 0
 481              		.cfi_startproc
 482              		@ args = 0, pretend = 0, frame = 8
 483              		@ frame_needed = 1, uses_anonymous_args = 0
 484 02e0 80B5     		push	{r7, lr}
 485              	.LCFI21:
 486              		.cfi_def_cfa_offset 8
 487              		.cfi_offset 14, -4
 488              		.cfi_offset 7, -8
 489 02e2 82B0     		sub	sp, sp, #8
 490              	.LCFI22:
 491              		.cfi_def_cfa_offset 16
 492 02e4 00AF     		add	r7, sp, #0
 493              	.LCFI23:
 494              		.cfi_def_cfa_register 7
 495 02e6 7860     		str	r0, [r7, #4]
 496 02e8 0B46     		mov	r3, r1
 497 02ea FB70     		strb	r3, [r7, #3]
 174:../GraphicLCD/CT6963GPIOInterface.cpp **** 	while(!CheckStatus());
 498              		.loc 1 174 0
 499 02ec 00BF     		nop
 500              	.L18:
 501              		.loc 1 174 0 is_stmt 0 discriminator 1
 502 02ee FFF7FEFF 		bl	_Z11CheckStatusv
 503 02f2 0346     		mov	r3, r0
 504 02f4 83F00103 		eor	r3, r3, #1
 505 02f8 DBB2     		uxtb	r3, r3
 506 02fa 002B     		cmp	r3, #0
 507 02fc F7D1     		bne	.L18
 175:../GraphicLCD/CT6963GPIOInterface.cpp **** 
 176:../GraphicLCD/CT6963GPIOInterface.cpp **** 	GLCD_DATA_PORT->ODR &= ~GLCD_DATA_PORT_MASK;  //Clear Data pins
 508              		.loc 1 176 0 is_stmt 1
 509 02fe 4FF48053 		mov	r3, #4096
 510 0302 C4F20203 		movt	r3, 16386
 511 0306 4FF48052 		mov	r2, #4096
 512 030a C4F20202 		movt	r2, 16386
 513 030e 5269     		ldr	r2, [r2, #20]
 514 0310 22F47F42 		bic	r2, r2, #65280
 515 0314 5A61     		str	r2, [r3, #20]
 177:../GraphicLCD/CT6963GPIOInterface.cpp **** 	GLCD_DATA_PORT->ODR |= ((uint16_t)data << GLCD_DATA_OFFSET); // lowbyte will stay as is in this wr
 516              		.loc 1 177 0
 517 0316 4FF48053 		mov	r3, #4096
 518 031a C4F20203 		movt	r3, 16386
 519 031e 4FF48052 		mov	r2, #4096
 520 0322 C4F20202 		movt	r2, 16386
 521 0326 5269     		ldr	r2, [r2, #20]
 522 0328 1146     		mov	r1, r2
 523 032a FA78     		ldrb	r2, [r7, #3]	@ zero_extendqisi2
 524 032c 4FEA0222 		lsl	r2, r2, #8
 525 0330 0A43     		orrs	r2, r2, r1
 526 0332 5A61     		str	r2, [r3, #20]
 178:../GraphicLCD/CT6963GPIOInterface.cpp **** 
 179:../GraphicLCD/CT6963GPIOInterface.cpp **** 	GPIO_ResetBits(GLCD_CTRL_PORT_CD_RD , GLCD_CD);
 527              		.loc 1 179 0
 528 0334 4FF40060 		mov	r0, #2048
 529 0338 C4F20200 		movt	r0, 16386
 530 033c 4FF01001 		mov	r1, #16
 531 0340 FFF7FEFF 		bl	GPIO_ResetBits
 180:../GraphicLCD/CT6963GPIOInterface.cpp **** 	GPIO_ResetBits(GLCD_CTRL_PORT_WR_CE , GLCD_WR);
 532              		.loc 1 180 0
 533 0344 4FF48060 		mov	r0, #1024
 534 0348 C4F20200 		movt	r0, 16386
 535 034c 4FF00101 		mov	r1, #1
 536 0350 FFF7FEFF 		bl	GPIO_ResetBits
 181:../GraphicLCD/CT6963GPIOInterface.cpp **** 	GPIO_ResetBits(GLCD_CTRL_PORT_WR_CE , GLCD_CE);
 537              		.loc 1 181 0
 538 0354 4FF48060 		mov	r0, #1024
 539 0358 C4F20200 		movt	r0, 16386
 540 035c 4FF00201 		mov	r1, #2
 541 0360 FFF7FEFF 		bl	GPIO_ResetBits
 182:../GraphicLCD/CT6963GPIOInterface.cpp **** 
 183:../GraphicLCD/CT6963GPIOInterface.cpp **** 	delay_us(c_iDelayFore);
 542              		.loc 1 183 0
 543 0364 4FF00200 		mov	r0, #2
 544 0368 FFF7FEFF 		bl	delay_us
 184:../GraphicLCD/CT6963GPIOInterface.cpp **** 
 185:../GraphicLCD/CT6963GPIOInterface.cpp **** 	GPIO_SetBits(GLCD_CTRL_PORT_WR_CE , GLCD_CE);
 545              		.loc 1 185 0
 546 036c 4FF48060 		mov	r0, #1024
 547 0370 C4F20200 		movt	r0, 16386
 548 0374 4FF00201 		mov	r1, #2
 549 0378 FFF7FEFF 		bl	GPIO_SetBits
 186:../GraphicLCD/CT6963GPIOInterface.cpp **** 	GPIO_SetBits(GLCD_CTRL_PORT_CD_RD , GLCD_CD);
 550              		.loc 1 186 0
 551 037c 4FF40060 		mov	r0, #2048
 552 0380 C4F20200 		movt	r0, 16386
 553 0384 4FF01001 		mov	r1, #16
 554 0388 FFF7FEFF 		bl	GPIO_SetBits
 187:../GraphicLCD/CT6963GPIOInterface.cpp **** 	GPIO_SetBits(GLCD_CTRL_PORT_WR_CE , GLCD_WR);
 555              		.loc 1 187 0
 556 038c 4FF48060 		mov	r0, #1024
 557 0390 C4F20200 		movt	r0, 16386
 558 0394 4FF00101 		mov	r1, #1
 559 0398 FFF7FEFF 		bl	GPIO_SetBits
 188:../GraphicLCD/CT6963GPIOInterface.cpp **** 
 189:../GraphicLCD/CT6963GPIOInterface.cpp **** 	delay_us(c_iDelayAfter);
 560              		.loc 1 189 0
 561 039c 4FF00100 		mov	r0, #1
 562 03a0 FFF7FEFF 		bl	delay_us
 190:../GraphicLCD/CT6963GPIOInterface.cpp **** }
 563              		.loc 1 190 0
 564 03a4 07F10807 		add	r7, r7, #8
 565 03a8 BD46     		mov	sp, r7
 566 03aa 80BD     		pop	{r7, pc}
 567              		.cfi_endproc
 568              	.LFE121:
 570              		.align	2
 571              		.global	_ZN21CT6963_GPIO_Interface8ReadDataEv
 572              		.thumb
 573              		.thumb_func
 575              	_ZN21CT6963_GPIO_Interface8ReadDataEv:
 576              	.LFB122:
 191:../GraphicLCD/CT6963GPIOInterface.cpp **** 
 192:../GraphicLCD/CT6963GPIOInterface.cpp **** /**
 193:../GraphicLCD/CT6963GPIOInterface.cpp ****   * @brief  reads data from display
 194:../GraphicLCD/CT6963GPIOInterface.cpp ****   * @param  None
 195:../GraphicLCD/CT6963GPIOInterface.cpp ****   * @retval data from display
 196:../GraphicLCD/CT6963GPIOInterface.cpp ****   */
 197:../GraphicLCD/CT6963GPIOInterface.cpp **** unsigned char CT6963_GPIO_Interface::ReadData(){
 577              		.loc 1 197 0
 578              		.cfi_startproc
 579              		@ args = 0, pretend = 0, frame = 16
 580              		@ frame_needed = 1, uses_anonymous_args = 0
 581 03ac 80B5     		push	{r7, lr}
 582              	.LCFI24:
 583              		.cfi_def_cfa_offset 8
 584              		.cfi_offset 14, -4
 585              		.cfi_offset 7, -8
 586 03ae 84B0     		sub	sp, sp, #16
 587              	.LCFI25:
 588              		.cfi_def_cfa_offset 24
 589 03b0 00AF     		add	r7, sp, #0
 590              	.LCFI26:
 591              		.cfi_def_cfa_register 7
 592 03b2 7860     		str	r0, [r7, #4]
 593              	.LBB6:
 198:../GraphicLCD/CT6963GPIOInterface.cpp **** 	uint16_t tmp;
 199:../GraphicLCD/CT6963GPIOInterface.cpp **** 	while(!CheckStatus());
 594              		.loc 1 199 0
 595 03b4 00BF     		nop
 596              	.L20:
 597              		.loc 1 199 0 is_stmt 0 discriminator 1
 598 03b6 FFF7FEFF 		bl	_Z11CheckStatusv
 599 03ba 0346     		mov	r3, r0
 600 03bc 83F00103 		eor	r3, r3, #1
 601 03c0 DBB2     		uxtb	r3, r3
 602 03c2 002B     		cmp	r3, #0
 603 03c4 F7D1     		bne	.L20
 200:../GraphicLCD/CT6963GPIOInterface.cpp **** 
 201:../GraphicLCD/CT6963GPIOInterface.cpp **** 	GLCD_DATA_INPUT;
 604              		.loc 1 201 0 is_stmt 1
 605 03c6 4FF48053 		mov	r3, #4096
 606 03ca C4F20203 		movt	r3, 16386
 607 03ce 4FF48052 		mov	r2, #4096
 608 03d2 C4F20202 		movt	r2, 16386
 609 03d6 1268     		ldr	r2, [r2, #0]
 610 03d8 4FEA0242 		lsl	r2, r2, #16
 611 03dc 4FEA1242 		lsr	r2, r2, #16
 612 03e0 1A60     		str	r2, [r3, #0]
 202:../GraphicLCD/CT6963GPIOInterface.cpp **** 
 203:../GraphicLCD/CT6963GPIOInterface.cpp **** 	GPIO_ResetBits(GLCD_CTRL_PORT_CD_RD , GLCD_RD );
 613              		.loc 1 203 0
 614 03e2 4FF40060 		mov	r0, #2048
 615 03e6 C4F20200 		movt	r0, 16386
 616 03ea 4FF02001 		mov	r1, #32
 617 03ee FFF7FEFF 		bl	GPIO_ResetBits
 204:../GraphicLCD/CT6963GPIOInterface.cpp **** 	GPIO_ResetBits(GLCD_CTRL_PORT_CD_RD , GLCD_CD );
 618              		.loc 1 204 0
 619 03f2 4FF40060 		mov	r0, #2048
 620 03f6 C4F20200 		movt	r0, 16386
 621 03fa 4FF01001 		mov	r1, #16
 622 03fe FFF7FEFF 		bl	GPIO_ResetBits
 205:../GraphicLCD/CT6963GPIOInterface.cpp **** 	GPIO_ResetBits(GLCD_CTRL_PORT_WR_CE , GLCD_CE );
 623              		.loc 1 205 0
 624 0402 4FF48060 		mov	r0, #1024
 625 0406 C4F20200 		movt	r0, 16386
 626 040a 4FF00201 		mov	r1, #2
 627 040e FFF7FEFF 		bl	GPIO_ResetBits
 206:../GraphicLCD/CT6963GPIOInterface.cpp **** 
 207:../GraphicLCD/CT6963GPIOInterface.cpp **** 	delay_us(c_iDelayFore);
 628              		.loc 1 207 0
 629 0412 4FF00200 		mov	r0, #2
 630 0416 FFF7FEFF 		bl	delay_us
 208:../GraphicLCD/CT6963GPIOInterface.cpp **** 
 209:../GraphicLCD/CT6963GPIOInterface.cpp **** 	tmp = ((GPIO_ReadInputData(GLCD_DATA_PORT) & GLCD_DATA_PORT_MASK) >> GLCD_DATA_OFFSET);
 631              		.loc 1 209 0
 632 041a 4FF48050 		mov	r0, #4096
 633 041e C4F20200 		movt	r0, 16386
 634 0422 FFF7FEFF 		bl	GPIO_ReadInputData
 635 0426 0346     		mov	r3, r0
 636 0428 4FEA1323 		lsr	r3, r3, #8
 637 042c FB81     		strh	r3, [r7, #14]	@ movhi
 210:../GraphicLCD/CT6963GPIOInterface.cpp **** 
 211:../GraphicLCD/CT6963GPIOInterface.cpp **** 	GPIO_SetBits(GLCD_CTRL_PORT_WR_CE , GLCD_CE );
 638              		.loc 1 211 0
 639 042e 4FF48060 		mov	r0, #1024
 640 0432 C4F20200 		movt	r0, 16386
 641 0436 4FF00201 		mov	r1, #2
 642 043a FFF7FEFF 		bl	GPIO_SetBits
 212:../GraphicLCD/CT6963GPIOInterface.cpp **** 	GPIO_SetBits(GLCD_CTRL_PORT_CD_RD , GLCD_CD );
 643              		.loc 1 212 0
 644 043e 4FF40060 		mov	r0, #2048
 645 0442 C4F20200 		movt	r0, 16386
 646 0446 4FF01001 		mov	r1, #16
 647 044a FFF7FEFF 		bl	GPIO_SetBits
 213:../GraphicLCD/CT6963GPIOInterface.cpp **** 	GPIO_SetBits(GLCD_CTRL_PORT_CD_RD , GLCD_RD );
 648              		.loc 1 213 0
 649 044e 4FF40060 		mov	r0, #2048
 650 0452 C4F20200 		movt	r0, 16386
 651 0456 4FF02001 		mov	r1, #32
 652 045a FFF7FEFF 		bl	GPIO_SetBits
 214:../GraphicLCD/CT6963GPIOInterface.cpp **** 
 215:../GraphicLCD/CT6963GPIOInterface.cpp **** 	delay_us(c_iDelayAfter);
 653              		.loc 1 215 0
 654 045e 4FF00100 		mov	r0, #1
 655 0462 FFF7FEFF 		bl	delay_us
 216:../GraphicLCD/CT6963GPIOInterface.cpp **** 
 217:../GraphicLCD/CT6963GPIOInterface.cpp **** 	GLCD_DATA_OUTPUT;
 656              		.loc 1 217 0
 657 0466 4FF48053 		mov	r3, #4096
 658 046a C4F20203 		movt	r3, 16386
 659 046e 4FF48052 		mov	r2, #4096
 660 0472 C4F20202 		movt	r2, 16386
 661 0476 1268     		ldr	r2, [r2, #0]
 662 0478 42F0AA42 		orr	r2, r2, #1426063360
 663 047c 42F4AA02 		orr	r2, r2, #5570560
 664 0480 1A60     		str	r2, [r3, #0]
 218:../GraphicLCD/CT6963GPIOInterface.cpp **** 	return (unsigned char)tmp;
 665              		.loc 1 218 0
 666 0482 FB89     		ldrh	r3, [r7, #14]	@ movhi
 667 0484 DBB2     		uxtb	r3, r3
 668              	.LBE6:
 219:../GraphicLCD/CT6963GPIOInterface.cpp **** }
 669              		.loc 1 219 0
 670 0486 1846     		mov	r0, r3
 671 0488 07F11007 		add	r7, r7, #16
 672 048c BD46     		mov	sp, r7
 673 048e 80BD     		pop	{r7, pc}
 674              		.cfi_endproc
 675              	.LFE122:
 677              		.global	_ZTV21CT6963_GPIO_Interface
 678              		.section	.rodata._ZTV21CT6963_GPIO_Interface,"a",%progbits
 679              		.align	3
 682              	_ZTV21CT6963_GPIO_Interface:
 683 0000 00000000 		.word	0
 684 0004 00000000 		.word	0
 685 0008 00000000 		.word	_ZN13CT6963CDriver5ClearEv
 686 000c 00000000 		.word	_ZN13CT6963CDriver4LineEjjjj
 687 0010 00000000 		.word	_ZN13CT6963CDriver6WindowEjjjj
 688 0014 00000000 		.word	_ZN13CT6963CDriver9RectangleEjjjjb
 689 0018 00000000 		.word	_ZN13CT6963CDriver11SectorClearEjjjj
 690 001c 00000000 		.word	_ZN13CT6963CDriver6CircleEhhh
 691 0020 00000000 		.word	_ZN13CT6963CDriver11WriteStringEPKcRK5tFontjj
 692 0024 00000000 		.word	_ZN13CT6963CDriver6BitmapEPhhhhh
 693 0028 00000000 		.word	_ZN13CT6963CDriver4InitEv
 694 002c 00000000 		.word	_ZN21CT6963_GPIO_InterfaceD1Ev
 695 0030 00000000 		.word	_ZN21CT6963_GPIO_InterfaceD0Ev
 696 0034 00000000 		.word	_ZN21CT6963_GPIO_Interface12HardwareInitEv
 697 0038 00000000 		.word	_ZN21CT6963_GPIO_Interface5ResetEv
 698 003c 00000000 		.word	_ZN21CT6963_GPIO_Interface12WriteCommandEh
 699 0040 00000000 		.word	_ZN21CT6963_GPIO_Interface9WriteDataEh
 700 0044 00000000 		.word	_ZN21CT6963_GPIO_Interface8ReadDataEv
 701              		.section	.rodata._ZL12c_FontNative,"a",%progbits
 702              		.align	2
 705              	_ZL12c_FontNative:
 706 0000 00000000 		.space	24
 706      00000000 
 706      00000000 
 706      00000000 
 706      00000000 
 707              		.section	.rodata._ZL12c_iDelayFore,"a",%progbits
 708              		.align	2
 711              	_ZL12c_iDelayFore:
 712 0000 02000000 		.word	2
 713              		.section	.rodata._ZL13c_iDelayAfter,"a",%progbits
 714              		.align	2
 717              	_ZL13c_iDelayAfter:
 718 0000 01000000 		.word	1
 719              		.global	_ZN21CT6963_GPIO_InterfaceC1Ev
 720              		.thumb_set _ZN21CT6963_GPIO_InterfaceC1Ev,_ZN21CT6963_GPIO_InterfaceC2Ev
 721              		.global	_ZN21CT6963_GPIO_InterfaceD1Ev
 722              		.thumb_set _ZN21CT6963_GPIO_InterfaceD1Ev,_ZN21CT6963_GPIO_InterfaceD2Ev
 723              		.text
 724              	.Letext0:
 725              		.file 2 "../GraphicLCD/CGraphicLCD.h"
 726              		.file 3 "c:\\chibistudio\\tools\\gnu tools arm embedded\\4.6 2012q2\\bin\\../lib/gcc/arm-none-eabi
 727              		.file 4 "E:\\Desktop\\thundercyer-the-alarm-clock\\CMSIS\\Device\\STM32F4xx\\Include/stm32f4xx.h"
 728              		.file 5 "E:\\Desktop\\thundercyer-the-alarm-clock\\STM32F4xx_StdPeriph_Driver\\inc/stm32f4xx_gpio.
 729              		.file 6 "../GraphicLCD/CT6963CDriver.h"
 730              		.file 7 "../GraphicLCD/CT6963GPIOInterface.h"
 731              		.file 8 "E:\\Desktop\\thundercyer-the-alarm-clock\\CMSIS\\Include/core_cm4.h"
DEFINED SYMBOLS
                            *ABS*:00000000 CT6963GPIOInterface.cpp
C:\Users\Alex\AppData\Local\Temp\ccHIu9OC.s:19     .text:00000000 $t
C:\Users\Alex\AppData\Local\Temp\ccHIu9OC.s:24     .text:00000000 _ZN21CT6963_GPIO_InterfaceC2Ev
C:\Users\Alex\AppData\Local\Temp\ccHIu9OC.s:61     .text:00000024 $d
C:\Users\Alex\AppData\Local\Temp\ccHIu9OC.s:682    .rodata._ZTV21CT6963_GPIO_Interface:00000000 _ZTV21CT6963_GPIO_Interface
C:\Users\Alex\AppData\Local\Temp\ccHIu9OC.s:65     .text:00000028 $t
C:\Users\Alex\AppData\Local\Temp\ccHIu9OC.s:70     .text:00000028 _ZN21CT6963_GPIO_InterfaceD2Ev
C:\Users\Alex\AppData\Local\Temp\ccHIu9OC.s:115    .text:0000005c $d
C:\Users\Alex\AppData\Local\Temp\ccHIu9OC.s:119    .text:00000060 $t
C:\Users\Alex\AppData\Local\Temp\ccHIu9OC.s:124    .text:00000060 _ZN21CT6963_GPIO_InterfaceD0Ev
C:\Users\Alex\AppData\Local\Temp\ccHIu9OC.s:70     .text:00000028 _ZN21CT6963_GPIO_InterfaceD1Ev
C:\Users\Alex\AppData\Local\Temp\ccHIu9OC.s:160    .text:00000080 _Z11CheckStatusv
C:\Users\Alex\AppData\Local\Temp\ccHIu9OC.s:251    .text:0000013c _ZN21CT6963_GPIO_Interface12HardwareInitEv
C:\Users\Alex\AppData\Local\Temp\ccHIu9OC.s:348    .text:000001fc _ZN21CT6963_GPIO_Interface5ResetEv
C:\Users\Alex\AppData\Local\Temp\ccHIu9OC.s:391    .text:00000234 _ZN21CT6963_GPIO_Interface12WriteCommandEh
C:\Users\Alex\AppData\Local\Temp\ccHIu9OC.s:478    .text:000002e0 _ZN21CT6963_GPIO_Interface9WriteDataEh
C:\Users\Alex\AppData\Local\Temp\ccHIu9OC.s:575    .text:000003ac _ZN21CT6963_GPIO_Interface8ReadDataEv
C:\Users\Alex\AppData\Local\Temp\ccHIu9OC.s:679    .rodata._ZTV21CT6963_GPIO_Interface:00000000 $d
C:\Users\Alex\AppData\Local\Temp\ccHIu9OC.s:702    .rodata._ZL12c_FontNative:00000000 $d
C:\Users\Alex\AppData\Local\Temp\ccHIu9OC.s:705    .rodata._ZL12c_FontNative:00000000 _ZL12c_FontNative
C:\Users\Alex\AppData\Local\Temp\ccHIu9OC.s:708    .rodata._ZL12c_iDelayFore:00000000 $d
C:\Users\Alex\AppData\Local\Temp\ccHIu9OC.s:711    .rodata._ZL12c_iDelayFore:00000000 _ZL12c_iDelayFore
C:\Users\Alex\AppData\Local\Temp\ccHIu9OC.s:714    .rodata._ZL13c_iDelayAfter:00000000 $d
C:\Users\Alex\AppData\Local\Temp\ccHIu9OC.s:717    .rodata._ZL13c_iDelayAfter:00000000 _ZL13c_iDelayAfter
C:\Users\Alex\AppData\Local\Temp\ccHIu9OC.s:24     .text:00000000 _ZN21CT6963_GPIO_InterfaceC1Ev
                     .debug_frame:00000010 $d

UNDEFINED SYMBOLS
_ZN13CT6963CDriverC2Ev
_ZN13CT6963CDriverD2Ev
_ZdlPv
GPIO_ResetBits
delay_us
GPIO_ReadInputData
GPIO_SetBits
RCC_AHB1PeriphClockCmd
GPIO_Init
init_us_timer
vTaskDelay
_ZN13CT6963CDriver5ClearEv
_ZN13CT6963CDriver4LineEjjjj
_ZN13CT6963CDriver6WindowEjjjj
_ZN13CT6963CDriver9RectangleEjjjjb
_ZN13CT6963CDriver11SectorClearEjjjj
_ZN13CT6963CDriver6CircleEhhh
_ZN13CT6963CDriver11WriteStringEPKcRK5tFontjj
_ZN13CT6963CDriver6BitmapEPhhhhh
_ZN13CT6963CDriver4InitEv
