   1              		.syntax unified
   2              		.cpu cortex-m4
   3              		.eabi_attribute 27, 3
   4              		.fpu fpv4-sp-d16
   5              		.eabi_attribute 20, 1
   6              		.eabi_attribute 21, 1
   7              		.eabi_attribute 23, 3
   8              		.eabi_attribute 24, 1
   9              		.eabi_attribute 25, 1
  10              		.eabi_attribute 26, 1
  11              		.eabi_attribute 30, 6
  12              		.eabi_attribute 34, 1
  13              		.eabi_attribute 18, 4
  14              		.thumb
  15              		.file	"port.c"
  16              		.text
  17              	.Ltext0:
  18              		.cfi_sections	.debug_frame
  19              		.global	ulKernelPriority
  20              		.section	.rodata.ulKernelPriority,"a",%progbits
  21              		.align	2
  24              	ulKernelPriority:
  25 0000 FF000000 		.word	255
  26              		.section	.data.uxCriticalNesting,"aw",%progbits
  27              		.align	2
  30              	uxCriticalNesting:
  31 0000 AAAAAAAA 		.word	-1431655766
  32              		.text
  33              		.align	2
  34              		.global	pxPortInitialiseStack
  35              		.thumb
  36              		.thumb_func
  38              	pxPortInitialiseStack:
  39              	.LFB110:
  40              		.file 1 "../FreeRTOS/Source/portable/GCC/ARM_CM4F/port.c"
   1:../FreeRTOS/Source/portable/GCC/ARM_CM4F/port.c **** /*
   2:../FreeRTOS/Source/portable/GCC/ARM_CM4F/port.c ****     FreeRTOS V7.0.2 - Copyright (C) 2011 Real Time Engineers Ltd.
   3:../FreeRTOS/Source/portable/GCC/ARM_CM4F/port.c **** 	Cortex M4F Port contributed by Thomas Kindler <mail_cm4@t-kindler.de>
   4:../FreeRTOS/Source/portable/GCC/ARM_CM4F/port.c **** 
   5:../FreeRTOS/Source/portable/GCC/ARM_CM4F/port.c ****     ***************************************************************************
   6:../FreeRTOS/Source/portable/GCC/ARM_CM4F/port.c ****      *                                                                       *
   7:../FreeRTOS/Source/portable/GCC/ARM_CM4F/port.c ****      *    FreeRTOS tutorial books are available in pdf and paperback.        *
   8:../FreeRTOS/Source/portable/GCC/ARM_CM4F/port.c ****      *    Complete, revised, and edited pdf reference manuals are also       *
   9:../FreeRTOS/Source/portable/GCC/ARM_CM4F/port.c ****      *    available.                                                         *
  10:../FreeRTOS/Source/portable/GCC/ARM_CM4F/port.c ****      *                                                                       *
  11:../FreeRTOS/Source/portable/GCC/ARM_CM4F/port.c ****      *    Purchasing FreeRTOS documentation will not only help you, by       *
  12:../FreeRTOS/Source/portable/GCC/ARM_CM4F/port.c ****      *    ensuring you get running as quickly as possible and with an        *
  13:../FreeRTOS/Source/portable/GCC/ARM_CM4F/port.c ****      *    in-depth knowledge of how to use FreeRTOS, it will also help       *
  14:../FreeRTOS/Source/portable/GCC/ARM_CM4F/port.c ****      *    the FreeRTOS project to continue with its mission of providing     *
  15:../FreeRTOS/Source/portable/GCC/ARM_CM4F/port.c ****      *    professional grade, cross platform, de facto standard solutions    *
  16:../FreeRTOS/Source/portable/GCC/ARM_CM4F/port.c ****      *    for microcontrollers - completely free of charge!                  *
  17:../FreeRTOS/Source/portable/GCC/ARM_CM4F/port.c ****      *                                                                       *
  18:../FreeRTOS/Source/portable/GCC/ARM_CM4F/port.c ****      *    >>> See http://www.FreeRTOS.org/Documentation for details. <<<     *
  19:../FreeRTOS/Source/portable/GCC/ARM_CM4F/port.c ****      *                                                                       *
  20:../FreeRTOS/Source/portable/GCC/ARM_CM4F/port.c ****      *    Thank you for using FreeRTOS, and thank you for your support!      *
  21:../FreeRTOS/Source/portable/GCC/ARM_CM4F/port.c ****      *                                                                       *
  22:../FreeRTOS/Source/portable/GCC/ARM_CM4F/port.c ****     ***************************************************************************
  23:../FreeRTOS/Source/portable/GCC/ARM_CM4F/port.c **** 
  24:../FreeRTOS/Source/portable/GCC/ARM_CM4F/port.c **** 
  25:../FreeRTOS/Source/portable/GCC/ARM_CM4F/port.c ****     This file is part of the FreeRTOS distribution.
  26:../FreeRTOS/Source/portable/GCC/ARM_CM4F/port.c **** 
  27:../FreeRTOS/Source/portable/GCC/ARM_CM4F/port.c ****     FreeRTOS is free software; you can redistribute it and/or modify it under
  28:../FreeRTOS/Source/portable/GCC/ARM_CM4F/port.c ****     the terms of the GNU General Public License (version 2) as published by the
  29:../FreeRTOS/Source/portable/GCC/ARM_CM4F/port.c ****     Free Software Foundation AND MODIFIED BY the FreeRTOS exception.
  30:../FreeRTOS/Source/portable/GCC/ARM_CM4F/port.c ****     >>>NOTE<<< The modification to the GPL is included to allow you to
  31:../FreeRTOS/Source/portable/GCC/ARM_CM4F/port.c ****     distribute a combined work that includes FreeRTOS without being obliged to
  32:../FreeRTOS/Source/portable/GCC/ARM_CM4F/port.c ****     provide the source code for proprietary components outside of the FreeRTOS
  33:../FreeRTOS/Source/portable/GCC/ARM_CM4F/port.c ****     kernel.  FreeRTOS is distributed in the hope that it will be useful, but
  34:../FreeRTOS/Source/portable/GCC/ARM_CM4F/port.c ****     WITHOUT ANY WARRANTY; without even the implied warranty of MERCHANTABILITY
  35:../FreeRTOS/Source/portable/GCC/ARM_CM4F/port.c ****     or FITNESS FOR A PARTICULAR PURPOSE.  See the GNU General Public License for
  36:../FreeRTOS/Source/portable/GCC/ARM_CM4F/port.c ****     more details. You should have received a copy of the GNU General Public
  37:../FreeRTOS/Source/portable/GCC/ARM_CM4F/port.c ****     License and the FreeRTOS license exception along with FreeRTOS; if not it
  38:../FreeRTOS/Source/portable/GCC/ARM_CM4F/port.c ****     can be viewed here: http://www.freertos.org/a00114.html and also obtained
  39:../FreeRTOS/Source/portable/GCC/ARM_CM4F/port.c ****     by writing to Richard Barry, contact details for whom are available on the
  40:../FreeRTOS/Source/portable/GCC/ARM_CM4F/port.c ****     FreeRTOS WEB site.
  41:../FreeRTOS/Source/portable/GCC/ARM_CM4F/port.c **** 
  42:../FreeRTOS/Source/portable/GCC/ARM_CM4F/port.c ****     1 tab == 4 spaces!
  43:../FreeRTOS/Source/portable/GCC/ARM_CM4F/port.c **** 
  44:../FreeRTOS/Source/portable/GCC/ARM_CM4F/port.c ****     http://www.FreeRTOS.org - Documentation, latest information, license and
  45:../FreeRTOS/Source/portable/GCC/ARM_CM4F/port.c ****     contact details.
  46:../FreeRTOS/Source/portable/GCC/ARM_CM4F/port.c **** 
  47:../FreeRTOS/Source/portable/GCC/ARM_CM4F/port.c ****     http://www.SafeRTOS.com - A version that is certified for use in safety
  48:../FreeRTOS/Source/portable/GCC/ARM_CM4F/port.c ****     critical systems.
  49:../FreeRTOS/Source/portable/GCC/ARM_CM4F/port.c **** 
  50:../FreeRTOS/Source/portable/GCC/ARM_CM4F/port.c ****     http://www.OpenRTOS.com - Commercial support, development, porting,
  51:../FreeRTOS/Source/portable/GCC/ARM_CM4F/port.c ****     licensing and training services.
  52:../FreeRTOS/Source/portable/GCC/ARM_CM4F/port.c **** */
  53:../FreeRTOS/Source/portable/GCC/ARM_CM4F/port.c **** 
  54:../FreeRTOS/Source/portable/GCC/ARM_CM4F/port.c **** /*-----------------------------------------------------------
  55:../FreeRTOS/Source/portable/GCC/ARM_CM4F/port.c ****  * Implementation of functions defined in portable.h for the ARM CM4F port.
  56:../FreeRTOS/Source/portable/GCC/ARM_CM4F/port.c ****  *----------------------------------------------------------*/
  57:../FreeRTOS/Source/portable/GCC/ARM_CM4F/port.c **** 
  58:../FreeRTOS/Source/portable/GCC/ARM_CM4F/port.c **** /* Scheduler includes. */
  59:../FreeRTOS/Source/portable/GCC/ARM_CM4F/port.c **** #include "FreeRTOS.h"
  60:../FreeRTOS/Source/portable/GCC/ARM_CM4F/port.c **** #include "task.h"
  61:../FreeRTOS/Source/portable/GCC/ARM_CM4F/port.c **** 
  62:../FreeRTOS/Source/portable/GCC/ARM_CM4F/port.c **** /* For backward compatibility, ensure configKERNEL_INTERRUPT_PRIORITY is
  63:../FreeRTOS/Source/portable/GCC/ARM_CM4F/port.c **** defined.  The value should also ensure backward compatibility.
  64:../FreeRTOS/Source/portable/GCC/ARM_CM4F/port.c **** FreeRTOS.org versions prior to V4.4.0 did not include this definition. */
  65:../FreeRTOS/Source/portable/GCC/ARM_CM4F/port.c **** #ifndef configKERNEL_INTERRUPT_PRIORITY
  66:../FreeRTOS/Source/portable/GCC/ARM_CM4F/port.c **** 	#define configKERNEL_INTERRUPT_PRIORITY 255
  67:../FreeRTOS/Source/portable/GCC/ARM_CM4F/port.c **** #endif
  68:../FreeRTOS/Source/portable/GCC/ARM_CM4F/port.c **** 
  69:../FreeRTOS/Source/portable/GCC/ARM_CM4F/port.c **** /* Constants required to manipulate the NVIC. */
  70:../FreeRTOS/Source/portable/GCC/ARM_CM4F/port.c **** #define portNVIC_SYSTICK_CTRL		( ( volatile unsigned long *) 0xe000e010 )
  71:../FreeRTOS/Source/portable/GCC/ARM_CM4F/port.c **** #define portNVIC_SYSTICK_LOAD		( ( volatile unsigned long *) 0xe000e014 )
  72:../FreeRTOS/Source/portable/GCC/ARM_CM4F/port.c **** #define portNVIC_INT_CTRL			( ( volatile unsigned long *) 0xe000ed04 )
  73:../FreeRTOS/Source/portable/GCC/ARM_CM4F/port.c **** #define portNVIC_SYSPRI2			( ( volatile unsigned long *) 0xe000ed20 )
  74:../FreeRTOS/Source/portable/GCC/ARM_CM4F/port.c **** #define portNVIC_SYSTICK_CLK		0x00000004
  75:../FreeRTOS/Source/portable/GCC/ARM_CM4F/port.c **** #define portNVIC_SYSTICK_INT		0x00000002
  76:../FreeRTOS/Source/portable/GCC/ARM_CM4F/port.c **** #define portNVIC_SYSTICK_ENABLE		0x00000001
  77:../FreeRTOS/Source/portable/GCC/ARM_CM4F/port.c **** #define portNVIC_PENDSVSET			0x10000000
  78:../FreeRTOS/Source/portable/GCC/ARM_CM4F/port.c **** #define portNVIC_PENDSV_PRI			( ( ( unsigned long ) configKERNEL_INTERRUPT_PRIORITY ) << 16 )
  79:../FreeRTOS/Source/portable/GCC/ARM_CM4F/port.c **** #define portNVIC_SYSTICK_PRI		( ( ( unsigned long ) configKERNEL_INTERRUPT_PRIORITY ) << 24 )
  80:../FreeRTOS/Source/portable/GCC/ARM_CM4F/port.c **** 
  81:../FreeRTOS/Source/portable/GCC/ARM_CM4F/port.c **** /* Constants required to set up the initial stack. */
  82:../FreeRTOS/Source/portable/GCC/ARM_CM4F/port.c **** #define portINITIAL_XPSR			( 0x01000000 )
  83:../FreeRTOS/Source/portable/GCC/ARM_CM4F/port.c **** #define portINITIAL_EXC_RETURN		( 0xFFFFFFFD )
  84:../FreeRTOS/Source/portable/GCC/ARM_CM4F/port.c **** 
  85:../FreeRTOS/Source/portable/GCC/ARM_CM4F/port.c **** /* The priority used by the kernel is assigned to a variable to make access
  86:../FreeRTOS/Source/portable/GCC/ARM_CM4F/port.c **** from inline assembler easier. */
  87:../FreeRTOS/Source/portable/GCC/ARM_CM4F/port.c **** const unsigned long ulKernelPriority = configKERNEL_INTERRUPT_PRIORITY;
  88:../FreeRTOS/Source/portable/GCC/ARM_CM4F/port.c **** 
  89:../FreeRTOS/Source/portable/GCC/ARM_CM4F/port.c **** /* Each task maintains its own interrupt status in the critical nesting
  90:../FreeRTOS/Source/portable/GCC/ARM_CM4F/port.c **** variable. */
  91:../FreeRTOS/Source/portable/GCC/ARM_CM4F/port.c **** static unsigned portBASE_TYPE uxCriticalNesting = 0xaaaaaaaa;
  92:../FreeRTOS/Source/portable/GCC/ARM_CM4F/port.c **** 
  93:../FreeRTOS/Source/portable/GCC/ARM_CM4F/port.c **** /*
  94:../FreeRTOS/Source/portable/GCC/ARM_CM4F/port.c ****  * Setup the timer to generate the tick interrupts.
  95:../FreeRTOS/Source/portable/GCC/ARM_CM4F/port.c ****  */
  96:../FreeRTOS/Source/portable/GCC/ARM_CM4F/port.c **** static void prvSetupTimerInterrupt( void );
  97:../FreeRTOS/Source/portable/GCC/ARM_CM4F/port.c **** 
  98:../FreeRTOS/Source/portable/GCC/ARM_CM4F/port.c **** /*
  99:../FreeRTOS/Source/portable/GCC/ARM_CM4F/port.c ****  * Exception handlers.
 100:../FreeRTOS/Source/portable/GCC/ARM_CM4F/port.c ****  */
 101:../FreeRTOS/Source/portable/GCC/ARM_CM4F/port.c **** void xPortPendSVHandler( void ) __attribute__ (( naked ));
 102:../FreeRTOS/Source/portable/GCC/ARM_CM4F/port.c **** void xPortSysTickHandler( void );
 103:../FreeRTOS/Source/portable/GCC/ARM_CM4F/port.c **** void vPortSVCHandler( void ) __attribute__ (( naked ));
 104:../FreeRTOS/Source/portable/GCC/ARM_CM4F/port.c **** 
 105:../FreeRTOS/Source/portable/GCC/ARM_CM4F/port.c **** /*
 106:../FreeRTOS/Source/portable/GCC/ARM_CM4F/port.c ****  * Start first task is a separate function so it can be tested in isolation.
 107:../FreeRTOS/Source/portable/GCC/ARM_CM4F/port.c ****  */
 108:../FreeRTOS/Source/portable/GCC/ARM_CM4F/port.c **** void vPortStartFirstTask( void ) __attribute__ (( naked ));
 109:../FreeRTOS/Source/portable/GCC/ARM_CM4F/port.c **** 
 110:../FreeRTOS/Source/portable/GCC/ARM_CM4F/port.c **** /*-----------------------------------------------------------*/
 111:../FreeRTOS/Source/portable/GCC/ARM_CM4F/port.c **** 
 112:../FreeRTOS/Source/portable/GCC/ARM_CM4F/port.c **** /*
 113:../FreeRTOS/Source/portable/GCC/ARM_CM4F/port.c ****  * See header file for description.
 114:../FreeRTOS/Source/portable/GCC/ARM_CM4F/port.c ****  */
 115:../FreeRTOS/Source/portable/GCC/ARM_CM4F/port.c **** portSTACK_TYPE *pxPortInitialiseStack( portSTACK_TYPE *pxTopOfStack, pdTASK_CODE pxCode, void *pvPa
 116:../FreeRTOS/Source/portable/GCC/ARM_CM4F/port.c **** {
  41              		.loc 1 116 0
  42              		.cfi_startproc
  43              		@ args = 0, pretend = 0, frame = 16
  44              		@ frame_needed = 1, uses_anonymous_args = 0
  45              		@ link register save eliminated.
  46 0000 80B4     		push	{r7}
  47              	.LCFI0:
  48              		.cfi_def_cfa_offset 4
  49              		.cfi_offset 7, -4
  50 0002 85B0     		sub	sp, sp, #20
  51              	.LCFI1:
  52              		.cfi_def_cfa_offset 24
  53 0004 00AF     		add	r7, sp, #0
  54              	.LCFI2:
  55              		.cfi_def_cfa_register 7
  56 0006 F860     		str	r0, [r7, #12]
  57 0008 B960     		str	r1, [r7, #8]
  58 000a 7A60     		str	r2, [r7, #4]
 117:../FreeRTOS/Source/portable/GCC/ARM_CM4F/port.c **** 	/* Simulate the stack frame as it would be created by a context switch
 118:../FreeRTOS/Source/portable/GCC/ARM_CM4F/port.c **** 	interrupt. */
 119:../FreeRTOS/Source/portable/GCC/ARM_CM4F/port.c **** 	pxTopOfStack--; /* Offset added to account for the way the MCU uses the stack on entry/exit of int
  59              		.loc 1 119 0
  60 000c FB68     		ldr	r3, [r7, #12]
  61 000e A3F10403 		sub	r3, r3, #4
  62 0012 FB60     		str	r3, [r7, #12]
 120:../FreeRTOS/Source/portable/GCC/ARM_CM4F/port.c **** 	*pxTopOfStack = portINITIAL_XPSR;	/* xPSR */
  63              		.loc 1 120 0
  64 0014 FB68     		ldr	r3, [r7, #12]
  65 0016 4FF08072 		mov	r2, #16777216
  66 001a 1A60     		str	r2, [r3, #0]
 121:../FreeRTOS/Source/portable/GCC/ARM_CM4F/port.c **** 	pxTopOfStack--;
  67              		.loc 1 121 0
  68 001c FB68     		ldr	r3, [r7, #12]
  69 001e A3F10403 		sub	r3, r3, #4
  70 0022 FB60     		str	r3, [r7, #12]
 122:../FreeRTOS/Source/portable/GCC/ARM_CM4F/port.c **** 	*pxTopOfStack = ( portSTACK_TYPE ) pxCode;	/* PC */
  71              		.loc 1 122 0
  72 0024 BA68     		ldr	r2, [r7, #8]
  73 0026 FB68     		ldr	r3, [r7, #12]
  74 0028 1A60     		str	r2, [r3, #0]
 123:../FreeRTOS/Source/portable/GCC/ARM_CM4F/port.c **** 	pxTopOfStack--;
  75              		.loc 1 123 0
  76 002a FB68     		ldr	r3, [r7, #12]
  77 002c A3F10403 		sub	r3, r3, #4
  78 0030 FB60     		str	r3, [r7, #12]
 124:../FreeRTOS/Source/portable/GCC/ARM_CM4F/port.c **** 	*pxTopOfStack = 0;	/* LR */
  79              		.loc 1 124 0
  80 0032 FB68     		ldr	r3, [r7, #12]
  81 0034 4FF00002 		mov	r2, #0
  82 0038 1A60     		str	r2, [r3, #0]
 125:../FreeRTOS/Source/portable/GCC/ARM_CM4F/port.c **** 	pxTopOfStack -= 5;	/* R12, R3, R2 and R1. */
  83              		.loc 1 125 0
  84 003a FB68     		ldr	r3, [r7, #12]
  85 003c A3F11403 		sub	r3, r3, #20
  86 0040 FB60     		str	r3, [r7, #12]
 126:../FreeRTOS/Source/portable/GCC/ARM_CM4F/port.c **** 	*pxTopOfStack = ( portSTACK_TYPE ) pvParameters;	/* R0 */
  87              		.loc 1 126 0
  88 0042 7A68     		ldr	r2, [r7, #4]
  89 0044 FB68     		ldr	r3, [r7, #12]
  90 0046 1A60     		str	r2, [r3, #0]
 127:../FreeRTOS/Source/portable/GCC/ARM_CM4F/port.c **** 	pxTopOfStack -= 9;	/* R11, R10, R9, R8, R7, R6, R5 and R4. */
  91              		.loc 1 127 0
  92 0048 FB68     		ldr	r3, [r7, #12]
  93 004a A3F12403 		sub	r3, r3, #36
  94 004e FB60     		str	r3, [r7, #12]
 128:../FreeRTOS/Source/portable/GCC/ARM_CM4F/port.c **** 	*pxTopOfStack = ( portSTACK_TYPE ) portINITIAL_EXC_RETURN;
  95              		.loc 1 128 0
  96 0050 FB68     		ldr	r3, [r7, #12]
  97 0052 6FF00202 		mvn	r2, #2
  98 0056 1A60     		str	r2, [r3, #0]
 129:../FreeRTOS/Source/portable/GCC/ARM_CM4F/port.c **** 	return pxTopOfStack;
  99              		.loc 1 129 0
 100 0058 FB68     		ldr	r3, [r7, #12]
 130:../FreeRTOS/Source/portable/GCC/ARM_CM4F/port.c **** }
 101              		.loc 1 130 0
 102 005a 1846     		mov	r0, r3
 103 005c 07F11407 		add	r7, r7, #20
 104 0060 BD46     		mov	sp, r7
 105 0062 80BC     		pop	{r7}
 106 0064 7047     		bx	lr
 107              		.cfi_endproc
 108              	.LFE110:
 110 0066 00BF     		.align	2
 111              		.global	SVC_Handler
 112              		.thumb
 113              		.thumb_func
 115              	SVC_Handler:
 116              	.LFB111:
 131:../FreeRTOS/Source/portable/GCC/ARM_CM4F/port.c **** /*-----------------------------------------------------------*/
 132:../FreeRTOS/Source/portable/GCC/ARM_CM4F/port.c **** 
 133:../FreeRTOS/Source/portable/GCC/ARM_CM4F/port.c **** void vPortSVCHandler( void )
 134:../FreeRTOS/Source/portable/GCC/ARM_CM4F/port.c **** {
 117              		.loc 1 134 0
 118              		.cfi_startproc
 119              		@ Naked Function: prologue and epilogue provided by programmer.
 120              		@ args = 0, pretend = 0, frame = 0
 121              		@ frame_needed = 1, uses_anonymous_args = 0
 135:../FreeRTOS/Source/portable/GCC/ARM_CM4F/port.c **** 	__asm volatile (
 122              		.loc 1 135 0
 123              	@ 135 "../FreeRTOS/Source/portable/GCC/ARM_CM4F/port.c" 1
 124 0068 064B     			ldr	r3, pxCurrentTCBConst2		
 125 006a 1968     		ldr r1, [r3]					
 126 006c 0868     		ldr r0, [r1]					
 127 006e 50F804EB 		ldmia r0!, {r14}				
 128 0072 B0E8F00F 		ldmia r0!, {r4-r11}				
 129 0076 80F30988 		msr psp, r0						
 130 007a 4FF00000 		mov r0, #0 						
 131 007e 80F31188 		msr	basepri, r0					
 132 0082 7047     		bx r14							
 133              										
 134              		.align 2						
 135 0084 00000000 	pxCurrentTCBConst2: .word pxCurrentTCB				
 136              	
 137              	@ 0 "" 2
 136:../FreeRTOS/Source/portable/GCC/ARM_CM4F/port.c **** 					"	ldr	r3, pxCurrentTCBConst2		\n" /* Restore the context. */
 137:../FreeRTOS/Source/portable/GCC/ARM_CM4F/port.c **** 					"	ldr r1, [r3]					\n" /* Use pxCurrentTCBConst to get the pxCurrentTCB address. */
 138:../FreeRTOS/Source/portable/GCC/ARM_CM4F/port.c **** 					"	ldr r0, [r1]					\n" /* The first item in pxCurrentTCB is the task top of stack. */
 139:../FreeRTOS/Source/portable/GCC/ARM_CM4F/port.c **** 					"	ldmia r0!, {r14}				\n" /* Pop the EXC_RETURN value */
 140:../FreeRTOS/Source/portable/GCC/ARM_CM4F/port.c **** 					"	ldmia r0!, {r4-r11}				\n" /* Pop the registers that are not automatically saved on exceptio
 141:../FreeRTOS/Source/portable/GCC/ARM_CM4F/port.c **** 					"	msr psp, r0						\n" /* Restore the task stack pointer. */
 142:../FreeRTOS/Source/portable/GCC/ARM_CM4F/port.c **** 					"	mov r0, #0 						\n"
 143:../FreeRTOS/Source/portable/GCC/ARM_CM4F/port.c **** 					"	msr	basepri, r0					\n"
 144:../FreeRTOS/Source/portable/GCC/ARM_CM4F/port.c **** 					"	bx r14							\n"
 145:../FreeRTOS/Source/portable/GCC/ARM_CM4F/port.c **** 					"									\n"
 146:../FreeRTOS/Source/portable/GCC/ARM_CM4F/port.c **** 					"	.align 2						\n"
 147:../FreeRTOS/Source/portable/GCC/ARM_CM4F/port.c **** 					"pxCurrentTCBConst2: .word pxCurrentTCB				\n"
 148:../FreeRTOS/Source/portable/GCC/ARM_CM4F/port.c **** 				);
 149:../FreeRTOS/Source/portable/GCC/ARM_CM4F/port.c **** }
 138              		.loc 1 149 0
 139              		.thumb
 140              		.cfi_endproc
 141              	.LFE111:
 143              		.align	2
 144              		.global	vPortStartFirstTask
 145              		.thumb
 146              		.thumb_func
 148              	vPortStartFirstTask:
 149              	.LFB112:
 150:../FreeRTOS/Source/portable/GCC/ARM_CM4F/port.c **** /*-----------------------------------------------------------*/
 151:../FreeRTOS/Source/portable/GCC/ARM_CM4F/port.c **** 
 152:../FreeRTOS/Source/portable/GCC/ARM_CM4F/port.c **** void vPortStartFirstTask( void )
 153:../FreeRTOS/Source/portable/GCC/ARM_CM4F/port.c **** {
 150              		.loc 1 153 0
 151              		.cfi_startproc
 152              		@ Naked Function: prologue and epilogue provided by programmer.
 153              		@ args = 0, pretend = 0, frame = 0
 154              		@ frame_needed = 1, uses_anonymous_args = 0
 154:../FreeRTOS/Source/portable/GCC/ARM_CM4F/port.c **** 	__asm volatile(
 155              		.loc 1 154 0
 156              	@ 154 "../FreeRTOS/Source/portable/GCC/ARM_CM4F/port.c" 1
 157 0088 6E48     		 ldr r0, =0xE000ED08 	
 158 008a 0068     	 ldr r0, [r0] 			
 159 008c 0068     	 ldr r0, [r0] 			
 160 008e 80F30888 	 msr msp, r0			
 161 0092 62B6     	 cpsie i				
 162 0094 00DF     	 svc 0					
 163 0096 00BF     	 nop					
 164              	
 165              	@ 0 "" 2
 155:../FreeRTOS/Source/portable/GCC/ARM_CM4F/port.c **** 					" ldr r0, =0xE000ED08 	\n" /* Use the NVIC offset register to locate the stack. */
 156:../FreeRTOS/Source/portable/GCC/ARM_CM4F/port.c **** 					" ldr r0, [r0] 			\n"
 157:../FreeRTOS/Source/portable/GCC/ARM_CM4F/port.c **** 					" ldr r0, [r0] 			\n"
 158:../FreeRTOS/Source/portable/GCC/ARM_CM4F/port.c **** 					" msr msp, r0			\n" /* Set the msp back to the start of the stack. */
 159:../FreeRTOS/Source/portable/GCC/ARM_CM4F/port.c **** 					" cpsie i				\n" /* Globally enable interrupts. */
 160:../FreeRTOS/Source/portable/GCC/ARM_CM4F/port.c **** 					" svc 0					\n" /* System call to start first task. */
 161:../FreeRTOS/Source/portable/GCC/ARM_CM4F/port.c **** 					" nop					\n"
 162:../FreeRTOS/Source/portable/GCC/ARM_CM4F/port.c **** 				);
 163:../FreeRTOS/Source/portable/GCC/ARM_CM4F/port.c **** }
 166              		.loc 1 163 0
 167              		.thumb
 168              		.cfi_endproc
 169              	.LFE112:
 171              		.align	2
 172              		.global	xPortStartScheduler
 173              		.thumb
 174              		.thumb_func
 176              	xPortStartScheduler:
 177              	.LFB113:
 164:../FreeRTOS/Source/portable/GCC/ARM_CM4F/port.c **** /*-----------------------------------------------------------*/
 165:../FreeRTOS/Source/portable/GCC/ARM_CM4F/port.c **** 
 166:../FreeRTOS/Source/portable/GCC/ARM_CM4F/port.c **** /*
 167:../FreeRTOS/Source/portable/GCC/ARM_CM4F/port.c ****  * See header file for description.
 168:../FreeRTOS/Source/portable/GCC/ARM_CM4F/port.c ****  */
 169:../FreeRTOS/Source/portable/GCC/ARM_CM4F/port.c **** portBASE_TYPE xPortStartScheduler( void )
 170:../FreeRTOS/Source/portable/GCC/ARM_CM4F/port.c **** {
 178              		.loc 1 170 0
 179              		.cfi_startproc
 180              		@ args = 0, pretend = 0, frame = 0
 181              		@ frame_needed = 1, uses_anonymous_args = 0
 182 0098 80B5     		push	{r7, lr}
 183              	.LCFI3:
 184              		.cfi_def_cfa_offset 8
 185              		.cfi_offset 14, -4
 186              		.cfi_offset 7, -8
 187 009a 00AF     		add	r7, sp, #0
 188              	.LCFI4:
 189              		.cfi_def_cfa_register 7
 171:../FreeRTOS/Source/portable/GCC/ARM_CM4F/port.c **** 	/* Make PendSV, CallSV and SysTick the same priroity as the kernel. */
 172:../FreeRTOS/Source/portable/GCC/ARM_CM4F/port.c **** 	*(portNVIC_SYSPRI2) |= portNVIC_PENDSV_PRI;
 190              		.loc 1 172 0
 191 009c 4EF62053 		movw	r3, #60704
 192 00a0 CEF20003 		movt	r3, 57344
 193 00a4 4EF62052 		movw	r2, #60704
 194 00a8 CEF20002 		movt	r2, 57344
 195 00ac 1268     		ldr	r2, [r2, #0]
 196 00ae 42F47F02 		orr	r2, r2, #16711680
 197 00b2 1A60     		str	r2, [r3, #0]
 173:../FreeRTOS/Source/portable/GCC/ARM_CM4F/port.c **** 	*(portNVIC_SYSPRI2) |= portNVIC_SYSTICK_PRI;
 198              		.loc 1 173 0
 199 00b4 4EF62053 		movw	r3, #60704
 200 00b8 CEF20003 		movt	r3, 57344
 201 00bc 4EF62052 		movw	r2, #60704
 202 00c0 CEF20002 		movt	r2, 57344
 203 00c4 1268     		ldr	r2, [r2, #0]
 204 00c6 42F07F42 		orr	r2, r2, #-16777216
 205 00ca 1A60     		str	r2, [r3, #0]
 174:../FreeRTOS/Source/portable/GCC/ARM_CM4F/port.c **** 
 175:../FreeRTOS/Source/portable/GCC/ARM_CM4F/port.c **** 	/* Start the timer that generates the tick ISR.  Interrupts are disabled
 176:../FreeRTOS/Source/portable/GCC/ARM_CM4F/port.c **** 	here already. */
 177:../FreeRTOS/Source/portable/GCC/ARM_CM4F/port.c **** 	prvSetupTimerInterrupt();
 206              		.loc 1 177 0
 207 00cc 00F09AF8 		bl	prvSetupTimerInterrupt
 178:../FreeRTOS/Source/portable/GCC/ARM_CM4F/port.c **** 
 179:../FreeRTOS/Source/portable/GCC/ARM_CM4F/port.c **** 	/* Initialise the critical nesting count ready for the first task. */
 180:../FreeRTOS/Source/portable/GCC/ARM_CM4F/port.c **** 	uxCriticalNesting = 0;
 208              		.loc 1 180 0
 209 00d0 40F20003 		movw	r3, #:lower16:uxCriticalNesting
 210 00d4 C0F20003 		movt	r3, #:upper16:uxCriticalNesting
 211 00d8 4FF00002 		mov	r2, #0
 212 00dc 1A60     		str	r2, [r3, #0]
 181:../FreeRTOS/Source/portable/GCC/ARM_CM4F/port.c **** 
 182:../FreeRTOS/Source/portable/GCC/ARM_CM4F/port.c **** 	/* Start the first task. */
 183:../FreeRTOS/Source/portable/GCC/ARM_CM4F/port.c **** 	vPortStartFirstTask();
 213              		.loc 1 183 0
 214 00de FFF7FEFF 		bl	vPortStartFirstTask
 184:../FreeRTOS/Source/portable/GCC/ARM_CM4F/port.c **** 
 185:../FreeRTOS/Source/portable/GCC/ARM_CM4F/port.c **** 	/* Should not get here! */
 186:../FreeRTOS/Source/portable/GCC/ARM_CM4F/port.c **** 	return 0;
 215              		.loc 1 186 0
 216 00e2 4FF00003 		mov	r3, #0
 187:../FreeRTOS/Source/portable/GCC/ARM_CM4F/port.c **** }
 217              		.loc 1 187 0
 218 00e6 1846     		mov	r0, r3
 219 00e8 80BD     		pop	{r7, pc}
 220              		.cfi_endproc
 221              	.LFE113:
 223 00ea 00BF     		.align	2
 224              		.global	vPortEndScheduler
 225              		.thumb
 226              		.thumb_func
 228              	vPortEndScheduler:
 229              	.LFB114:
 188:../FreeRTOS/Source/portable/GCC/ARM_CM4F/port.c **** /*-----------------------------------------------------------*/
 189:../FreeRTOS/Source/portable/GCC/ARM_CM4F/port.c **** 
 190:../FreeRTOS/Source/portable/GCC/ARM_CM4F/port.c **** void vPortEndScheduler( void )
 191:../FreeRTOS/Source/portable/GCC/ARM_CM4F/port.c **** {
 230              		.loc 1 191 0
 231              		.cfi_startproc
 232              		@ args = 0, pretend = 0, frame = 0
 233              		@ frame_needed = 1, uses_anonymous_args = 0
 234              		@ link register save eliminated.
 235 00ec 80B4     		push	{r7}
 236              	.LCFI5:
 237              		.cfi_def_cfa_offset 4
 238              		.cfi_offset 7, -4
 239 00ee 00AF     		add	r7, sp, #0
 240              	.LCFI6:
 241              		.cfi_def_cfa_register 7
 192:../FreeRTOS/Source/portable/GCC/ARM_CM4F/port.c **** 	/* It is unlikely that the CM4F port will require this function as there
 193:../FreeRTOS/Source/portable/GCC/ARM_CM4F/port.c **** 	is nothing to return to.  */
 194:../FreeRTOS/Source/portable/GCC/ARM_CM4F/port.c **** }
 242              		.loc 1 194 0
 243 00f0 BD46     		mov	sp, r7
 244 00f2 80BC     		pop	{r7}
 245 00f4 7047     		bx	lr
 246              		.cfi_endproc
 247              	.LFE114:
 249 00f6 00BF     		.align	2
 250              		.global	vPortYieldFromISR
 251              		.thumb
 252              		.thumb_func
 254              	vPortYieldFromISR:
 255              	.LFB115:
 195:../FreeRTOS/Source/portable/GCC/ARM_CM4F/port.c **** /*-----------------------------------------------------------*/
 196:../FreeRTOS/Source/portable/GCC/ARM_CM4F/port.c **** 
 197:../FreeRTOS/Source/portable/GCC/ARM_CM4F/port.c **** void vPortYieldFromISR( void )
 198:../FreeRTOS/Source/portable/GCC/ARM_CM4F/port.c **** {
 256              		.loc 1 198 0
 257              		.cfi_startproc
 258              		@ args = 0, pretend = 0, frame = 0
 259              		@ frame_needed = 1, uses_anonymous_args = 0
 260              		@ link register save eliminated.
 261 00f8 80B4     		push	{r7}
 262              	.LCFI7:
 263              		.cfi_def_cfa_offset 4
 264              		.cfi_offset 7, -4
 265 00fa 00AF     		add	r7, sp, #0
 266              	.LCFI8:
 267              		.cfi_def_cfa_register 7
 199:../FreeRTOS/Source/portable/GCC/ARM_CM4F/port.c **** 	/* Set a PendSV to request a context switch. */
 200:../FreeRTOS/Source/portable/GCC/ARM_CM4F/port.c **** 	*(portNVIC_INT_CTRL) = portNVIC_PENDSVSET;
 268              		.loc 1 200 0
 269 00fc 4EF60453 		movw	r3, #60676
 270 0100 CEF20003 		movt	r3, 57344
 271 0104 4FF08052 		mov	r2, #268435456
 272 0108 1A60     		str	r2, [r3, #0]
 201:../FreeRTOS/Source/portable/GCC/ARM_CM4F/port.c **** }
 273              		.loc 1 201 0
 274 010a BD46     		mov	sp, r7
 275 010c 80BC     		pop	{r7}
 276 010e 7047     		bx	lr
 277              		.cfi_endproc
 278              	.LFE115:
 280              		.align	2
 281              		.global	vPortEnterCritical
 282              		.thumb
 283              		.thumb_func
 285              	vPortEnterCritical:
 286              	.LFB116:
 202:../FreeRTOS/Source/portable/GCC/ARM_CM4F/port.c **** /*-----------------------------------------------------------*/
 203:../FreeRTOS/Source/portable/GCC/ARM_CM4F/port.c **** 
 204:../FreeRTOS/Source/portable/GCC/ARM_CM4F/port.c **** void vPortEnterCritical( void )
 205:../FreeRTOS/Source/portable/GCC/ARM_CM4F/port.c **** {
 287              		.loc 1 205 0
 288              		.cfi_startproc
 289              		@ args = 0, pretend = 0, frame = 0
 290              		@ frame_needed = 1, uses_anonymous_args = 0
 291              		@ link register save eliminated.
 292 0110 80B4     		push	{r7}
 293              	.LCFI9:
 294              		.cfi_def_cfa_offset 4
 295              		.cfi_offset 7, -4
 296 0112 00AF     		add	r7, sp, #0
 297              	.LCFI10:
 298              		.cfi_def_cfa_register 7
 206:../FreeRTOS/Source/portable/GCC/ARM_CM4F/port.c **** 	portDISABLE_INTERRUPTS();
 299              		.loc 1 206 0
 300              	@ 206 "../FreeRTOS/Source/portable/GCC/ARM_CM4F/port.c" 1
 301 0114 4FF0BF00 			mov r0, #191								
 302 0118 80F31188 		msr basepri, r0							
 303              	
 304              	@ 0 "" 2
 207:../FreeRTOS/Source/portable/GCC/ARM_CM4F/port.c **** 	uxCriticalNesting++;
 305              		.loc 1 207 0
 306              		.thumb
 307 011c 40F20003 		movw	r3, #:lower16:uxCriticalNesting
 308 0120 C0F20003 		movt	r3, #:upper16:uxCriticalNesting
 309 0124 1B68     		ldr	r3, [r3, #0]
 310 0126 03F10102 		add	r2, r3, #1
 311 012a 40F20003 		movw	r3, #:lower16:uxCriticalNesting
 312 012e C0F20003 		movt	r3, #:upper16:uxCriticalNesting
 313 0132 1A60     		str	r2, [r3, #0]
 208:../FreeRTOS/Source/portable/GCC/ARM_CM4F/port.c **** }
 314              		.loc 1 208 0
 315 0134 BD46     		mov	sp, r7
 316 0136 80BC     		pop	{r7}
 317 0138 7047     		bx	lr
 318              		.cfi_endproc
 319              	.LFE116:
 321 013a 00BF     		.align	2
 322              		.global	vPortExitCritical
 323              		.thumb
 324              		.thumb_func
 326              	vPortExitCritical:
 327              	.LFB117:
 209:../FreeRTOS/Source/portable/GCC/ARM_CM4F/port.c **** /*-----------------------------------------------------------*/
 210:../FreeRTOS/Source/portable/GCC/ARM_CM4F/port.c **** 
 211:../FreeRTOS/Source/portable/GCC/ARM_CM4F/port.c **** void vPortExitCritical( void )
 212:../FreeRTOS/Source/portable/GCC/ARM_CM4F/port.c **** {
 328              		.loc 1 212 0
 329              		.cfi_startproc
 330              		@ args = 0, pretend = 0, frame = 0
 331              		@ frame_needed = 1, uses_anonymous_args = 0
 332              		@ link register save eliminated.
 333 013c 80B4     		push	{r7}
 334              	.LCFI11:
 335              		.cfi_def_cfa_offset 4
 336              		.cfi_offset 7, -4
 337 013e 00AF     		add	r7, sp, #0
 338              	.LCFI12:
 339              		.cfi_def_cfa_register 7
 213:../FreeRTOS/Source/portable/GCC/ARM_CM4F/port.c **** 	uxCriticalNesting--;
 340              		.loc 1 213 0
 341 0140 40F20003 		movw	r3, #:lower16:uxCriticalNesting
 342 0144 C0F20003 		movt	r3, #:upper16:uxCriticalNesting
 343 0148 1B68     		ldr	r3, [r3, #0]
 344 014a 03F1FF32 		add	r2, r3, #-1
 345 014e 40F20003 		movw	r3, #:lower16:uxCriticalNesting
 346 0152 C0F20003 		movt	r3, #:upper16:uxCriticalNesting
 347 0156 1A60     		str	r2, [r3, #0]
 214:../FreeRTOS/Source/portable/GCC/ARM_CM4F/port.c **** 	if( uxCriticalNesting == 0 )
 348              		.loc 1 214 0
 349 0158 40F20003 		movw	r3, #:lower16:uxCriticalNesting
 350 015c C0F20003 		movt	r3, #:upper16:uxCriticalNesting
 351 0160 1B68     		ldr	r3, [r3, #0]
 352 0162 002B     		cmp	r3, #0
 353 0164 03D1     		bne	.L8
 215:../FreeRTOS/Source/portable/GCC/ARM_CM4F/port.c **** 	{
 216:../FreeRTOS/Source/portable/GCC/ARM_CM4F/port.c **** 		portENABLE_INTERRUPTS();
 354              		.loc 1 216 0
 355              	@ 216 "../FreeRTOS/Source/portable/GCC/ARM_CM4F/port.c" 1
 356 0166 4FF00000 			mov r0, #0					
 357 016a 80F31188 		msr basepri, r0				
 358              	
 359              	@ 0 "" 2
 360              		.thumb
 361              	.L8:
 217:../FreeRTOS/Source/portable/GCC/ARM_CM4F/port.c **** 	}
 218:../FreeRTOS/Source/portable/GCC/ARM_CM4F/port.c **** }
 362              		.loc 1 218 0
 363 016e BD46     		mov	sp, r7
 364 0170 80BC     		pop	{r7}
 365 0172 7047     		bx	lr
 366              		.cfi_endproc
 367              	.LFE117:
 369              		.align	2
 370              		.global	PendSV_Handler
 371              		.thumb
 372              		.thumb_func
 374              	PendSV_Handler:
 375              	.LFB118:
 219:../FreeRTOS/Source/portable/GCC/ARM_CM4F/port.c **** /*-----------------------------------------------------------*/
 220:../FreeRTOS/Source/portable/GCC/ARM_CM4F/port.c **** 
 221:../FreeRTOS/Source/portable/GCC/ARM_CM4F/port.c **** void xPortPendSVHandler( void )
 222:../FreeRTOS/Source/portable/GCC/ARM_CM4F/port.c **** {
 376              		.loc 1 222 0
 377              		.cfi_startproc
 378              		@ Naked Function: prologue and epilogue provided by programmer.
 379              		@ args = 0, pretend = 0, frame = 0
 380              		@ frame_needed = 1, uses_anonymous_args = 0
 223:../FreeRTOS/Source/portable/GCC/ARM_CM4F/port.c **** 	/* This is a naked function. */
 224:../FreeRTOS/Source/portable/GCC/ARM_CM4F/port.c **** 
 225:../FreeRTOS/Source/portable/GCC/ARM_CM4F/port.c **** 	__asm volatile
 381              		.loc 1 225 0
 382              	@ 225 "../FreeRTOS/Source/portable/GCC/ARM_CM4F/port.c" 1
 383 0174 EFF30980 			mrs r0, psp							
 384              											
 385 0178 134B     		ldr	r3, pxCurrentTCBConst			
 386 017a 1A68     		ldr	r2, [r3]						
 387              											
 388 017c 20E9F00F 		stmdb r0!, {r4-r11}					
 389 0180 1EF0100F 		tst r14, #0x10						
 390 0184 08BF     		it eq								
 391 0186 20ED108A 		vstmdbeq r0!, {s16-s31}				
 392 018a 40F804ED 		stmdb r0!, {r14}					
 393 018e 1060     		str r0, [r2]						
 394              											
 395 0190 2DE90840 		stmdb sp!, {r3, r14}				
 396 0194 4FF0BF00 		mov r0, #191							
 397 0198 80F31188 		msr basepri, r0						
 398 019c FFF7FEFF 		bl vTaskSwitchContext				
 399 01a0 4FF00000 		mov r0, #0							
 400 01a4 80F31188 		msr basepri, r0						
 401 01a8 BDE80840 		ldmia sp!, {r3, r14}				
 402              											
 403 01ac 1968     		ldr r1, [r3]						
 404 01ae 0868     		ldr r0, [r1]						
 405 01b0 50F804EB 		ldmia r0!, {r14}					
 406 01b4 1EF0100F 		tst r14, #0x10						
 407 01b8 08BF     		it eq								
 408 01ba B0EC108A 		vldmiaeq r0!, {s16-s31}				
 409 01be B0E8F00F 		ldmia r0!, {r4-r11}					
 410 01c2 80F30988 		msr psp, r0							
 411 01c6 7047     		bx r14								
 412              											
 413              		.align 2							
 414 01c8 00000000 	pxCurrentTCBConst: .word pxCurrentTCB	
 415              	
 416              	@ 0 "" 2
 226:../FreeRTOS/Source/portable/GCC/ARM_CM4F/port.c **** 	(
 227:../FreeRTOS/Source/portable/GCC/ARM_CM4F/port.c **** 	"	mrs r0, psp							\n"
 228:../FreeRTOS/Source/portable/GCC/ARM_CM4F/port.c **** 	"										\n"
 229:../FreeRTOS/Source/portable/GCC/ARM_CM4F/port.c **** 	"	ldr	r3, pxCurrentTCBConst			\n" /* Get the location of the current TCB. */
 230:../FreeRTOS/Source/portable/GCC/ARM_CM4F/port.c **** 	"	ldr	r2, [r3]						\n"
 231:../FreeRTOS/Source/portable/GCC/ARM_CM4F/port.c **** 	"										\n"
 232:../FreeRTOS/Source/portable/GCC/ARM_CM4F/port.c **** 	"	stmdb r0!, {r4-r11}					\n" /* Save the remaining registers. */
 233:../FreeRTOS/Source/portable/GCC/ARM_CM4F/port.c **** 	"	tst r14, #0x10						\n"	/* Check for extended frame.. */
 234:../FreeRTOS/Source/portable/GCC/ARM_CM4F/port.c **** 	"	it eq								\n"
 235:../FreeRTOS/Source/portable/GCC/ARM_CM4F/port.c **** 	"	vstmdbeq r0!, {s16-s31}				\n"	/* Save the high FPU registers (will also trigger a lazy-save) */
 236:../FreeRTOS/Source/portable/GCC/ARM_CM4F/port.c **** 	"	stmdb r0!, {r14}					\n"	/* Save the EXC_RETURN value */
 237:../FreeRTOS/Source/portable/GCC/ARM_CM4F/port.c **** 	"	str r0, [r2]						\n" /* Save the new top of stack into the first member of the TCB. */
 238:../FreeRTOS/Source/portable/GCC/ARM_CM4F/port.c **** 	"										\n"
 239:../FreeRTOS/Source/portable/GCC/ARM_CM4F/port.c **** 	"	stmdb sp!, {r3, r14}				\n"
 240:../FreeRTOS/Source/portable/GCC/ARM_CM4F/port.c **** 	"	mov r0, %0							\n"
 241:../FreeRTOS/Source/portable/GCC/ARM_CM4F/port.c **** 	"	msr basepri, r0						\n"
 242:../FreeRTOS/Source/portable/GCC/ARM_CM4F/port.c **** 	"	bl vTaskSwitchContext				\n"
 243:../FreeRTOS/Source/portable/GCC/ARM_CM4F/port.c **** 	"	mov r0, #0							\n"
 244:../FreeRTOS/Source/portable/GCC/ARM_CM4F/port.c **** 	"	msr basepri, r0						\n"
 245:../FreeRTOS/Source/portable/GCC/ARM_CM4F/port.c **** 	"	ldmia sp!, {r3, r14}				\n"
 246:../FreeRTOS/Source/portable/GCC/ARM_CM4F/port.c **** 	"										\n"	/* Restore the context, including the critical nesting count. */
 247:../FreeRTOS/Source/portable/GCC/ARM_CM4F/port.c **** 	"	ldr r1, [r3]						\n"
 248:../FreeRTOS/Source/portable/GCC/ARM_CM4F/port.c **** 	"	ldr r0, [r1]						\n" /* The first item in pxCurrentTCB is the task top of stack. */
 249:../FreeRTOS/Source/portable/GCC/ARM_CM4F/port.c **** 	"	ldmia r0!, {r14}					\n"	/* Pop the EXC_RETURN value */
 250:../FreeRTOS/Source/portable/GCC/ARM_CM4F/port.c **** 	"	tst r14, #0x10						\n"	/* Check for extended frame.. */
 251:../FreeRTOS/Source/portable/GCC/ARM_CM4F/port.c **** 	"	it eq								\n"
 252:../FreeRTOS/Source/portable/GCC/ARM_CM4F/port.c **** 	"	vldmiaeq r0!, {s16-s31}				\n"	/* Pop the high FPU registers.*/
 253:../FreeRTOS/Source/portable/GCC/ARM_CM4F/port.c **** 	"	ldmia r0!, {r4-r11}					\n" /* Pop the registers. */
 254:../FreeRTOS/Source/portable/GCC/ARM_CM4F/port.c **** 	"	msr psp, r0							\n"
 255:../FreeRTOS/Source/portable/GCC/ARM_CM4F/port.c **** 	"	bx r14								\n"
 256:../FreeRTOS/Source/portable/GCC/ARM_CM4F/port.c **** 	"										\n"
 257:../FreeRTOS/Source/portable/GCC/ARM_CM4F/port.c **** 	"	.align 2							\n"
 258:../FreeRTOS/Source/portable/GCC/ARM_CM4F/port.c **** 	"pxCurrentTCBConst: .word pxCurrentTCB	\n"
 259:../FreeRTOS/Source/portable/GCC/ARM_CM4F/port.c **** 	::"i"(configMAX_SYSCALL_INTERRUPT_PRIORITY)
 260:../FreeRTOS/Source/portable/GCC/ARM_CM4F/port.c **** 	);
 261:../FreeRTOS/Source/portable/GCC/ARM_CM4F/port.c **** }
 417              		.loc 1 261 0
 418              		.thumb
 419              		.cfi_endproc
 420              	.LFE118:
 422              		.align	2
 423              		.global	SysTick_Handler
 424              		.thumb
 425              		.thumb_func
 427              	SysTick_Handler:
 428              	.LFB119:
 262:../FreeRTOS/Source/portable/GCC/ARM_CM4F/port.c **** /*-----------------------------------------------------------*/
 263:../FreeRTOS/Source/portable/GCC/ARM_CM4F/port.c **** 
 264:../FreeRTOS/Source/portable/GCC/ARM_CM4F/port.c **** void xPortSysTickHandler( void )
 265:../FreeRTOS/Source/portable/GCC/ARM_CM4F/port.c **** {
 429              		.loc 1 265 0
 430              		.cfi_startproc
 431              		@ args = 0, pretend = 0, frame = 8
 432              		@ frame_needed = 1, uses_anonymous_args = 0
 433 01cc 80B5     		push	{r7, lr}
 434              	.LCFI13:
 435              		.cfi_def_cfa_offset 8
 436              		.cfi_offset 14, -4
 437              		.cfi_offset 7, -8
 438 01ce 82B0     		sub	sp, sp, #8
 439              	.LCFI14:
 440              		.cfi_def_cfa_offset 16
 441 01d0 00AF     		add	r7, sp, #0
 442              	.LCFI15:
 443              		.cfi_def_cfa_register 7
 266:../FreeRTOS/Source/portable/GCC/ARM_CM4F/port.c ****     unsigned long ulDummy;
 267:../FreeRTOS/Source/portable/GCC/ARM_CM4F/port.c **** 
 268:../FreeRTOS/Source/portable/GCC/ARM_CM4F/port.c **** 	/* If using preemption, also force a context switch. */
 269:../FreeRTOS/Source/portable/GCC/ARM_CM4F/port.c **** 	#if configUSE_PREEMPTION == 1
 270:../FreeRTOS/Source/portable/GCC/ARM_CM4F/port.c **** 		*(portNVIC_INT_CTRL) = portNVIC_PENDSVSET;
 444              		.loc 1 270 0
 445 01d2 4EF60453 		movw	r3, #60676
 446 01d6 CEF20003 		movt	r3, 57344
 447 01da 4FF08052 		mov	r2, #268435456
 448 01de 1A60     		str	r2, [r3, #0]
 271:../FreeRTOS/Source/portable/GCC/ARM_CM4F/port.c **** 	#endif
 272:../FreeRTOS/Source/portable/GCC/ARM_CM4F/port.c **** 
 273:../FreeRTOS/Source/portable/GCC/ARM_CM4F/port.c **** 	ulDummy = portSET_INTERRUPT_MASK_FROM_ISR();
 449              		.loc 1 273 0
 450 01e0 4FF00003 		mov	r3, #0
 451 01e4 7B60     		str	r3, [r7, #4]
 452              	@ 273 "../FreeRTOS/Source/portable/GCC/ARM_CM4F/port.c" 1
 453 01e6 4FF0BF00 			mov r0, #191								
 454 01ea 80F31188 		msr basepri, r0							
 455              	
 456              	@ 0 "" 2
 274:../FreeRTOS/Source/portable/GCC/ARM_CM4F/port.c **** 	{
 275:../FreeRTOS/Source/portable/GCC/ARM_CM4F/port.c **** 		vTaskIncrementTick();
 457              		.loc 1 275 0
 458              		.thumb
 459 01ee FFF7FEFF 		bl	vTaskIncrementTick
 276:../FreeRTOS/Source/portable/GCC/ARM_CM4F/port.c **** 	}
 277:../FreeRTOS/Source/portable/GCC/ARM_CM4F/port.c **** 	portCLEAR_INTERRUPT_MASK_FROM_ISR( ulDummy );
 460              		.loc 1 277 0
 461              	@ 277 "../FreeRTOS/Source/portable/GCC/ARM_CM4F/port.c" 1
 462 01f2 4FF00000 			mov r0, #0					
 463 01f6 80F31188 		msr basepri, r0				
 464              	
 465              	@ 0 "" 2
 278:../FreeRTOS/Source/portable/GCC/ARM_CM4F/port.c **** }
 466              		.loc 1 278 0
 467              		.thumb
 468 01fa 07F10807 		add	r7, r7, #8
 469 01fe BD46     		mov	sp, r7
 470 0200 80BD     		pop	{r7, pc}
 471              		.cfi_endproc
 472              	.LFE119:
 474 0202 00BF     		.align	2
 475              		.thumb
 476              		.thumb_func
 478              	prvSetupTimerInterrupt:
 479              	.LFB120:
 279:../FreeRTOS/Source/portable/GCC/ARM_CM4F/port.c **** /*-----------------------------------------------------------*/
 280:../FreeRTOS/Source/portable/GCC/ARM_CM4F/port.c **** 
 281:../FreeRTOS/Source/portable/GCC/ARM_CM4F/port.c **** /*
 282:../FreeRTOS/Source/portable/GCC/ARM_CM4F/port.c ****  * Setup the systick timer to generate the tick interrupts at the required
 283:../FreeRTOS/Source/portable/GCC/ARM_CM4F/port.c ****  * frequency.
 284:../FreeRTOS/Source/portable/GCC/ARM_CM4F/port.c ****  */
 285:../FreeRTOS/Source/portable/GCC/ARM_CM4F/port.c **** void prvSetupTimerInterrupt( void )
 286:../FreeRTOS/Source/portable/GCC/ARM_CM4F/port.c **** {
 480              		.loc 1 286 0
 481              		.cfi_startproc
 482              		@ args = 0, pretend = 0, frame = 0
 483              		@ frame_needed = 1, uses_anonymous_args = 0
 484              		@ link register save eliminated.
 485 0204 80B4     		push	{r7}
 486              	.LCFI16:
 487              		.cfi_def_cfa_offset 4
 488              		.cfi_offset 7, -4
 489 0206 00AF     		add	r7, sp, #0
 490              	.LCFI17:
 491              		.cfi_def_cfa_register 7
 287:../FreeRTOS/Source/portable/GCC/ARM_CM4F/port.c **** 	/* Configure SysTick to interrupt at the requested rate. */
 288:../FreeRTOS/Source/portable/GCC/ARM_CM4F/port.c **** 	*(portNVIC_SYSTICK_LOAD) = ( configCPU_CLOCK_HZ / configTICK_RATE_HZ ) - 1UL;
 492              		.loc 1 288 0
 493 0208 4EF21403 		movw	r3, #57364
 494 020c CEF20003 		movt	r3, 57344
 495 0210 40F20002 		movw	r2, #:lower16:SystemCoreClock
 496 0214 C0F20002 		movt	r2, #:upper16:SystemCoreClock
 497 0218 1168     		ldr	r1, [r2, #0]
 498 021a 48F21F52 		movw	r2, #34079
 499 021e C5F2EB12 		movt	r2, 20971
 500 0222 A2FB0102 		umull	r0, r2, r2, r1
 501 0226 4FEA5212 		lsr	r2, r2, #5
 502 022a 02F1FF32 		add	r2, r2, #-1
 503 022e 1A60     		str	r2, [r3, #0]
 289:../FreeRTOS/Source/portable/GCC/ARM_CM4F/port.c **** 	*(portNVIC_SYSTICK_CTRL) = portNVIC_SYSTICK_CLK | portNVIC_SYSTICK_INT | portNVIC_SYSTICK_ENABLE;
 504              		.loc 1 289 0
 505 0230 4EF21003 		movw	r3, #57360
 506 0234 CEF20003 		movt	r3, 57344
 507 0238 4FF00702 		mov	r2, #7
 508 023c 1A60     		str	r2, [r3, #0]
 290:../FreeRTOS/Source/portable/GCC/ARM_CM4F/port.c **** }
 509              		.loc 1 290 0
 510 023e BD46     		mov	sp, r7
 511 0240 80BC     		pop	{r7}
 512 0242 7047     		bx	lr
 513              		.cfi_endproc
 514              	.LFE120:
 516              	.Letext0:
 517              		.file 2 "E:\\Desktop\\thundercyer-the-alarm-clock\\FreeRTOS\\Source\\include/projdefs.h"
 518              		.file 3 "c:\\chibistudio\\tools\\gnu tools arm embedded\\4.6 2012q2\\bin\\../lib/gcc/arm-none-eabi
 519              		.file 4 "E:\\Desktop\\thundercyer-the-alarm-clock\\FreeRTOS\\Source\\include/../../Source/portable
 520              		.file 5 "E:\\Desktop\\thundercyer-the-alarm-clock\\CMSIS\\Include/core_cm4.h"
 521              		.file 6 "E:\\Desktop\\thundercyer-the-alarm-clock\\CMSIS\\Device\\STM32F4xx\\Include/system_stm32f
DEFINED SYMBOLS
                            *ABS*:00000000 port.c
C:\Users\Alex\AppData\Local\Temp\ccQacEq3.s:24     .rodata.ulKernelPriority:00000000 ulKernelPriority
C:\Users\Alex\AppData\Local\Temp\ccQacEq3.s:21     .rodata.ulKernelPriority:00000000 $d
C:\Users\Alex\AppData\Local\Temp\ccQacEq3.s:27     .data.uxCriticalNesting:00000000 $d
C:\Users\Alex\AppData\Local\Temp\ccQacEq3.s:30     .data.uxCriticalNesting:00000000 uxCriticalNesting
C:\Users\Alex\AppData\Local\Temp\ccQacEq3.s:33     .text:00000000 $t
C:\Users\Alex\AppData\Local\Temp\ccQacEq3.s:38     .text:00000000 pxPortInitialiseStack
C:\Users\Alex\AppData\Local\Temp\ccQacEq3.s:115    .text:00000068 SVC_Handler
C:\Users\Alex\AppData\Local\Temp\ccQacEq3.s:135    .text:00000084 pxCurrentTCBConst2
C:\Users\Alex\AppData\Local\Temp\ccQacEq3.s:135    .text:00000084 $d
C:\Users\Alex\AppData\Local\Temp\ccQacEq3.s:143    .text:00000088 $t
C:\Users\Alex\AppData\Local\Temp\ccQacEq3.s:148    .text:00000088 vPortStartFirstTask
C:\Users\Alex\AppData\Local\Temp\ccQacEq3.s:176    .text:00000098 xPortStartScheduler
C:\Users\Alex\AppData\Local\Temp\ccQacEq3.s:478    .text:00000204 prvSetupTimerInterrupt
C:\Users\Alex\AppData\Local\Temp\ccQacEq3.s:228    .text:000000ec vPortEndScheduler
C:\Users\Alex\AppData\Local\Temp\ccQacEq3.s:254    .text:000000f8 vPortYieldFromISR
C:\Users\Alex\AppData\Local\Temp\ccQacEq3.s:285    .text:00000110 vPortEnterCritical
C:\Users\Alex\AppData\Local\Temp\ccQacEq3.s:326    .text:0000013c vPortExitCritical
C:\Users\Alex\AppData\Local\Temp\ccQacEq3.s:374    .text:00000174 PendSV_Handler
C:\Users\Alex\AppData\Local\Temp\ccQacEq3.s:414    .text:000001c8 pxCurrentTCBConst
C:\Users\Alex\AppData\Local\Temp\ccQacEq3.s:414    .text:000001c8 $d
C:\Users\Alex\AppData\Local\Temp\ccQacEq3.s:422    .text:000001cc $t
C:\Users\Alex\AppData\Local\Temp\ccQacEq3.s:427    .text:000001cc SysTick_Handler
C:\Users\Alex\AppData\Local\Temp\ccQacEq3.s:522    .text:00000244 $d
                     .debug_frame:00000010 $d

UNDEFINED SYMBOLS
pxCurrentTCB
vTaskSwitchContext
vTaskIncrementTick
SystemCoreClock
