   1              		.syntax unified
   2              		.cpu cortex-m4
   3              		.eabi_attribute 27, 3
   4              		.fpu fpv4-sp-d16
   5              		.eabi_attribute 20, 1
   6              		.eabi_attribute 21, 1
   7              		.eabi_attribute 23, 3
   8              		.eabi_attribute 24, 1
   9              		.eabi_attribute 25, 1
  10              		.eabi_attribute 26, 1
  11              		.eabi_attribute 30, 4
  12              		.eabi_attribute 18, 4
  13              		.thumb
  14              		.file	"stm32f4xx_cryp_tdes.c"
  15              		.text
  16              	.Ltext0:
  17              		.cfi_sections	.debug_frame
  18              		.section	.text.CRYP_TDES_ECB,"ax",%progbits
  19              		.align	1
  20              		.global	CRYP_TDES_ECB
  21              		.thumb
  22              		.thumb_func
  24              	CRYP_TDES_ECB:
  25              	.LFB110:
  26              		.file 1 "../STM32F4xx_StdPeriph_Driver/src/stm32f4xx_cryp_tdes.c"
   1:../STM32F4xx_StdPeriph_Driver/src/stm32f4xx_cryp_tdes.c **** /**
   2:../STM32F4xx_StdPeriph_Driver/src/stm32f4xx_cryp_tdes.c ****   ******************************************************************************
   3:../STM32F4xx_StdPeriph_Driver/src/stm32f4xx_cryp_tdes.c ****   * @file    stm32f4xx_cryp_tdes.c
   4:../STM32F4xx_StdPeriph_Driver/src/stm32f4xx_cryp_tdes.c ****   * @author  MCD Application Team
   5:../STM32F4xx_StdPeriph_Driver/src/stm32f4xx_cryp_tdes.c ****   * @version V1.0.0RC1
   6:../STM32F4xx_StdPeriph_Driver/src/stm32f4xx_cryp_tdes.c ****   * @date    25-August-2011
   7:../STM32F4xx_StdPeriph_Driver/src/stm32f4xx_cryp_tdes.c ****   * @brief   This file provides high level functions to encrypt and decrypt an 
   8:../STM32F4xx_StdPeriph_Driver/src/stm32f4xx_cryp_tdes.c ****   *          input message using TDES in ECB/CBC modes .
   9:../STM32F4xx_StdPeriph_Driver/src/stm32f4xx_cryp_tdes.c ****   *          It uses the stm32f4xx_cryp.c/.h drivers to access the STM32F4xx CRYP
  10:../STM32F4xx_StdPeriph_Driver/src/stm32f4xx_cryp_tdes.c ****   *          peripheral.
  11:../STM32F4xx_StdPeriph_Driver/src/stm32f4xx_cryp_tdes.c ****   *
  12:../STM32F4xx_StdPeriph_Driver/src/stm32f4xx_cryp_tdes.c ****   *  @verbatim
  13:../STM32F4xx_StdPeriph_Driver/src/stm32f4xx_cryp_tdes.c ****   *
  14:../STM32F4xx_StdPeriph_Driver/src/stm32f4xx_cryp_tdes.c ****   *          ===================================================================
  15:../STM32F4xx_StdPeriph_Driver/src/stm32f4xx_cryp_tdes.c ****   *                                   How to use this driver
  16:../STM32F4xx_StdPeriph_Driver/src/stm32f4xx_cryp_tdes.c ****   *          ===================================================================
  17:../STM32F4xx_StdPeriph_Driver/src/stm32f4xx_cryp_tdes.c ****   *          1. Enable The CRYP controller clock using 
  18:../STM32F4xx_StdPeriph_Driver/src/stm32f4xx_cryp_tdes.c ****   *            RCC_AHB2PeriphClockCmd(RCC_AHB2Periph_CRYP, ENABLE); function.
  19:../STM32F4xx_StdPeriph_Driver/src/stm32f4xx_cryp_tdes.c ****   *
  20:../STM32F4xx_StdPeriph_Driver/src/stm32f4xx_cryp_tdes.c ****   *          2. Encrypt and decrypt using TDES in ECB Mode using CRYP_TDES_ECB()
  21:../STM32F4xx_StdPeriph_Driver/src/stm32f4xx_cryp_tdes.c ****   *             function.
  22:../STM32F4xx_StdPeriph_Driver/src/stm32f4xx_cryp_tdes.c ****   *
  23:../STM32F4xx_StdPeriph_Driver/src/stm32f4xx_cryp_tdes.c ****   *          3. Encrypt and decrypt using TDES in CBC Mode using CRYP_TDES_CBC()
  24:../STM32F4xx_StdPeriph_Driver/src/stm32f4xx_cryp_tdes.c ****   *             function.
  25:../STM32F4xx_StdPeriph_Driver/src/stm32f4xx_cryp_tdes.c ****   *
  26:../STM32F4xx_StdPeriph_Driver/src/stm32f4xx_cryp_tdes.c ****   *  @endverbatim
  27:../STM32F4xx_StdPeriph_Driver/src/stm32f4xx_cryp_tdes.c ****   *
  28:../STM32F4xx_StdPeriph_Driver/src/stm32f4xx_cryp_tdes.c ****   ******************************************************************************
  29:../STM32F4xx_StdPeriph_Driver/src/stm32f4xx_cryp_tdes.c ****   * @attention
  30:../STM32F4xx_StdPeriph_Driver/src/stm32f4xx_cryp_tdes.c ****   *
  31:../STM32F4xx_StdPeriph_Driver/src/stm32f4xx_cryp_tdes.c ****   * THE PRESENT FIRMWARE WHICH IS FOR GUIDANCE ONLY AIMS AT PROVIDING CUSTOMERS
  32:../STM32F4xx_StdPeriph_Driver/src/stm32f4xx_cryp_tdes.c ****   * WITH CODING INFORMATION REGARDING THEIR PRODUCTS IN ORDER FOR THEM TO SAVE
  33:../STM32F4xx_StdPeriph_Driver/src/stm32f4xx_cryp_tdes.c ****   * TIME. AS A RESULT, STMICROELECTRONICS SHALL NOT BE HELD LIABLE FOR ANY
  34:../STM32F4xx_StdPeriph_Driver/src/stm32f4xx_cryp_tdes.c ****   * DIRECT, INDIRECT OR CONSEQUENTIAL DAMAGES WITH RESPECT TO ANY CLAIMS ARISING
  35:../STM32F4xx_StdPeriph_Driver/src/stm32f4xx_cryp_tdes.c ****   * FROM THE CONTENT OF SUCH FIRMWARE AND/OR THE USE MADE BY CUSTOMERS OF THE
  36:../STM32F4xx_StdPeriph_Driver/src/stm32f4xx_cryp_tdes.c ****   * CODING INFORMATION CONTAINED HEREIN IN CONNECTION WITH THEIR PRODUCTS.
  37:../STM32F4xx_StdPeriph_Driver/src/stm32f4xx_cryp_tdes.c ****   *
  38:../STM32F4xx_StdPeriph_Driver/src/stm32f4xx_cryp_tdes.c ****   * <h2><center>&copy; COPYRIGHT 2011 STMicroelectronics</center></h2>
  39:../STM32F4xx_StdPeriph_Driver/src/stm32f4xx_cryp_tdes.c ****   ******************************************************************************
  40:../STM32F4xx_StdPeriph_Driver/src/stm32f4xx_cryp_tdes.c ****   */ 
  41:../STM32F4xx_StdPeriph_Driver/src/stm32f4xx_cryp_tdes.c **** 
  42:../STM32F4xx_StdPeriph_Driver/src/stm32f4xx_cryp_tdes.c **** /* Includes ------------------------------------------------------------------*/
  43:../STM32F4xx_StdPeriph_Driver/src/stm32f4xx_cryp_tdes.c **** #include "stm32f4xx_cryp.h"
  44:../STM32F4xx_StdPeriph_Driver/src/stm32f4xx_cryp_tdes.c **** 
  45:../STM32F4xx_StdPeriph_Driver/src/stm32f4xx_cryp_tdes.c **** 
  46:../STM32F4xx_StdPeriph_Driver/src/stm32f4xx_cryp_tdes.c **** /** @addtogroup STM32F4xx_StdPeriph_Driver
  47:../STM32F4xx_StdPeriph_Driver/src/stm32f4xx_cryp_tdes.c ****   * @{
  48:../STM32F4xx_StdPeriph_Driver/src/stm32f4xx_cryp_tdes.c ****   */
  49:../STM32F4xx_StdPeriph_Driver/src/stm32f4xx_cryp_tdes.c **** 
  50:../STM32F4xx_StdPeriph_Driver/src/stm32f4xx_cryp_tdes.c **** /** @defgroup CRYP 
  51:../STM32F4xx_StdPeriph_Driver/src/stm32f4xx_cryp_tdes.c ****   * @brief CRYP driver modules
  52:../STM32F4xx_StdPeriph_Driver/src/stm32f4xx_cryp_tdes.c ****   * @{
  53:../STM32F4xx_StdPeriph_Driver/src/stm32f4xx_cryp_tdes.c ****   */
  54:../STM32F4xx_StdPeriph_Driver/src/stm32f4xx_cryp_tdes.c **** 
  55:../STM32F4xx_StdPeriph_Driver/src/stm32f4xx_cryp_tdes.c **** /* Private typedef -----------------------------------------------------------*/
  56:../STM32F4xx_StdPeriph_Driver/src/stm32f4xx_cryp_tdes.c **** /* Private define ------------------------------------------------------------*/
  57:../STM32F4xx_StdPeriph_Driver/src/stm32f4xx_cryp_tdes.c **** #define TDESBUSY_TIMEOUT    ((uint32_t) 0x00010000)
  58:../STM32F4xx_StdPeriph_Driver/src/stm32f4xx_cryp_tdes.c **** 
  59:../STM32F4xx_StdPeriph_Driver/src/stm32f4xx_cryp_tdes.c **** /* Private macro -------------------------------------------------------------*/
  60:../STM32F4xx_StdPeriph_Driver/src/stm32f4xx_cryp_tdes.c **** /* Private variables ---------------------------------------------------------*/
  61:../STM32F4xx_StdPeriph_Driver/src/stm32f4xx_cryp_tdes.c **** /* Private function prototypes -----------------------------------------------*/
  62:../STM32F4xx_StdPeriph_Driver/src/stm32f4xx_cryp_tdes.c **** /* Private functions ---------------------------------------------------------*/
  63:../STM32F4xx_StdPeriph_Driver/src/stm32f4xx_cryp_tdes.c **** 
  64:../STM32F4xx_StdPeriph_Driver/src/stm32f4xx_cryp_tdes.c **** 
  65:../STM32F4xx_StdPeriph_Driver/src/stm32f4xx_cryp_tdes.c **** /** @defgroup CRYP_Private_Functions
  66:../STM32F4xx_StdPeriph_Driver/src/stm32f4xx_cryp_tdes.c ****   * @{
  67:../STM32F4xx_StdPeriph_Driver/src/stm32f4xx_cryp_tdes.c ****   */ 
  68:../STM32F4xx_StdPeriph_Driver/src/stm32f4xx_cryp_tdes.c **** 
  69:../STM32F4xx_StdPeriph_Driver/src/stm32f4xx_cryp_tdes.c **** /** @defgroup CRYP_Group7 High Level TDES functions
  70:../STM32F4xx_StdPeriph_Driver/src/stm32f4xx_cryp_tdes.c ****  *  @brief   High Level TDES functions 
  71:../STM32F4xx_StdPeriph_Driver/src/stm32f4xx_cryp_tdes.c ****  *
  72:../STM32F4xx_StdPeriph_Driver/src/stm32f4xx_cryp_tdes.c **** @verbatim   
  73:../STM32F4xx_StdPeriph_Driver/src/stm32f4xx_cryp_tdes.c ****  ===============================================================================
  74:../STM32F4xx_StdPeriph_Driver/src/stm32f4xx_cryp_tdes.c ****                           High Level TDES functions
  75:../STM32F4xx_StdPeriph_Driver/src/stm32f4xx_cryp_tdes.c ****  ===============================================================================
  76:../STM32F4xx_StdPeriph_Driver/src/stm32f4xx_cryp_tdes.c **** 
  77:../STM32F4xx_StdPeriph_Driver/src/stm32f4xx_cryp_tdes.c **** 
  78:../STM32F4xx_StdPeriph_Driver/src/stm32f4xx_cryp_tdes.c **** @endverbatim
  79:../STM32F4xx_StdPeriph_Driver/src/stm32f4xx_cryp_tdes.c ****   * @{
  80:../STM32F4xx_StdPeriph_Driver/src/stm32f4xx_cryp_tdes.c ****   */
  81:../STM32F4xx_StdPeriph_Driver/src/stm32f4xx_cryp_tdes.c **** 
  82:../STM32F4xx_StdPeriph_Driver/src/stm32f4xx_cryp_tdes.c **** /**
  83:../STM32F4xx_StdPeriph_Driver/src/stm32f4xx_cryp_tdes.c ****   * @brief  Encrypt and decrypt using TDES in ECB Mode
  84:../STM32F4xx_StdPeriph_Driver/src/stm32f4xx_cryp_tdes.c ****   * @param  Mode: encryption or decryption Mode.
  85:../STM32F4xx_StdPeriph_Driver/src/stm32f4xx_cryp_tdes.c ****   *           This parameter can be one of the following values:
  86:../STM32F4xx_StdPeriph_Driver/src/stm32f4xx_cryp_tdes.c ****   *            @arg MODE_ENCRYPT: Encryption
  87:../STM32F4xx_StdPeriph_Driver/src/stm32f4xx_cryp_tdes.c ****   *            @arg MODE_DECRYPT: Decryption
  88:../STM32F4xx_StdPeriph_Driver/src/stm32f4xx_cryp_tdes.c ****   * @param  Key: Key used for TDES algorithm.
  89:../STM32F4xx_StdPeriph_Driver/src/stm32f4xx_cryp_tdes.c ****   * @param  Ilength: length of the Input buffer, must be a multiple of 8.
  90:../STM32F4xx_StdPeriph_Driver/src/stm32f4xx_cryp_tdes.c ****   * @param  Input: pointer to the Input buffer.
  91:../STM32F4xx_StdPeriph_Driver/src/stm32f4xx_cryp_tdes.c ****   * @param  Output: pointer to the returned buffer.
  92:../STM32F4xx_StdPeriph_Driver/src/stm32f4xx_cryp_tdes.c ****   * @retval An ErrorStatus enumeration value:
  93:../STM32F4xx_StdPeriph_Driver/src/stm32f4xx_cryp_tdes.c ****   *          - SUCCESS: Operation done
  94:../STM32F4xx_StdPeriph_Driver/src/stm32f4xx_cryp_tdes.c ****   *          - ERROR: Operation failed
  95:../STM32F4xx_StdPeriph_Driver/src/stm32f4xx_cryp_tdes.c ****   */
  96:../STM32F4xx_StdPeriph_Driver/src/stm32f4xx_cryp_tdes.c **** ErrorStatus CRYP_TDES_ECB(uint8_t Mode, uint8_t Key[24], uint8_t *Input, 
  97:../STM32F4xx_StdPeriph_Driver/src/stm32f4xx_cryp_tdes.c ****                           uint32_t Ilength, uint8_t *Output)
  98:../STM32F4xx_StdPeriph_Driver/src/stm32f4xx_cryp_tdes.c **** {
  27              		.loc 1 98 0
  28              		.cfi_startproc
  29              		@ args = 4, pretend = 0, frame = 48
  30              		@ frame_needed = 0, uses_anonymous_args = 0
  31              	.LVL0:
  32 0000 2DE9F047 		push	{r4, r5, r6, r7, r8, r9, sl, lr}
  33              	.LCFI0:
  34              		.cfi_def_cfa_offset 32
  35              		.cfi_offset 14, -4
  36              		.cfi_offset 10, -8
  37              		.cfi_offset 9, -12
  38              		.cfi_offset 8, -16
  39              		.cfi_offset 7, -20
  40              		.cfi_offset 6, -24
  41              		.cfi_offset 5, -28
  42              		.cfi_offset 4, -32
  43 0004 8CB0     		sub	sp, sp, #48
  44              	.LCFI1:
  45              		.cfi_def_cfa_offset 80
  46              		.loc 1 98 0
  47 0006 0D46     		mov	r5, r1
  99:../STM32F4xx_StdPeriph_Driver/src/stm32f4xx_cryp_tdes.c ****   CRYP_InitTypeDef TDES_CRYP_InitStructure;
 100:../STM32F4xx_StdPeriph_Driver/src/stm32f4xx_cryp_tdes.c ****   CRYP_KeyInitTypeDef TDES_CRYP_KeyInitStructure;
 101:../STM32F4xx_StdPeriph_Driver/src/stm32f4xx_cryp_tdes.c ****   __IO uint32_t counter = 0;
  48              		.loc 1 101 0
  49 0008 4FF00008 		mov	r8, #0
  98:../STM32F4xx_StdPeriph_Driver/src/stm32f4xx_cryp_tdes.c **** {
  50              		.loc 1 98 0
  51 000c 0446     		mov	r4, r0
 102:../STM32F4xx_StdPeriph_Driver/src/stm32f4xx_cryp_tdes.c ****   uint32_t busystatus = 0;
 103:../STM32F4xx_StdPeriph_Driver/src/stm32f4xx_cryp_tdes.c ****   ErrorStatus status = SUCCESS;
 104:../STM32F4xx_StdPeriph_Driver/src/stm32f4xx_cryp_tdes.c ****   uint32_t keyaddr    = (uint32_t)Key;
 105:../STM32F4xx_StdPeriph_Driver/src/stm32f4xx_cryp_tdes.c ****   uint32_t inputaddr  = (uint32_t)Input;
 106:../STM32F4xx_StdPeriph_Driver/src/stm32f4xx_cryp_tdes.c ****   uint32_t outputaddr = (uint32_t)Output;
 107:../STM32F4xx_StdPeriph_Driver/src/stm32f4xx_cryp_tdes.c ****   uint32_t i = 0;
 108:../STM32F4xx_StdPeriph_Driver/src/stm32f4xx_cryp_tdes.c **** 
 109:../STM32F4xx_StdPeriph_Driver/src/stm32f4xx_cryp_tdes.c ****   /* Crypto structures initialisation*/
 110:../STM32F4xx_StdPeriph_Driver/src/stm32f4xx_cryp_tdes.c ****   CRYP_KeyStructInit(&TDES_CRYP_KeyInitStructure);
  52              		.loc 1 110 0
  53 000e 01A8     		add	r0, sp, #4
  54              	.LVL1:
  98:../STM32F4xx_StdPeriph_Driver/src/stm32f4xx_cryp_tdes.c **** {
  55              		.loc 1 98 0
  56 0010 1646     		mov	r6, r2
  57 0012 9A46     		mov	sl, r3
 105:../STM32F4xx_StdPeriph_Driver/src/stm32f4xx_cryp_tdes.c ****   uint32_t inputaddr  = (uint32_t)Input;
  58              		.loc 1 105 0
  59 0014 9146     		mov	r9, r2
 101:../STM32F4xx_StdPeriph_Driver/src/stm32f4xx_cryp_tdes.c ****   __IO uint32_t counter = 0;
  60              		.loc 1 101 0
  61 0016 CDF82C80 		str	r8, [sp, #44]
  62              	.LVL2:
 106:../STM32F4xx_StdPeriph_Driver/src/stm32f4xx_cryp_tdes.c ****   uint32_t outputaddr = (uint32_t)Output;
  63              		.loc 1 106 0
  64 001a 149F     		ldr	r7, [sp, #80]
  65              	.LVL3:
 111:../STM32F4xx_StdPeriph_Driver/src/stm32f4xx_cryp_tdes.c **** 
 112:../STM32F4xx_StdPeriph_Driver/src/stm32f4xx_cryp_tdes.c ****   /* Crypto Init for Encryption process */
 113:../STM32F4xx_StdPeriph_Driver/src/stm32f4xx_cryp_tdes.c ****   if(Mode == MODE_ENCRYPT) /* TDES encryption */
 114:../STM32F4xx_StdPeriph_Driver/src/stm32f4xx_cryp_tdes.c ****   {
 115:../STM32F4xx_StdPeriph_Driver/src/stm32f4xx_cryp_tdes.c ****      TDES_CRYP_InitStructure.CRYP_AlgoDir = CRYP_AlgoDir_Encrypt;
  66              		.loc 1 115 0
  67 001c 012C     		cmp	r4, #1
  68 001e 14BF     		ite	ne
  69 0020 0424     		movne	r4, #4
  70 0022 4446     		moveq	r4, r8
 110:../STM32F4xx_StdPeriph_Driver/src/stm32f4xx_cryp_tdes.c ****   CRYP_KeyStructInit(&TDES_CRYP_KeyInitStructure);
  71              		.loc 1 110 0
  72 0024 FFF7FEFF 		bl	CRYP_KeyStructInit
  73              	.LVL4:
 116:../STM32F4xx_StdPeriph_Driver/src/stm32f4xx_cryp_tdes.c ****   }
 117:../STM32F4xx_StdPeriph_Driver/src/stm32f4xx_cryp_tdes.c ****   else /*if(Mode == MODE_DECRYPT)*/ /* TDES decryption */
 118:../STM32F4xx_StdPeriph_Driver/src/stm32f4xx_cryp_tdes.c ****   {
 119:../STM32F4xx_StdPeriph_Driver/src/stm32f4xx_cryp_tdes.c ****      TDES_CRYP_InitStructure.CRYP_AlgoDir = CRYP_AlgoDir_Decrypt;
 120:../STM32F4xx_StdPeriph_Driver/src/stm32f4xx_cryp_tdes.c ****   }
 121:../STM32F4xx_StdPeriph_Driver/src/stm32f4xx_cryp_tdes.c **** 
 122:../STM32F4xx_StdPeriph_Driver/src/stm32f4xx_cryp_tdes.c ****   TDES_CRYP_InitStructure.CRYP_AlgoMode = CRYP_AlgoMode_TDES_ECB;
 123:../STM32F4xx_StdPeriph_Driver/src/stm32f4xx_cryp_tdes.c ****   TDES_CRYP_InitStructure.CRYP_DataType = CRYP_DataType_8b;
  74              		.loc 1 123 0
  75 0028 8023     		movs	r3, #128
 124:../STM32F4xx_StdPeriph_Driver/src/stm32f4xx_cryp_tdes.c ****   CRYP_Init(&TDES_CRYP_InitStructure);
  76              		.loc 1 124 0
  77 002a 09A8     		add	r0, sp, #36
 123:../STM32F4xx_StdPeriph_Driver/src/stm32f4xx_cryp_tdes.c ****   TDES_CRYP_InitStructure.CRYP_DataType = CRYP_DataType_8b;
  78              		.loc 1 123 0
  79 002c ADF82830 		strh	r3, [sp, #40]	@ movhi
 113:../STM32F4xx_StdPeriph_Driver/src/stm32f4xx_cryp_tdes.c ****   if(Mode == MODE_ENCRYPT) /* TDES encryption */
  80              		.loc 1 113 0
  81 0030 ADF82440 		strh	r4, [sp, #36]	@ movhi
 122:../STM32F4xx_StdPeriph_Driver/src/stm32f4xx_cryp_tdes.c ****   TDES_CRYP_InitStructure.CRYP_AlgoMode = CRYP_AlgoMode_TDES_ECB;
  82              		.loc 1 122 0
  83 0034 ADF82680 		strh	r8, [sp, #38]	@ movhi
  84              		.loc 1 124 0
  85 0038 FFF7FEFF 		bl	CRYP_Init
  86              	.LVL5:
  87              	.LBB30:
  88              	.LBB31:
  89              		.file 2 "D:\\Elektronik\\WorspaceEclipse\\ThunderCryer\\CMSIS\\Include/core_cmInstr.h"
   1:D:\Elektronik\WorspaceEclipse\ThunderCryer\CMSIS\Include\core_cmInstr.h **** /**************************************************************************//**
   2:D:\Elektronik\WorspaceEclipse\ThunderCryer\CMSIS\Include\core_cmInstr.h ****  * @file     core_cmInstr.h
   3:D:\Elektronik\WorspaceEclipse\ThunderCryer\CMSIS\Include\core_cmInstr.h ****  * @brief    CMSIS Cortex-M Core Instruction Access Header File
   4:D:\Elektronik\WorspaceEclipse\ThunderCryer\CMSIS\Include\core_cmInstr.h ****  * @version  V2.10
   5:D:\Elektronik\WorspaceEclipse\ThunderCryer\CMSIS\Include\core_cmInstr.h ****  * @date     19. July 2011
   6:D:\Elektronik\WorspaceEclipse\ThunderCryer\CMSIS\Include\core_cmInstr.h ****  *
   7:D:\Elektronik\WorspaceEclipse\ThunderCryer\CMSIS\Include\core_cmInstr.h ****  * @note
   8:D:\Elektronik\WorspaceEclipse\ThunderCryer\CMSIS\Include\core_cmInstr.h ****  * Copyright (C) 2009-2011 ARM Limited. All rights reserved.
   9:D:\Elektronik\WorspaceEclipse\ThunderCryer\CMSIS\Include\core_cmInstr.h ****  *
  10:D:\Elektronik\WorspaceEclipse\ThunderCryer\CMSIS\Include\core_cmInstr.h ****  * @par
  11:D:\Elektronik\WorspaceEclipse\ThunderCryer\CMSIS\Include\core_cmInstr.h ****  * ARM Limited (ARM) is supplying this software for use with Cortex-M 
  12:D:\Elektronik\WorspaceEclipse\ThunderCryer\CMSIS\Include\core_cmInstr.h ****  * processor based microcontrollers.  This file can be freely distributed 
  13:D:\Elektronik\WorspaceEclipse\ThunderCryer\CMSIS\Include\core_cmInstr.h ****  * within development tools that are supporting such ARM based processors. 
  14:D:\Elektronik\WorspaceEclipse\ThunderCryer\CMSIS\Include\core_cmInstr.h ****  *
  15:D:\Elektronik\WorspaceEclipse\ThunderCryer\CMSIS\Include\core_cmInstr.h ****  * @par
  16:D:\Elektronik\WorspaceEclipse\ThunderCryer\CMSIS\Include\core_cmInstr.h ****  * THIS SOFTWARE IS PROVIDED "AS IS".  NO WARRANTIES, WHETHER EXPRESS, IMPLIED
  17:D:\Elektronik\WorspaceEclipse\ThunderCryer\CMSIS\Include\core_cmInstr.h ****  * OR STATUTORY, INCLUDING, BUT NOT LIMITED TO, IMPLIED WARRANTIES OF
  18:D:\Elektronik\WorspaceEclipse\ThunderCryer\CMSIS\Include\core_cmInstr.h ****  * MERCHANTABILITY AND FITNESS FOR A PARTICULAR PURPOSE APPLY TO THIS SOFTWARE.
  19:D:\Elektronik\WorspaceEclipse\ThunderCryer\CMSIS\Include\core_cmInstr.h ****  * ARM SHALL NOT, IN ANY CIRCUMSTANCES, BE LIABLE FOR SPECIAL, INCIDENTAL, OR
  20:D:\Elektronik\WorspaceEclipse\ThunderCryer\CMSIS\Include\core_cmInstr.h ****  * CONSEQUENTIAL DAMAGES, FOR ANY REASON WHATSOEVER.
  21:D:\Elektronik\WorspaceEclipse\ThunderCryer\CMSIS\Include\core_cmInstr.h ****  *
  22:D:\Elektronik\WorspaceEclipse\ThunderCryer\CMSIS\Include\core_cmInstr.h ****  ******************************************************************************/
  23:D:\Elektronik\WorspaceEclipse\ThunderCryer\CMSIS\Include\core_cmInstr.h **** 
  24:D:\Elektronik\WorspaceEclipse\ThunderCryer\CMSIS\Include\core_cmInstr.h **** #ifndef __CORE_CMINSTR_H
  25:D:\Elektronik\WorspaceEclipse\ThunderCryer\CMSIS\Include\core_cmInstr.h **** #define __CORE_CMINSTR_H
  26:D:\Elektronik\WorspaceEclipse\ThunderCryer\CMSIS\Include\core_cmInstr.h **** 
  27:D:\Elektronik\WorspaceEclipse\ThunderCryer\CMSIS\Include\core_cmInstr.h **** 
  28:D:\Elektronik\WorspaceEclipse\ThunderCryer\CMSIS\Include\core_cmInstr.h **** /* ##########################  Core Instruction Access  ######################### */
  29:D:\Elektronik\WorspaceEclipse\ThunderCryer\CMSIS\Include\core_cmInstr.h **** /** \defgroup CMSIS_Core_InstructionInterface CMSIS Core Instruction Interface
  30:D:\Elektronik\WorspaceEclipse\ThunderCryer\CMSIS\Include\core_cmInstr.h ****   Access to dedicated instructions
  31:D:\Elektronik\WorspaceEclipse\ThunderCryer\CMSIS\Include\core_cmInstr.h ****   @{
  32:D:\Elektronik\WorspaceEclipse\ThunderCryer\CMSIS\Include\core_cmInstr.h **** */
  33:D:\Elektronik\WorspaceEclipse\ThunderCryer\CMSIS\Include\core_cmInstr.h **** 
  34:D:\Elektronik\WorspaceEclipse\ThunderCryer\CMSIS\Include\core_cmInstr.h **** #if   defined ( __CC_ARM ) /*------------------RealView Compiler -----------------*/
  35:D:\Elektronik\WorspaceEclipse\ThunderCryer\CMSIS\Include\core_cmInstr.h **** /* ARM armcc specific functions */
  36:D:\Elektronik\WorspaceEclipse\ThunderCryer\CMSIS\Include\core_cmInstr.h **** 
  37:D:\Elektronik\WorspaceEclipse\ThunderCryer\CMSIS\Include\core_cmInstr.h **** #if (__ARMCC_VERSION < 400677)
  38:D:\Elektronik\WorspaceEclipse\ThunderCryer\CMSIS\Include\core_cmInstr.h ****   #error "Please use ARM Compiler Toolchain V4.0.677 or later!"
  39:D:\Elektronik\WorspaceEclipse\ThunderCryer\CMSIS\Include\core_cmInstr.h **** #endif
  40:D:\Elektronik\WorspaceEclipse\ThunderCryer\CMSIS\Include\core_cmInstr.h **** 
  41:D:\Elektronik\WorspaceEclipse\ThunderCryer\CMSIS\Include\core_cmInstr.h **** 
  42:D:\Elektronik\WorspaceEclipse\ThunderCryer\CMSIS\Include\core_cmInstr.h **** /** \brief  No Operation
  43:D:\Elektronik\WorspaceEclipse\ThunderCryer\CMSIS\Include\core_cmInstr.h **** 
  44:D:\Elektronik\WorspaceEclipse\ThunderCryer\CMSIS\Include\core_cmInstr.h ****     No Operation does nothing. This instruction can be used for code alignment purposes.
  45:D:\Elektronik\WorspaceEclipse\ThunderCryer\CMSIS\Include\core_cmInstr.h ****  */
  46:D:\Elektronik\WorspaceEclipse\ThunderCryer\CMSIS\Include\core_cmInstr.h **** #define __NOP                             __nop
  47:D:\Elektronik\WorspaceEclipse\ThunderCryer\CMSIS\Include\core_cmInstr.h **** 
  48:D:\Elektronik\WorspaceEclipse\ThunderCryer\CMSIS\Include\core_cmInstr.h **** 
  49:D:\Elektronik\WorspaceEclipse\ThunderCryer\CMSIS\Include\core_cmInstr.h **** /** \brief  Wait For Interrupt
  50:D:\Elektronik\WorspaceEclipse\ThunderCryer\CMSIS\Include\core_cmInstr.h **** 
  51:D:\Elektronik\WorspaceEclipse\ThunderCryer\CMSIS\Include\core_cmInstr.h ****     Wait For Interrupt is a hint instruction that suspends execution
  52:D:\Elektronik\WorspaceEclipse\ThunderCryer\CMSIS\Include\core_cmInstr.h ****     until one of a number of events occurs.
  53:D:\Elektronik\WorspaceEclipse\ThunderCryer\CMSIS\Include\core_cmInstr.h ****  */
  54:D:\Elektronik\WorspaceEclipse\ThunderCryer\CMSIS\Include\core_cmInstr.h **** #define __WFI                             __wfi
  55:D:\Elektronik\WorspaceEclipse\ThunderCryer\CMSIS\Include\core_cmInstr.h **** 
  56:D:\Elektronik\WorspaceEclipse\ThunderCryer\CMSIS\Include\core_cmInstr.h **** 
  57:D:\Elektronik\WorspaceEclipse\ThunderCryer\CMSIS\Include\core_cmInstr.h **** /** \brief  Wait For Event
  58:D:\Elektronik\WorspaceEclipse\ThunderCryer\CMSIS\Include\core_cmInstr.h **** 
  59:D:\Elektronik\WorspaceEclipse\ThunderCryer\CMSIS\Include\core_cmInstr.h ****     Wait For Event is a hint instruction that permits the processor to enter
  60:D:\Elektronik\WorspaceEclipse\ThunderCryer\CMSIS\Include\core_cmInstr.h ****     a low-power state until one of a number of events occurs.
  61:D:\Elektronik\WorspaceEclipse\ThunderCryer\CMSIS\Include\core_cmInstr.h ****  */
  62:D:\Elektronik\WorspaceEclipse\ThunderCryer\CMSIS\Include\core_cmInstr.h **** #define __WFE                             __wfe
  63:D:\Elektronik\WorspaceEclipse\ThunderCryer\CMSIS\Include\core_cmInstr.h **** 
  64:D:\Elektronik\WorspaceEclipse\ThunderCryer\CMSIS\Include\core_cmInstr.h **** 
  65:D:\Elektronik\WorspaceEclipse\ThunderCryer\CMSIS\Include\core_cmInstr.h **** /** \brief  Send Event
  66:D:\Elektronik\WorspaceEclipse\ThunderCryer\CMSIS\Include\core_cmInstr.h **** 
  67:D:\Elektronik\WorspaceEclipse\ThunderCryer\CMSIS\Include\core_cmInstr.h ****     Send Event is a hint instruction. It causes an event to be signaled to the CPU.
  68:D:\Elektronik\WorspaceEclipse\ThunderCryer\CMSIS\Include\core_cmInstr.h ****  */
  69:D:\Elektronik\WorspaceEclipse\ThunderCryer\CMSIS\Include\core_cmInstr.h **** #define __SEV                             __sev
  70:D:\Elektronik\WorspaceEclipse\ThunderCryer\CMSIS\Include\core_cmInstr.h **** 
  71:D:\Elektronik\WorspaceEclipse\ThunderCryer\CMSIS\Include\core_cmInstr.h **** 
  72:D:\Elektronik\WorspaceEclipse\ThunderCryer\CMSIS\Include\core_cmInstr.h **** /** \brief  Instruction Synchronization Barrier
  73:D:\Elektronik\WorspaceEclipse\ThunderCryer\CMSIS\Include\core_cmInstr.h **** 
  74:D:\Elektronik\WorspaceEclipse\ThunderCryer\CMSIS\Include\core_cmInstr.h ****     Instruction Synchronization Barrier flushes the pipeline in the processor, 
  75:D:\Elektronik\WorspaceEclipse\ThunderCryer\CMSIS\Include\core_cmInstr.h ****     so that all instructions following the ISB are fetched from cache or 
  76:D:\Elektronik\WorspaceEclipse\ThunderCryer\CMSIS\Include\core_cmInstr.h ****     memory, after the instruction has been completed.
  77:D:\Elektronik\WorspaceEclipse\ThunderCryer\CMSIS\Include\core_cmInstr.h ****  */
  78:D:\Elektronik\WorspaceEclipse\ThunderCryer\CMSIS\Include\core_cmInstr.h **** #define __ISB()                           __isb(0xF)
  79:D:\Elektronik\WorspaceEclipse\ThunderCryer\CMSIS\Include\core_cmInstr.h **** 
  80:D:\Elektronik\WorspaceEclipse\ThunderCryer\CMSIS\Include\core_cmInstr.h **** 
  81:D:\Elektronik\WorspaceEclipse\ThunderCryer\CMSIS\Include\core_cmInstr.h **** /** \brief  Data Synchronization Barrier
  82:D:\Elektronik\WorspaceEclipse\ThunderCryer\CMSIS\Include\core_cmInstr.h **** 
  83:D:\Elektronik\WorspaceEclipse\ThunderCryer\CMSIS\Include\core_cmInstr.h ****     This function acts as a special kind of Data Memory Barrier. 
  84:D:\Elektronik\WorspaceEclipse\ThunderCryer\CMSIS\Include\core_cmInstr.h ****     It completes when all explicit memory accesses before this instruction complete.
  85:D:\Elektronik\WorspaceEclipse\ThunderCryer\CMSIS\Include\core_cmInstr.h ****  */
  86:D:\Elektronik\WorspaceEclipse\ThunderCryer\CMSIS\Include\core_cmInstr.h **** #define __DSB()                           __dsb(0xF)
  87:D:\Elektronik\WorspaceEclipse\ThunderCryer\CMSIS\Include\core_cmInstr.h **** 
  88:D:\Elektronik\WorspaceEclipse\ThunderCryer\CMSIS\Include\core_cmInstr.h **** 
  89:D:\Elektronik\WorspaceEclipse\ThunderCryer\CMSIS\Include\core_cmInstr.h **** /** \brief  Data Memory Barrier
  90:D:\Elektronik\WorspaceEclipse\ThunderCryer\CMSIS\Include\core_cmInstr.h **** 
  91:D:\Elektronik\WorspaceEclipse\ThunderCryer\CMSIS\Include\core_cmInstr.h ****     This function ensures the apparent order of the explicit memory operations before 
  92:D:\Elektronik\WorspaceEclipse\ThunderCryer\CMSIS\Include\core_cmInstr.h ****     and after the instruction, without ensuring their completion.
  93:D:\Elektronik\WorspaceEclipse\ThunderCryer\CMSIS\Include\core_cmInstr.h ****  */
  94:D:\Elektronik\WorspaceEclipse\ThunderCryer\CMSIS\Include\core_cmInstr.h **** #define __DMB()                           __dmb(0xF)
  95:D:\Elektronik\WorspaceEclipse\ThunderCryer\CMSIS\Include\core_cmInstr.h **** 
  96:D:\Elektronik\WorspaceEclipse\ThunderCryer\CMSIS\Include\core_cmInstr.h **** 
  97:D:\Elektronik\WorspaceEclipse\ThunderCryer\CMSIS\Include\core_cmInstr.h **** /** \brief  Reverse byte order (32 bit)
  98:D:\Elektronik\WorspaceEclipse\ThunderCryer\CMSIS\Include\core_cmInstr.h **** 
  99:D:\Elektronik\WorspaceEclipse\ThunderCryer\CMSIS\Include\core_cmInstr.h ****     This function reverses the byte order in integer value.
 100:D:\Elektronik\WorspaceEclipse\ThunderCryer\CMSIS\Include\core_cmInstr.h **** 
 101:D:\Elektronik\WorspaceEclipse\ThunderCryer\CMSIS\Include\core_cmInstr.h ****     \param [in]    value  Value to reverse
 102:D:\Elektronik\WorspaceEclipse\ThunderCryer\CMSIS\Include\core_cmInstr.h ****     \return               Reversed value
 103:D:\Elektronik\WorspaceEclipse\ThunderCryer\CMSIS\Include\core_cmInstr.h ****  */
 104:D:\Elektronik\WorspaceEclipse\ThunderCryer\CMSIS\Include\core_cmInstr.h **** #define __REV                             __rev
 105:D:\Elektronik\WorspaceEclipse\ThunderCryer\CMSIS\Include\core_cmInstr.h **** 
 106:D:\Elektronik\WorspaceEclipse\ThunderCryer\CMSIS\Include\core_cmInstr.h **** 
 107:D:\Elektronik\WorspaceEclipse\ThunderCryer\CMSIS\Include\core_cmInstr.h **** /** \brief  Reverse byte order (16 bit)
 108:D:\Elektronik\WorspaceEclipse\ThunderCryer\CMSIS\Include\core_cmInstr.h **** 
 109:D:\Elektronik\WorspaceEclipse\ThunderCryer\CMSIS\Include\core_cmInstr.h ****     This function reverses the byte order in two unsigned short values.
 110:D:\Elektronik\WorspaceEclipse\ThunderCryer\CMSIS\Include\core_cmInstr.h **** 
 111:D:\Elektronik\WorspaceEclipse\ThunderCryer\CMSIS\Include\core_cmInstr.h ****     \param [in]    value  Value to reverse
 112:D:\Elektronik\WorspaceEclipse\ThunderCryer\CMSIS\Include\core_cmInstr.h ****     \return               Reversed value
 113:D:\Elektronik\WorspaceEclipse\ThunderCryer\CMSIS\Include\core_cmInstr.h ****  */
 114:D:\Elektronik\WorspaceEclipse\ThunderCryer\CMSIS\Include\core_cmInstr.h **** static __INLINE __ASM uint32_t __REV16(uint32_t value)
 115:D:\Elektronik\WorspaceEclipse\ThunderCryer\CMSIS\Include\core_cmInstr.h **** {
 116:D:\Elektronik\WorspaceEclipse\ThunderCryer\CMSIS\Include\core_cmInstr.h ****   rev16 r0, r0
 117:D:\Elektronik\WorspaceEclipse\ThunderCryer\CMSIS\Include\core_cmInstr.h ****   bx lr
 118:D:\Elektronik\WorspaceEclipse\ThunderCryer\CMSIS\Include\core_cmInstr.h **** }
 119:D:\Elektronik\WorspaceEclipse\ThunderCryer\CMSIS\Include\core_cmInstr.h **** 
 120:D:\Elektronik\WorspaceEclipse\ThunderCryer\CMSIS\Include\core_cmInstr.h **** 
 121:D:\Elektronik\WorspaceEclipse\ThunderCryer\CMSIS\Include\core_cmInstr.h **** /** \brief  Reverse byte order in signed short value
 122:D:\Elektronik\WorspaceEclipse\ThunderCryer\CMSIS\Include\core_cmInstr.h **** 
 123:D:\Elektronik\WorspaceEclipse\ThunderCryer\CMSIS\Include\core_cmInstr.h ****     This function reverses the byte order in a signed short value with sign extension to integer.
 124:D:\Elektronik\WorspaceEclipse\ThunderCryer\CMSIS\Include\core_cmInstr.h **** 
 125:D:\Elektronik\WorspaceEclipse\ThunderCryer\CMSIS\Include\core_cmInstr.h ****     \param [in]    value  Value to reverse
 126:D:\Elektronik\WorspaceEclipse\ThunderCryer\CMSIS\Include\core_cmInstr.h ****     \return               Reversed value
 127:D:\Elektronik\WorspaceEclipse\ThunderCryer\CMSIS\Include\core_cmInstr.h ****  */
 128:D:\Elektronik\WorspaceEclipse\ThunderCryer\CMSIS\Include\core_cmInstr.h **** static __INLINE __ASM int32_t __REVSH(int32_t value)
 129:D:\Elektronik\WorspaceEclipse\ThunderCryer\CMSIS\Include\core_cmInstr.h **** {
 130:D:\Elektronik\WorspaceEclipse\ThunderCryer\CMSIS\Include\core_cmInstr.h ****   revsh r0, r0
 131:D:\Elektronik\WorspaceEclipse\ThunderCryer\CMSIS\Include\core_cmInstr.h ****   bx lr
 132:D:\Elektronik\WorspaceEclipse\ThunderCryer\CMSIS\Include\core_cmInstr.h **** }
 133:D:\Elektronik\WorspaceEclipse\ThunderCryer\CMSIS\Include\core_cmInstr.h **** 
 134:D:\Elektronik\WorspaceEclipse\ThunderCryer\CMSIS\Include\core_cmInstr.h **** 
 135:D:\Elektronik\WorspaceEclipse\ThunderCryer\CMSIS\Include\core_cmInstr.h **** #if       (__CORTEX_M >= 0x03)
 136:D:\Elektronik\WorspaceEclipse\ThunderCryer\CMSIS\Include\core_cmInstr.h **** 
 137:D:\Elektronik\WorspaceEclipse\ThunderCryer\CMSIS\Include\core_cmInstr.h **** /** \brief  Reverse bit order of value
 138:D:\Elektronik\WorspaceEclipse\ThunderCryer\CMSIS\Include\core_cmInstr.h **** 
 139:D:\Elektronik\WorspaceEclipse\ThunderCryer\CMSIS\Include\core_cmInstr.h ****     This function reverses the bit order of the given value.
 140:D:\Elektronik\WorspaceEclipse\ThunderCryer\CMSIS\Include\core_cmInstr.h **** 
 141:D:\Elektronik\WorspaceEclipse\ThunderCryer\CMSIS\Include\core_cmInstr.h ****     \param [in]    value  Value to reverse
 142:D:\Elektronik\WorspaceEclipse\ThunderCryer\CMSIS\Include\core_cmInstr.h ****     \return               Reversed value
 143:D:\Elektronik\WorspaceEclipse\ThunderCryer\CMSIS\Include\core_cmInstr.h ****  */
 144:D:\Elektronik\WorspaceEclipse\ThunderCryer\CMSIS\Include\core_cmInstr.h **** #define __RBIT                            __rbit
 145:D:\Elektronik\WorspaceEclipse\ThunderCryer\CMSIS\Include\core_cmInstr.h **** 
 146:D:\Elektronik\WorspaceEclipse\ThunderCryer\CMSIS\Include\core_cmInstr.h **** 
 147:D:\Elektronik\WorspaceEclipse\ThunderCryer\CMSIS\Include\core_cmInstr.h **** /** \brief  LDR Exclusive (8 bit)
 148:D:\Elektronik\WorspaceEclipse\ThunderCryer\CMSIS\Include\core_cmInstr.h **** 
 149:D:\Elektronik\WorspaceEclipse\ThunderCryer\CMSIS\Include\core_cmInstr.h ****     This function performs a exclusive LDR command for 8 bit value.
 150:D:\Elektronik\WorspaceEclipse\ThunderCryer\CMSIS\Include\core_cmInstr.h **** 
 151:D:\Elektronik\WorspaceEclipse\ThunderCryer\CMSIS\Include\core_cmInstr.h ****     \param [in]    ptr  Pointer to data
 152:D:\Elektronik\WorspaceEclipse\ThunderCryer\CMSIS\Include\core_cmInstr.h ****     \return             value of type uint8_t at (*ptr)
 153:D:\Elektronik\WorspaceEclipse\ThunderCryer\CMSIS\Include\core_cmInstr.h ****  */
 154:D:\Elektronik\WorspaceEclipse\ThunderCryer\CMSIS\Include\core_cmInstr.h **** #define __LDREXB(ptr)                     ((uint8_t ) __ldrex(ptr))
 155:D:\Elektronik\WorspaceEclipse\ThunderCryer\CMSIS\Include\core_cmInstr.h **** 
 156:D:\Elektronik\WorspaceEclipse\ThunderCryer\CMSIS\Include\core_cmInstr.h **** 
 157:D:\Elektronik\WorspaceEclipse\ThunderCryer\CMSIS\Include\core_cmInstr.h **** /** \brief  LDR Exclusive (16 bit)
 158:D:\Elektronik\WorspaceEclipse\ThunderCryer\CMSIS\Include\core_cmInstr.h **** 
 159:D:\Elektronik\WorspaceEclipse\ThunderCryer\CMSIS\Include\core_cmInstr.h ****     This function performs a exclusive LDR command for 16 bit values.
 160:D:\Elektronik\WorspaceEclipse\ThunderCryer\CMSIS\Include\core_cmInstr.h **** 
 161:D:\Elektronik\WorspaceEclipse\ThunderCryer\CMSIS\Include\core_cmInstr.h ****     \param [in]    ptr  Pointer to data
 162:D:\Elektronik\WorspaceEclipse\ThunderCryer\CMSIS\Include\core_cmInstr.h ****     \return        value of type uint16_t at (*ptr)
 163:D:\Elektronik\WorspaceEclipse\ThunderCryer\CMSIS\Include\core_cmInstr.h ****  */
 164:D:\Elektronik\WorspaceEclipse\ThunderCryer\CMSIS\Include\core_cmInstr.h **** #define __LDREXH(ptr)                     ((uint16_t) __ldrex(ptr))
 165:D:\Elektronik\WorspaceEclipse\ThunderCryer\CMSIS\Include\core_cmInstr.h **** 
 166:D:\Elektronik\WorspaceEclipse\ThunderCryer\CMSIS\Include\core_cmInstr.h **** 
 167:D:\Elektronik\WorspaceEclipse\ThunderCryer\CMSIS\Include\core_cmInstr.h **** /** \brief  LDR Exclusive (32 bit)
 168:D:\Elektronik\WorspaceEclipse\ThunderCryer\CMSIS\Include\core_cmInstr.h **** 
 169:D:\Elektronik\WorspaceEclipse\ThunderCryer\CMSIS\Include\core_cmInstr.h ****     This function performs a exclusive LDR command for 32 bit values.
 170:D:\Elektronik\WorspaceEclipse\ThunderCryer\CMSIS\Include\core_cmInstr.h **** 
 171:D:\Elektronik\WorspaceEclipse\ThunderCryer\CMSIS\Include\core_cmInstr.h ****     \param [in]    ptr  Pointer to data
 172:D:\Elektronik\WorspaceEclipse\ThunderCryer\CMSIS\Include\core_cmInstr.h ****     \return        value of type uint32_t at (*ptr)
 173:D:\Elektronik\WorspaceEclipse\ThunderCryer\CMSIS\Include\core_cmInstr.h ****  */
 174:D:\Elektronik\WorspaceEclipse\ThunderCryer\CMSIS\Include\core_cmInstr.h **** #define __LDREXW(ptr)                     ((uint32_t ) __ldrex(ptr))
 175:D:\Elektronik\WorspaceEclipse\ThunderCryer\CMSIS\Include\core_cmInstr.h **** 
 176:D:\Elektronik\WorspaceEclipse\ThunderCryer\CMSIS\Include\core_cmInstr.h **** 
 177:D:\Elektronik\WorspaceEclipse\ThunderCryer\CMSIS\Include\core_cmInstr.h **** /** \brief  STR Exclusive (8 bit)
 178:D:\Elektronik\WorspaceEclipse\ThunderCryer\CMSIS\Include\core_cmInstr.h **** 
 179:D:\Elektronik\WorspaceEclipse\ThunderCryer\CMSIS\Include\core_cmInstr.h ****     This function performs a exclusive STR command for 8 bit values.
 180:D:\Elektronik\WorspaceEclipse\ThunderCryer\CMSIS\Include\core_cmInstr.h **** 
 181:D:\Elektronik\WorspaceEclipse\ThunderCryer\CMSIS\Include\core_cmInstr.h ****     \param [in]  value  Value to store
 182:D:\Elektronik\WorspaceEclipse\ThunderCryer\CMSIS\Include\core_cmInstr.h ****     \param [in]    ptr  Pointer to location
 183:D:\Elektronik\WorspaceEclipse\ThunderCryer\CMSIS\Include\core_cmInstr.h ****     \return          0  Function succeeded
 184:D:\Elektronik\WorspaceEclipse\ThunderCryer\CMSIS\Include\core_cmInstr.h ****     \return          1  Function failed
 185:D:\Elektronik\WorspaceEclipse\ThunderCryer\CMSIS\Include\core_cmInstr.h ****  */
 186:D:\Elektronik\WorspaceEclipse\ThunderCryer\CMSIS\Include\core_cmInstr.h **** #define __STREXB(value, ptr)              __strex(value, ptr)
 187:D:\Elektronik\WorspaceEclipse\ThunderCryer\CMSIS\Include\core_cmInstr.h **** 
 188:D:\Elektronik\WorspaceEclipse\ThunderCryer\CMSIS\Include\core_cmInstr.h **** 
 189:D:\Elektronik\WorspaceEclipse\ThunderCryer\CMSIS\Include\core_cmInstr.h **** /** \brief  STR Exclusive (16 bit)
 190:D:\Elektronik\WorspaceEclipse\ThunderCryer\CMSIS\Include\core_cmInstr.h **** 
 191:D:\Elektronik\WorspaceEclipse\ThunderCryer\CMSIS\Include\core_cmInstr.h ****     This function performs a exclusive STR command for 16 bit values.
 192:D:\Elektronik\WorspaceEclipse\ThunderCryer\CMSIS\Include\core_cmInstr.h **** 
 193:D:\Elektronik\WorspaceEclipse\ThunderCryer\CMSIS\Include\core_cmInstr.h ****     \param [in]  value  Value to store
 194:D:\Elektronik\WorspaceEclipse\ThunderCryer\CMSIS\Include\core_cmInstr.h ****     \param [in]    ptr  Pointer to location
 195:D:\Elektronik\WorspaceEclipse\ThunderCryer\CMSIS\Include\core_cmInstr.h ****     \return          0  Function succeeded
 196:D:\Elektronik\WorspaceEclipse\ThunderCryer\CMSIS\Include\core_cmInstr.h ****     \return          1  Function failed
 197:D:\Elektronik\WorspaceEclipse\ThunderCryer\CMSIS\Include\core_cmInstr.h ****  */
 198:D:\Elektronik\WorspaceEclipse\ThunderCryer\CMSIS\Include\core_cmInstr.h **** #define __STREXH(value, ptr)              __strex(value, ptr)
 199:D:\Elektronik\WorspaceEclipse\ThunderCryer\CMSIS\Include\core_cmInstr.h **** 
 200:D:\Elektronik\WorspaceEclipse\ThunderCryer\CMSIS\Include\core_cmInstr.h **** 
 201:D:\Elektronik\WorspaceEclipse\ThunderCryer\CMSIS\Include\core_cmInstr.h **** /** \brief  STR Exclusive (32 bit)
 202:D:\Elektronik\WorspaceEclipse\ThunderCryer\CMSIS\Include\core_cmInstr.h **** 
 203:D:\Elektronik\WorspaceEclipse\ThunderCryer\CMSIS\Include\core_cmInstr.h ****     This function performs a exclusive STR command for 32 bit values.
 204:D:\Elektronik\WorspaceEclipse\ThunderCryer\CMSIS\Include\core_cmInstr.h **** 
 205:D:\Elektronik\WorspaceEclipse\ThunderCryer\CMSIS\Include\core_cmInstr.h ****     \param [in]  value  Value to store
 206:D:\Elektronik\WorspaceEclipse\ThunderCryer\CMSIS\Include\core_cmInstr.h ****     \param [in]    ptr  Pointer to location
 207:D:\Elektronik\WorspaceEclipse\ThunderCryer\CMSIS\Include\core_cmInstr.h ****     \return          0  Function succeeded
 208:D:\Elektronik\WorspaceEclipse\ThunderCryer\CMSIS\Include\core_cmInstr.h ****     \return          1  Function failed
 209:D:\Elektronik\WorspaceEclipse\ThunderCryer\CMSIS\Include\core_cmInstr.h ****  */
 210:D:\Elektronik\WorspaceEclipse\ThunderCryer\CMSIS\Include\core_cmInstr.h **** #define __STREXW(value, ptr)              __strex(value, ptr)
 211:D:\Elektronik\WorspaceEclipse\ThunderCryer\CMSIS\Include\core_cmInstr.h **** 
 212:D:\Elektronik\WorspaceEclipse\ThunderCryer\CMSIS\Include\core_cmInstr.h **** 
 213:D:\Elektronik\WorspaceEclipse\ThunderCryer\CMSIS\Include\core_cmInstr.h **** /** \brief  Remove the exclusive lock
 214:D:\Elektronik\WorspaceEclipse\ThunderCryer\CMSIS\Include\core_cmInstr.h **** 
 215:D:\Elektronik\WorspaceEclipse\ThunderCryer\CMSIS\Include\core_cmInstr.h ****     This function removes the exclusive lock which is created by LDREX.
 216:D:\Elektronik\WorspaceEclipse\ThunderCryer\CMSIS\Include\core_cmInstr.h **** 
 217:D:\Elektronik\WorspaceEclipse\ThunderCryer\CMSIS\Include\core_cmInstr.h ****  */
 218:D:\Elektronik\WorspaceEclipse\ThunderCryer\CMSIS\Include\core_cmInstr.h **** #define __CLREX                           __clrex
 219:D:\Elektronik\WorspaceEclipse\ThunderCryer\CMSIS\Include\core_cmInstr.h **** 
 220:D:\Elektronik\WorspaceEclipse\ThunderCryer\CMSIS\Include\core_cmInstr.h **** 
 221:D:\Elektronik\WorspaceEclipse\ThunderCryer\CMSIS\Include\core_cmInstr.h **** /** \brief  Signed Saturate
 222:D:\Elektronik\WorspaceEclipse\ThunderCryer\CMSIS\Include\core_cmInstr.h **** 
 223:D:\Elektronik\WorspaceEclipse\ThunderCryer\CMSIS\Include\core_cmInstr.h ****     This function saturates a signed value.
 224:D:\Elektronik\WorspaceEclipse\ThunderCryer\CMSIS\Include\core_cmInstr.h **** 
 225:D:\Elektronik\WorspaceEclipse\ThunderCryer\CMSIS\Include\core_cmInstr.h ****     \param [in]  value  Value to be saturated
 226:D:\Elektronik\WorspaceEclipse\ThunderCryer\CMSIS\Include\core_cmInstr.h ****     \param [in]    sat  Bit position to saturate to (1..32)
 227:D:\Elektronik\WorspaceEclipse\ThunderCryer\CMSIS\Include\core_cmInstr.h ****     \return             Saturated value
 228:D:\Elektronik\WorspaceEclipse\ThunderCryer\CMSIS\Include\core_cmInstr.h ****  */
 229:D:\Elektronik\WorspaceEclipse\ThunderCryer\CMSIS\Include\core_cmInstr.h **** #define __SSAT                            __ssat
 230:D:\Elektronik\WorspaceEclipse\ThunderCryer\CMSIS\Include\core_cmInstr.h **** 
 231:D:\Elektronik\WorspaceEclipse\ThunderCryer\CMSIS\Include\core_cmInstr.h **** 
 232:D:\Elektronik\WorspaceEclipse\ThunderCryer\CMSIS\Include\core_cmInstr.h **** /** \brief  Unsigned Saturate
 233:D:\Elektronik\WorspaceEclipse\ThunderCryer\CMSIS\Include\core_cmInstr.h **** 
 234:D:\Elektronik\WorspaceEclipse\ThunderCryer\CMSIS\Include\core_cmInstr.h ****     This function saturates an unsigned value.
 235:D:\Elektronik\WorspaceEclipse\ThunderCryer\CMSIS\Include\core_cmInstr.h **** 
 236:D:\Elektronik\WorspaceEclipse\ThunderCryer\CMSIS\Include\core_cmInstr.h ****     \param [in]  value  Value to be saturated
 237:D:\Elektronik\WorspaceEclipse\ThunderCryer\CMSIS\Include\core_cmInstr.h ****     \param [in]    sat  Bit position to saturate to (0..31)
 238:D:\Elektronik\WorspaceEclipse\ThunderCryer\CMSIS\Include\core_cmInstr.h ****     \return             Saturated value
 239:D:\Elektronik\WorspaceEclipse\ThunderCryer\CMSIS\Include\core_cmInstr.h ****  */
 240:D:\Elektronik\WorspaceEclipse\ThunderCryer\CMSIS\Include\core_cmInstr.h **** #define __USAT                            __usat
 241:D:\Elektronik\WorspaceEclipse\ThunderCryer\CMSIS\Include\core_cmInstr.h **** 
 242:D:\Elektronik\WorspaceEclipse\ThunderCryer\CMSIS\Include\core_cmInstr.h **** 
 243:D:\Elektronik\WorspaceEclipse\ThunderCryer\CMSIS\Include\core_cmInstr.h **** /** \brief  Count leading zeros
 244:D:\Elektronik\WorspaceEclipse\ThunderCryer\CMSIS\Include\core_cmInstr.h **** 
 245:D:\Elektronik\WorspaceEclipse\ThunderCryer\CMSIS\Include\core_cmInstr.h ****     This function counts the number of leading zeros of a data value.
 246:D:\Elektronik\WorspaceEclipse\ThunderCryer\CMSIS\Include\core_cmInstr.h **** 
 247:D:\Elektronik\WorspaceEclipse\ThunderCryer\CMSIS\Include\core_cmInstr.h ****     \param [in]  value  Value to count the leading zeros
 248:D:\Elektronik\WorspaceEclipse\ThunderCryer\CMSIS\Include\core_cmInstr.h ****     \return             number of leading zeros in value
 249:D:\Elektronik\WorspaceEclipse\ThunderCryer\CMSIS\Include\core_cmInstr.h ****  */
 250:D:\Elektronik\WorspaceEclipse\ThunderCryer\CMSIS\Include\core_cmInstr.h **** #define __CLZ                             __clz 
 251:D:\Elektronik\WorspaceEclipse\ThunderCryer\CMSIS\Include\core_cmInstr.h **** 
 252:D:\Elektronik\WorspaceEclipse\ThunderCryer\CMSIS\Include\core_cmInstr.h **** #endif /* (__CORTEX_M >= 0x03) */
 253:D:\Elektronik\WorspaceEclipse\ThunderCryer\CMSIS\Include\core_cmInstr.h **** 
 254:D:\Elektronik\WorspaceEclipse\ThunderCryer\CMSIS\Include\core_cmInstr.h **** 
 255:D:\Elektronik\WorspaceEclipse\ThunderCryer\CMSIS\Include\core_cmInstr.h **** 
 256:D:\Elektronik\WorspaceEclipse\ThunderCryer\CMSIS\Include\core_cmInstr.h **** #elif defined ( __ICCARM__ ) /*------------------ ICC Compiler -------------------*/
 257:D:\Elektronik\WorspaceEclipse\ThunderCryer\CMSIS\Include\core_cmInstr.h **** /* IAR iccarm specific functions */
 258:D:\Elektronik\WorspaceEclipse\ThunderCryer\CMSIS\Include\core_cmInstr.h **** 
 259:D:\Elektronik\WorspaceEclipse\ThunderCryer\CMSIS\Include\core_cmInstr.h **** #include <cmsis_iar.h>
 260:D:\Elektronik\WorspaceEclipse\ThunderCryer\CMSIS\Include\core_cmInstr.h **** 
 261:D:\Elektronik\WorspaceEclipse\ThunderCryer\CMSIS\Include\core_cmInstr.h **** 
 262:D:\Elektronik\WorspaceEclipse\ThunderCryer\CMSIS\Include\core_cmInstr.h **** #elif defined ( __GNUC__ ) /*------------------ GNU Compiler ---------------------*/
 263:D:\Elektronik\WorspaceEclipse\ThunderCryer\CMSIS\Include\core_cmInstr.h **** /* GNU gcc specific functions */
 264:D:\Elektronik\WorspaceEclipse\ThunderCryer\CMSIS\Include\core_cmInstr.h **** 
 265:D:\Elektronik\WorspaceEclipse\ThunderCryer\CMSIS\Include\core_cmInstr.h **** /** \brief  No Operation
 266:D:\Elektronik\WorspaceEclipse\ThunderCryer\CMSIS\Include\core_cmInstr.h **** 
 267:D:\Elektronik\WorspaceEclipse\ThunderCryer\CMSIS\Include\core_cmInstr.h ****     No Operation does nothing. This instruction can be used for code alignment purposes.
 268:D:\Elektronik\WorspaceEclipse\ThunderCryer\CMSIS\Include\core_cmInstr.h ****  */
 269:D:\Elektronik\WorspaceEclipse\ThunderCryer\CMSIS\Include\core_cmInstr.h **** __attribute__( ( always_inline ) ) static __INLINE void __NOP(void)
 270:D:\Elektronik\WorspaceEclipse\ThunderCryer\CMSIS\Include\core_cmInstr.h **** {
 271:D:\Elektronik\WorspaceEclipse\ThunderCryer\CMSIS\Include\core_cmInstr.h ****   __ASM volatile ("nop");
 272:D:\Elektronik\WorspaceEclipse\ThunderCryer\CMSIS\Include\core_cmInstr.h **** }
 273:D:\Elektronik\WorspaceEclipse\ThunderCryer\CMSIS\Include\core_cmInstr.h **** 
 274:D:\Elektronik\WorspaceEclipse\ThunderCryer\CMSIS\Include\core_cmInstr.h **** 
 275:D:\Elektronik\WorspaceEclipse\ThunderCryer\CMSIS\Include\core_cmInstr.h **** /** \brief  Wait For Interrupt
 276:D:\Elektronik\WorspaceEclipse\ThunderCryer\CMSIS\Include\core_cmInstr.h **** 
 277:D:\Elektronik\WorspaceEclipse\ThunderCryer\CMSIS\Include\core_cmInstr.h ****     Wait For Interrupt is a hint instruction that suspends execution
 278:D:\Elektronik\WorspaceEclipse\ThunderCryer\CMSIS\Include\core_cmInstr.h ****     until one of a number of events occurs.
 279:D:\Elektronik\WorspaceEclipse\ThunderCryer\CMSIS\Include\core_cmInstr.h ****  */
 280:D:\Elektronik\WorspaceEclipse\ThunderCryer\CMSIS\Include\core_cmInstr.h **** __attribute__( ( always_inline ) ) static __INLINE void __WFI(void)
 281:D:\Elektronik\WorspaceEclipse\ThunderCryer\CMSIS\Include\core_cmInstr.h **** {
 282:D:\Elektronik\WorspaceEclipse\ThunderCryer\CMSIS\Include\core_cmInstr.h ****   __ASM volatile ("wfi");
 283:D:\Elektronik\WorspaceEclipse\ThunderCryer\CMSIS\Include\core_cmInstr.h **** }
 284:D:\Elektronik\WorspaceEclipse\ThunderCryer\CMSIS\Include\core_cmInstr.h **** 
 285:D:\Elektronik\WorspaceEclipse\ThunderCryer\CMSIS\Include\core_cmInstr.h **** 
 286:D:\Elektronik\WorspaceEclipse\ThunderCryer\CMSIS\Include\core_cmInstr.h **** /** \brief  Wait For Event
 287:D:\Elektronik\WorspaceEclipse\ThunderCryer\CMSIS\Include\core_cmInstr.h **** 
 288:D:\Elektronik\WorspaceEclipse\ThunderCryer\CMSIS\Include\core_cmInstr.h ****     Wait For Event is a hint instruction that permits the processor to enter
 289:D:\Elektronik\WorspaceEclipse\ThunderCryer\CMSIS\Include\core_cmInstr.h ****     a low-power state until one of a number of events occurs.
 290:D:\Elektronik\WorspaceEclipse\ThunderCryer\CMSIS\Include\core_cmInstr.h ****  */
 291:D:\Elektronik\WorspaceEclipse\ThunderCryer\CMSIS\Include\core_cmInstr.h **** __attribute__( ( always_inline ) ) static __INLINE void __WFE(void)
 292:D:\Elektronik\WorspaceEclipse\ThunderCryer\CMSIS\Include\core_cmInstr.h **** {
 293:D:\Elektronik\WorspaceEclipse\ThunderCryer\CMSIS\Include\core_cmInstr.h ****   __ASM volatile ("wfe");
 294:D:\Elektronik\WorspaceEclipse\ThunderCryer\CMSIS\Include\core_cmInstr.h **** }
 295:D:\Elektronik\WorspaceEclipse\ThunderCryer\CMSIS\Include\core_cmInstr.h **** 
 296:D:\Elektronik\WorspaceEclipse\ThunderCryer\CMSIS\Include\core_cmInstr.h **** 
 297:D:\Elektronik\WorspaceEclipse\ThunderCryer\CMSIS\Include\core_cmInstr.h **** /** \brief  Send Event
 298:D:\Elektronik\WorspaceEclipse\ThunderCryer\CMSIS\Include\core_cmInstr.h **** 
 299:D:\Elektronik\WorspaceEclipse\ThunderCryer\CMSIS\Include\core_cmInstr.h ****     Send Event is a hint instruction. It causes an event to be signaled to the CPU.
 300:D:\Elektronik\WorspaceEclipse\ThunderCryer\CMSIS\Include\core_cmInstr.h ****  */
 301:D:\Elektronik\WorspaceEclipse\ThunderCryer\CMSIS\Include\core_cmInstr.h **** __attribute__( ( always_inline ) ) static __INLINE void __SEV(void)
 302:D:\Elektronik\WorspaceEclipse\ThunderCryer\CMSIS\Include\core_cmInstr.h **** {
 303:D:\Elektronik\WorspaceEclipse\ThunderCryer\CMSIS\Include\core_cmInstr.h ****   __ASM volatile ("sev");
 304:D:\Elektronik\WorspaceEclipse\ThunderCryer\CMSIS\Include\core_cmInstr.h **** }
 305:D:\Elektronik\WorspaceEclipse\ThunderCryer\CMSIS\Include\core_cmInstr.h **** 
 306:D:\Elektronik\WorspaceEclipse\ThunderCryer\CMSIS\Include\core_cmInstr.h **** 
 307:D:\Elektronik\WorspaceEclipse\ThunderCryer\CMSIS\Include\core_cmInstr.h **** /** \brief  Instruction Synchronization Barrier
 308:D:\Elektronik\WorspaceEclipse\ThunderCryer\CMSIS\Include\core_cmInstr.h **** 
 309:D:\Elektronik\WorspaceEclipse\ThunderCryer\CMSIS\Include\core_cmInstr.h ****     Instruction Synchronization Barrier flushes the pipeline in the processor, 
 310:D:\Elektronik\WorspaceEclipse\ThunderCryer\CMSIS\Include\core_cmInstr.h ****     so that all instructions following the ISB are fetched from cache or 
 311:D:\Elektronik\WorspaceEclipse\ThunderCryer\CMSIS\Include\core_cmInstr.h ****     memory, after the instruction has been completed.
 312:D:\Elektronik\WorspaceEclipse\ThunderCryer\CMSIS\Include\core_cmInstr.h ****  */
 313:D:\Elektronik\WorspaceEclipse\ThunderCryer\CMSIS\Include\core_cmInstr.h **** __attribute__( ( always_inline ) ) static __INLINE void __ISB(void)
 314:D:\Elektronik\WorspaceEclipse\ThunderCryer\CMSIS\Include\core_cmInstr.h **** {
 315:D:\Elektronik\WorspaceEclipse\ThunderCryer\CMSIS\Include\core_cmInstr.h ****   __ASM volatile ("isb");
 316:D:\Elektronik\WorspaceEclipse\ThunderCryer\CMSIS\Include\core_cmInstr.h **** }
 317:D:\Elektronik\WorspaceEclipse\ThunderCryer\CMSIS\Include\core_cmInstr.h **** 
 318:D:\Elektronik\WorspaceEclipse\ThunderCryer\CMSIS\Include\core_cmInstr.h **** 
 319:D:\Elektronik\WorspaceEclipse\ThunderCryer\CMSIS\Include\core_cmInstr.h **** /** \brief  Data Synchronization Barrier
 320:D:\Elektronik\WorspaceEclipse\ThunderCryer\CMSIS\Include\core_cmInstr.h **** 
 321:D:\Elektronik\WorspaceEclipse\ThunderCryer\CMSIS\Include\core_cmInstr.h ****     This function acts as a special kind of Data Memory Barrier. 
 322:D:\Elektronik\WorspaceEclipse\ThunderCryer\CMSIS\Include\core_cmInstr.h ****     It completes when all explicit memory accesses before this instruction complete.
 323:D:\Elektronik\WorspaceEclipse\ThunderCryer\CMSIS\Include\core_cmInstr.h ****  */
 324:D:\Elektronik\WorspaceEclipse\ThunderCryer\CMSIS\Include\core_cmInstr.h **** __attribute__( ( always_inline ) ) static __INLINE void __DSB(void)
 325:D:\Elektronik\WorspaceEclipse\ThunderCryer\CMSIS\Include\core_cmInstr.h **** {
 326:D:\Elektronik\WorspaceEclipse\ThunderCryer\CMSIS\Include\core_cmInstr.h ****   __ASM volatile ("dsb");
 327:D:\Elektronik\WorspaceEclipse\ThunderCryer\CMSIS\Include\core_cmInstr.h **** }
 328:D:\Elektronik\WorspaceEclipse\ThunderCryer\CMSIS\Include\core_cmInstr.h **** 
 329:D:\Elektronik\WorspaceEclipse\ThunderCryer\CMSIS\Include\core_cmInstr.h **** 
 330:D:\Elektronik\WorspaceEclipse\ThunderCryer\CMSIS\Include\core_cmInstr.h **** /** \brief  Data Memory Barrier
 331:D:\Elektronik\WorspaceEclipse\ThunderCryer\CMSIS\Include\core_cmInstr.h **** 
 332:D:\Elektronik\WorspaceEclipse\ThunderCryer\CMSIS\Include\core_cmInstr.h ****     This function ensures the apparent order of the explicit memory operations before 
 333:D:\Elektronik\WorspaceEclipse\ThunderCryer\CMSIS\Include\core_cmInstr.h ****     and after the instruction, without ensuring their completion.
 334:D:\Elektronik\WorspaceEclipse\ThunderCryer\CMSIS\Include\core_cmInstr.h ****  */
 335:D:\Elektronik\WorspaceEclipse\ThunderCryer\CMSIS\Include\core_cmInstr.h **** __attribute__( ( always_inline ) ) static __INLINE void __DMB(void)
 336:D:\Elektronik\WorspaceEclipse\ThunderCryer\CMSIS\Include\core_cmInstr.h **** {
 337:D:\Elektronik\WorspaceEclipse\ThunderCryer\CMSIS\Include\core_cmInstr.h ****   __ASM volatile ("dmb");
 338:D:\Elektronik\WorspaceEclipse\ThunderCryer\CMSIS\Include\core_cmInstr.h **** }
 339:D:\Elektronik\WorspaceEclipse\ThunderCryer\CMSIS\Include\core_cmInstr.h **** 
 340:D:\Elektronik\WorspaceEclipse\ThunderCryer\CMSIS\Include\core_cmInstr.h **** 
 341:D:\Elektronik\WorspaceEclipse\ThunderCryer\CMSIS\Include\core_cmInstr.h **** /** \brief  Reverse byte order (32 bit)
 342:D:\Elektronik\WorspaceEclipse\ThunderCryer\CMSIS\Include\core_cmInstr.h **** 
 343:D:\Elektronik\WorspaceEclipse\ThunderCryer\CMSIS\Include\core_cmInstr.h ****     This function reverses the byte order in integer value.
 344:D:\Elektronik\WorspaceEclipse\ThunderCryer\CMSIS\Include\core_cmInstr.h **** 
 345:D:\Elektronik\WorspaceEclipse\ThunderCryer\CMSIS\Include\core_cmInstr.h ****     \param [in]    value  Value to reverse
 346:D:\Elektronik\WorspaceEclipse\ThunderCryer\CMSIS\Include\core_cmInstr.h ****     \return               Reversed value
 347:D:\Elektronik\WorspaceEclipse\ThunderCryer\CMSIS\Include\core_cmInstr.h ****  */
 348:D:\Elektronik\WorspaceEclipse\ThunderCryer\CMSIS\Include\core_cmInstr.h **** __attribute__( ( always_inline ) ) static __INLINE uint32_t __REV(uint32_t value)
 349:D:\Elektronik\WorspaceEclipse\ThunderCryer\CMSIS\Include\core_cmInstr.h **** {
 350:D:\Elektronik\WorspaceEclipse\ThunderCryer\CMSIS\Include\core_cmInstr.h ****   uint32_t result;
 351:D:\Elektronik\WorspaceEclipse\ThunderCryer\CMSIS\Include\core_cmInstr.h ****   
 352:D:\Elektronik\WorspaceEclipse\ThunderCryer\CMSIS\Include\core_cmInstr.h ****   __ASM volatile ("rev %0, %1" : "=r" (result) : "r" (value) );
  90              		.loc 2 352 0
  91 003c 2B68     		ldr	r3, [r5, #0]
  92              	@ 352 "D:\Elektronik\WorspaceEclipse\ThunderCryer\CMSIS\Include/core_cmInstr.h" 1
  93 003e 1BBA     		rev r3, r3
  94              	@ 0 "" 2
  95              	.LVL6:
  96              		.thumb
  97              	.LBE31:
  98              	.LBE30:
 125:../STM32F4xx_StdPeriph_Driver/src/stm32f4xx_cryp_tdes.c **** 
 126:../STM32F4xx_StdPeriph_Driver/src/stm32f4xx_cryp_tdes.c ****   /* Key Initialisation */
 127:../STM32F4xx_StdPeriph_Driver/src/stm32f4xx_cryp_tdes.c ****   TDES_CRYP_KeyInitStructure.CRYP_Key1Left = __REV(*(uint32_t*)(keyaddr));
  99              		.loc 1 127 0
 100 0040 0393     		str	r3, [sp, #12]
 101              	.LVL7:
 102              	.LBB32:
 103              	.LBB33:
 104              		.loc 2 352 0
 105 0042 6B68     		ldr	r3, [r5, #4]
 106              	.LVL8:
 107              	@ 352 "D:\Elektronik\WorspaceEclipse\ThunderCryer\CMSIS\Include/core_cmInstr.h" 1
 108 0044 1BBA     		rev r3, r3
 109              	@ 0 "" 2
 110              	.LVL9:
 111              		.thumb
 112              	.LBE33:
 113              	.LBE32:
 128:../STM32F4xx_StdPeriph_Driver/src/stm32f4xx_cryp_tdes.c ****   keyaddr+=4;
 129:../STM32F4xx_StdPeriph_Driver/src/stm32f4xx_cryp_tdes.c ****   TDES_CRYP_KeyInitStructure.CRYP_Key1Right= __REV(*(uint32_t*)(keyaddr));
 114              		.loc 1 129 0
 115 0046 0493     		str	r3, [sp, #16]
 116              	.LVL10:
 117              	.LBB34:
 118              	.LBB35:
 119              		.loc 2 352 0
 120 0048 AB68     		ldr	r3, [r5, #8]
 121              	.LVL11:
 122              	@ 352 "D:\Elektronik\WorspaceEclipse\ThunderCryer\CMSIS\Include/core_cmInstr.h" 1
 123 004a 1BBA     		rev r3, r3
 124              	@ 0 "" 2
 125              	.LVL12:
 126              		.thumb
 127              	.LBE35:
 128              	.LBE34:
 130:../STM32F4xx_StdPeriph_Driver/src/stm32f4xx_cryp_tdes.c ****   keyaddr+=4;
 131:../STM32F4xx_StdPeriph_Driver/src/stm32f4xx_cryp_tdes.c ****   TDES_CRYP_KeyInitStructure.CRYP_Key2Left = __REV(*(uint32_t*)(keyaddr));
 129              		.loc 1 131 0
 130 004c 0593     		str	r3, [sp, #20]
 131              	.LVL13:
 132              	.LBB36:
 133              	.LBB37:
 134              		.loc 2 352 0
 135 004e EB68     		ldr	r3, [r5, #12]
 136              	.LVL14:
 137              	@ 352 "D:\Elektronik\WorspaceEclipse\ThunderCryer\CMSIS\Include/core_cmInstr.h" 1
 138 0050 1BBA     		rev r3, r3
 139              	@ 0 "" 2
 140              	.LVL15:
 141              		.thumb
 142              	.LBE37:
 143              	.LBE36:
 132:../STM32F4xx_StdPeriph_Driver/src/stm32f4xx_cryp_tdes.c ****   keyaddr+=4;
 133:../STM32F4xx_StdPeriph_Driver/src/stm32f4xx_cryp_tdes.c ****   TDES_CRYP_KeyInitStructure.CRYP_Key2Right= __REV(*(uint32_t*)(keyaddr));
 144              		.loc 1 133 0
 145 0052 0693     		str	r3, [sp, #24]
 146              	.LVL16:
 147              	.LBB38:
 148              	.LBB39:
 149              		.loc 2 352 0
 150 0054 2B69     		ldr	r3, [r5, #16]
 151              	.LVL17:
 152              	@ 352 "D:\Elektronik\WorspaceEclipse\ThunderCryer\CMSIS\Include/core_cmInstr.h" 1
 153 0056 1BBA     		rev r3, r3
 154              	@ 0 "" 2
 155              	.LVL18:
 156              		.thumb
 157              	.LBE39:
 158              	.LBE38:
 134:../STM32F4xx_StdPeriph_Driver/src/stm32f4xx_cryp_tdes.c ****   keyaddr+=4;
 135:../STM32F4xx_StdPeriph_Driver/src/stm32f4xx_cryp_tdes.c ****   TDES_CRYP_KeyInitStructure.CRYP_Key3Left = __REV(*(uint32_t*)(keyaddr));
 159              		.loc 1 135 0
 160 0058 0793     		str	r3, [sp, #28]
 161              	.LVL19:
 162              	.LBB40:
 163              	.LBB41:
 164              		.loc 2 352 0
 165 005a 6B69     		ldr	r3, [r5, #20]
 166              	.LVL20:
 167              	@ 352 "D:\Elektronik\WorspaceEclipse\ThunderCryer\CMSIS\Include/core_cmInstr.h" 1
 168 005c 1BBA     		rev r3, r3
 169              	@ 0 "" 2
 170              	.LVL21:
 171              		.thumb
 172              	.LBE41:
 173              	.LBE40:
 136:../STM32F4xx_StdPeriph_Driver/src/stm32f4xx_cryp_tdes.c ****   keyaddr+=4;
 137:../STM32F4xx_StdPeriph_Driver/src/stm32f4xx_cryp_tdes.c ****   TDES_CRYP_KeyInitStructure.CRYP_Key3Right= __REV(*(uint32_t*)(keyaddr));
 138:../STM32F4xx_StdPeriph_Driver/src/stm32f4xx_cryp_tdes.c ****   CRYP_KeyInit(& TDES_CRYP_KeyInitStructure);
 174              		.loc 1 138 0
 175 005e 01A8     		add	r0, sp, #4
 137:../STM32F4xx_StdPeriph_Driver/src/stm32f4xx_cryp_tdes.c ****   TDES_CRYP_KeyInitStructure.CRYP_Key3Right= __REV(*(uint32_t*)(keyaddr));
 176              		.loc 1 137 0
 177 0060 0893     		str	r3, [sp, #32]
 178              		.loc 1 138 0
 179 0062 FFF7FEFF 		bl	CRYP_KeyInit
 180              	.LVL22:
 139:../STM32F4xx_StdPeriph_Driver/src/stm32f4xx_cryp_tdes.c **** 
 140:../STM32F4xx_StdPeriph_Driver/src/stm32f4xx_cryp_tdes.c ****   /* Flush IN/OUT FIFO */
 141:../STM32F4xx_StdPeriph_Driver/src/stm32f4xx_cryp_tdes.c ****   CRYP_FIFOFlush();
 181              		.loc 1 141 0
 182 0066 FFF7FEFF 		bl	CRYP_FIFOFlush
 142:../STM32F4xx_StdPeriph_Driver/src/stm32f4xx_cryp_tdes.c **** 
 143:../STM32F4xx_StdPeriph_Driver/src/stm32f4xx_cryp_tdes.c ****   /* Enable Crypto processor */
 144:../STM32F4xx_StdPeriph_Driver/src/stm32f4xx_cryp_tdes.c ****   CRYP_Cmd(ENABLE);
 183              		.loc 1 144 0
 184 006a 0120     		movs	r0, #1
 185 006c FFF7FEFF 		bl	CRYP_Cmd
 145:../STM32F4xx_StdPeriph_Driver/src/stm32f4xx_cryp_tdes.c **** 
 146:../STM32F4xx_StdPeriph_Driver/src/stm32f4xx_cryp_tdes.c ****   for(i=0; ((i<Ilength) && (status != ERROR)); i+=8)
 186              		.loc 1 146 0
 187 0070 4446     		mov	r4, r8
 103:../STM32F4xx_StdPeriph_Driver/src/stm32f4xx_cryp_tdes.c ****   ErrorStatus status = SUCCESS;
 188              		.loc 1 103 0
 189 0072 0125     		movs	r5, #1
 190              	.LVL23:
 191              		.loc 1 146 0
 192 0074 22E0     		b	.L3
 193              	.LVL24:
 194              	.L8:
 147:../STM32F4xx_StdPeriph_Driver/src/stm32f4xx_cryp_tdes.c ****   {
 148:../STM32F4xx_StdPeriph_Driver/src/stm32f4xx_cryp_tdes.c ****     /* Write the Input block in the Input FIFO */
 149:../STM32F4xx_StdPeriph_Driver/src/stm32f4xx_cryp_tdes.c ****     CRYP_DataIn(*(uint32_t*)(inputaddr));
 195              		.loc 1 149 0
 196 0076 3059     		ldr	r0, [r6, r4]
 197 0078 FFF7FEFF 		bl	CRYP_DataIn
 198              	.LVL25:
 150:../STM32F4xx_StdPeriph_Driver/src/stm32f4xx_cryp_tdes.c ****     inputaddr+=4;
 151:../STM32F4xx_StdPeriph_Driver/src/stm32f4xx_cryp_tdes.c ****     CRYP_DataIn(*(uint32_t*)(inputaddr));
 199              		.loc 1 151 0
 200 007c D9F80400 		ldr	r0, [r9, #4]
 201 0080 FFF7FEFF 		bl	CRYP_DataIn
 152:../STM32F4xx_StdPeriph_Driver/src/stm32f4xx_cryp_tdes.c ****     inputaddr+=4;
 202              		.loc 1 152 0
 203 0084 09F10809 		add	r9, r9, #8
 204              	.LVL26:
 153:../STM32F4xx_StdPeriph_Driver/src/stm32f4xx_cryp_tdes.c **** 
 154:../STM32F4xx_StdPeriph_Driver/src/stm32f4xx_cryp_tdes.c ****     /* Wait until the complete message has been processed */
 155:../STM32F4xx_StdPeriph_Driver/src/stm32f4xx_cryp_tdes.c ****     counter = 0;
 205              		.loc 1 155 0
 206 0088 CDF82C80 		str	r8, [sp, #44]
 207              	.L5:
 156:../STM32F4xx_StdPeriph_Driver/src/stm32f4xx_cryp_tdes.c ****     do
 157:../STM32F4xx_StdPeriph_Driver/src/stm32f4xx_cryp_tdes.c ****     {
 158:../STM32F4xx_StdPeriph_Driver/src/stm32f4xx_cryp_tdes.c ****       busystatus = CRYP_GetFlagStatus(CRYP_FLAG_BUSY);
 208              		.loc 1 158 0 discriminator 1
 209 008c 1020     		movs	r0, #16
 210 008e FFF7FEFF 		bl	CRYP_GetFlagStatus
 211              	.LVL27:
 159:../STM32F4xx_StdPeriph_Driver/src/stm32f4xx_cryp_tdes.c ****       counter++;
 212              		.loc 1 159 0 discriminator 1
 213 0092 0B9B     		ldr	r3, [sp, #44]
 214 0094 0133     		adds	r3, r3, #1
 215              	.LVL28:
 216 0096 0B93     		str	r3, [sp, #44]
 217              	.LVL29:
 160:../STM32F4xx_StdPeriph_Driver/src/stm32f4xx_cryp_tdes.c ****     }while ((counter != TDESBUSY_TIMEOUT) && (busystatus != RESET));
 218              		.loc 1 160 0 discriminator 1
 219 0098 0B9B     		ldr	r3, [sp, #44]
 220              	.LVL30:
 221 009a B3F5803F 		cmp	r3, #65536
 222 009e 02D0     		beq	.L4
 223 00a0 0028     		cmp	r0, #0
 224 00a2 F3D1     		bne	.L5
 225 00a4 01E0     		b	.L6
 226              	.L4:
 161:../STM32F4xx_StdPeriph_Driver/src/stm32f4xx_cryp_tdes.c **** 
 162:../STM32F4xx_StdPeriph_Driver/src/stm32f4xx_cryp_tdes.c ****     if (busystatus != RESET)
 163:../STM32F4xx_StdPeriph_Driver/src/stm32f4xx_cryp_tdes.c ****     {
 164:../STM32F4xx_StdPeriph_Driver/src/stm32f4xx_cryp_tdes.c ****        status = ERROR;
 227              		.loc 1 164 0
 228 00a6 0025     		movs	r5, #0
 229              	.LVL31:
 162:../STM32F4xx_StdPeriph_Driver/src/stm32f4xx_cryp_tdes.c ****     if (busystatus != RESET)
 230              		.loc 1 162 0
 231 00a8 38B9     		cbnz	r0, .L7
 232              	.L6:
 165:../STM32F4xx_StdPeriph_Driver/src/stm32f4xx_cryp_tdes.c ****     }
 166:../STM32F4xx_StdPeriph_Driver/src/stm32f4xx_cryp_tdes.c ****     else
 167:../STM32F4xx_StdPeriph_Driver/src/stm32f4xx_cryp_tdes.c ****     {
 168:../STM32F4xx_StdPeriph_Driver/src/stm32f4xx_cryp_tdes.c **** 
 169:../STM32F4xx_StdPeriph_Driver/src/stm32f4xx_cryp_tdes.c ****       /* Read the Output block from the Output FIFO */
 170:../STM32F4xx_StdPeriph_Driver/src/stm32f4xx_cryp_tdes.c ****       *(uint32_t*)(outputaddr) = CRYP_DataOut();
 233              		.loc 1 170 0
 234 00aa FFF7FEFF 		bl	CRYP_DataOut
 235              	.LVL32:
 236 00ae 3860     		str	r0, [r7, #0]
 237              	.LVL33:
 171:../STM32F4xx_StdPeriph_Driver/src/stm32f4xx_cryp_tdes.c ****       outputaddr+=4;
 172:../STM32F4xx_StdPeriph_Driver/src/stm32f4xx_cryp_tdes.c ****       *(uint32_t*)(outputaddr) = CRYP_DataOut();
 238              		.loc 1 172 0
 239 00b0 FFF7FEFF 		bl	CRYP_DataOut
 173:../STM32F4xx_StdPeriph_Driver/src/stm32f4xx_cryp_tdes.c ****       outputaddr+=4;
 240              		.loc 1 173 0
 241 00b4 0125     		movs	r5, #1
 172:../STM32F4xx_StdPeriph_Driver/src/stm32f4xx_cryp_tdes.c ****       *(uint32_t*)(outputaddr) = CRYP_DataOut();
 242              		.loc 1 172 0
 243 00b6 7860     		str	r0, [r7, #4]
 244              		.loc 1 173 0
 245 00b8 0837     		adds	r7, r7, #8
 246              	.LVL34:
 247              	.L7:
 146:../STM32F4xx_StdPeriph_Driver/src/stm32f4xx_cryp_tdes.c ****   for(i=0; ((i<Ilength) && (status != ERROR)); i+=8)
 248              		.loc 1 146 0
 249 00ba 0834     		adds	r4, r4, #8
 250              	.LVL35:
 251              	.L3:
 146:../STM32F4xx_StdPeriph_Driver/src/stm32f4xx_cryp_tdes.c ****   for(i=0; ((i<Ilength) && (status != ERROR)); i+=8)
 252              		.loc 1 146 0 is_stmt 0 discriminator 1
 253 00bc 5445     		cmp	r4, sl
 254 00be 2CBF     		ite	cs
 255 00c0 0020     		movcs	r0, #0
 256 00c2 05F00100 		andcc	r0, r5, #1
 257 00c6 0028     		cmp	r0, #0
 258 00c8 D5D1     		bne	.L8
 174:../STM32F4xx_StdPeriph_Driver/src/stm32f4xx_cryp_tdes.c ****     }
 175:../STM32F4xx_StdPeriph_Driver/src/stm32f4xx_cryp_tdes.c ****   }
 176:../STM32F4xx_StdPeriph_Driver/src/stm32f4xx_cryp_tdes.c **** 
 177:../STM32F4xx_StdPeriph_Driver/src/stm32f4xx_cryp_tdes.c ****   /* Disable Crypto */
 178:../STM32F4xx_StdPeriph_Driver/src/stm32f4xx_cryp_tdes.c ****   CRYP_Cmd(DISABLE);
 259              		.loc 1 178 0 is_stmt 1
 260 00ca FFF7FEFF 		bl	CRYP_Cmd
 179:../STM32F4xx_StdPeriph_Driver/src/stm32f4xx_cryp_tdes.c **** 
 180:../STM32F4xx_StdPeriph_Driver/src/stm32f4xx_cryp_tdes.c ****   return status; 
 181:../STM32F4xx_StdPeriph_Driver/src/stm32f4xx_cryp_tdes.c **** }
 261              		.loc 1 181 0
 262 00ce 2846     		mov	r0, r5
 263 00d0 0CB0     		add	sp, sp, #48
 264 00d2 BDE8F087 		pop	{r4, r5, r6, r7, r8, r9, sl, pc}
 265              		.cfi_endproc
 266              	.LFE110:
 268              		.section	.text.CRYP_TDES_CBC,"ax",%progbits
 269              		.align	1
 270              		.global	CRYP_TDES_CBC
 271              		.thumb
 272              		.thumb_func
 274              	CRYP_TDES_CBC:
 275              	.LFB111:
 182:../STM32F4xx_StdPeriph_Driver/src/stm32f4xx_cryp_tdes.c **** 
 183:../STM32F4xx_StdPeriph_Driver/src/stm32f4xx_cryp_tdes.c **** /**
 184:../STM32F4xx_StdPeriph_Driver/src/stm32f4xx_cryp_tdes.c ****   * @brief  Encrypt and decrypt using TDES in CBC Mode
 185:../STM32F4xx_StdPeriph_Driver/src/stm32f4xx_cryp_tdes.c ****   * @param  Mode: encryption or decryption Mode.
 186:../STM32F4xx_StdPeriph_Driver/src/stm32f4xx_cryp_tdes.c ****   *           This parameter can be one of the following values:
 187:../STM32F4xx_StdPeriph_Driver/src/stm32f4xx_cryp_tdes.c ****   *            @arg MODE_ENCRYPT: Encryption
 188:../STM32F4xx_StdPeriph_Driver/src/stm32f4xx_cryp_tdes.c ****   *            @arg MODE_DECRYPT: Decryption
 189:../STM32F4xx_StdPeriph_Driver/src/stm32f4xx_cryp_tdes.c ****   * @param  Key: Key used for TDES algorithm.
 190:../STM32F4xx_StdPeriph_Driver/src/stm32f4xx_cryp_tdes.c ****   * @param  InitVectors: Initialisation Vectors used for TDES algorithm.
 191:../STM32F4xx_StdPeriph_Driver/src/stm32f4xx_cryp_tdes.c ****   * @param  Input: pointer to the Input buffer.
 192:../STM32F4xx_StdPeriph_Driver/src/stm32f4xx_cryp_tdes.c ****   * @param  Ilength: length of the Input buffer, must be a multiple of 8.
 193:../STM32F4xx_StdPeriph_Driver/src/stm32f4xx_cryp_tdes.c ****   * @param  Output: pointer to the returned buffer.
 194:../STM32F4xx_StdPeriph_Driver/src/stm32f4xx_cryp_tdes.c ****   * @retval An ErrorStatus enumeration value:
 195:../STM32F4xx_StdPeriph_Driver/src/stm32f4xx_cryp_tdes.c ****   *          - SUCCESS: Operation done
 196:../STM32F4xx_StdPeriph_Driver/src/stm32f4xx_cryp_tdes.c ****   *          - ERROR: Operation failed
 197:../STM32F4xx_StdPeriph_Driver/src/stm32f4xx_cryp_tdes.c ****   */
 198:../STM32F4xx_StdPeriph_Driver/src/stm32f4xx_cryp_tdes.c **** ErrorStatus CRYP_TDES_CBC(uint8_t Mode, uint8_t Key[24], uint8_t InitVectors[8],
 199:../STM32F4xx_StdPeriph_Driver/src/stm32f4xx_cryp_tdes.c ****                           uint8_t *Input, uint32_t Ilength, uint8_t *Output)
 200:../STM32F4xx_StdPeriph_Driver/src/stm32f4xx_cryp_tdes.c **** {
 276              		.loc 1 200 0
 277              		.cfi_startproc
 278              		@ args = 8, pretend = 0, frame = 64
 279              		@ frame_needed = 0, uses_anonymous_args = 0
 280              	.LVL36:
 281 0000 2DE9F04F 		push	{r4, r5, r6, r7, r8, r9, sl, fp, lr}
 282              	.LCFI2:
 283              		.cfi_def_cfa_offset 36
 284              		.cfi_offset 14, -4
 285              		.cfi_offset 11, -8
 286              		.cfi_offset 10, -12
 287              		.cfi_offset 9, -16
 288              		.cfi_offset 8, -20
 289              		.cfi_offset 7, -24
 290              		.cfi_offset 6, -28
 291              		.cfi_offset 5, -32
 292              		.cfi_offset 4, -36
 293 0004 91B0     		sub	sp, sp, #68
 294              	.LCFI3:
 295              		.cfi_def_cfa_offset 104
 201:../STM32F4xx_StdPeriph_Driver/src/stm32f4xx_cryp_tdes.c ****   CRYP_InitTypeDef TDES_CRYP_InitStructure;
 202:../STM32F4xx_StdPeriph_Driver/src/stm32f4xx_cryp_tdes.c ****   CRYP_KeyInitTypeDef TDES_CRYP_KeyInitStructure;
 203:../STM32F4xx_StdPeriph_Driver/src/stm32f4xx_cryp_tdes.c ****   CRYP_IVInitTypeDef TDES_CRYP_IVInitStructure;
 204:../STM32F4xx_StdPeriph_Driver/src/stm32f4xx_cryp_tdes.c ****   __IO uint32_t counter = 0;
 296              		.loc 1 204 0
 297 0006 4FF00009 		mov	r9, #0
 200:../STM32F4xx_StdPeriph_Driver/src/stm32f4xx_cryp_tdes.c **** {
 298              		.loc 1 200 0
 299 000a 0446     		mov	r4, r0
 205:../STM32F4xx_StdPeriph_Driver/src/stm32f4xx_cryp_tdes.c ****   uint32_t busystatus = 0;
 206:../STM32F4xx_StdPeriph_Driver/src/stm32f4xx_cryp_tdes.c ****   ErrorStatus status = SUCCESS;
 207:../STM32F4xx_StdPeriph_Driver/src/stm32f4xx_cryp_tdes.c ****   uint32_t keyaddr    = (uint32_t)Key;
 208:../STM32F4xx_StdPeriph_Driver/src/stm32f4xx_cryp_tdes.c ****   uint32_t inputaddr  = (uint32_t)Input;
 209:../STM32F4xx_StdPeriph_Driver/src/stm32f4xx_cryp_tdes.c ****   uint32_t outputaddr = (uint32_t)Output;
 210:../STM32F4xx_StdPeriph_Driver/src/stm32f4xx_cryp_tdes.c ****   uint32_t ivaddr     = (uint32_t)InitVectors;
 211:../STM32F4xx_StdPeriph_Driver/src/stm32f4xx_cryp_tdes.c ****   uint32_t i = 0;
 212:../STM32F4xx_StdPeriph_Driver/src/stm32f4xx_cryp_tdes.c **** 
 213:../STM32F4xx_StdPeriph_Driver/src/stm32f4xx_cryp_tdes.c ****   /* Crypto structures initialisation*/
 214:../STM32F4xx_StdPeriph_Driver/src/stm32f4xx_cryp_tdes.c ****   CRYP_KeyStructInit(&TDES_CRYP_KeyInitStructure);
 300              		.loc 1 214 0
 301 000c 01A8     		add	r0, sp, #4
 302              	.LVL37:
 200:../STM32F4xx_StdPeriph_Driver/src/stm32f4xx_cryp_tdes.c **** {
 303              		.loc 1 200 0
 304 000e 0D46     		mov	r5, r1
 305 0010 1646     		mov	r6, r2
 306 0012 9A46     		mov	sl, r3
 208:../STM32F4xx_StdPeriph_Driver/src/stm32f4xx_cryp_tdes.c ****   uint32_t inputaddr  = (uint32_t)Input;
 307              		.loc 1 208 0
 308 0014 9846     		mov	r8, r3
 200:../STM32F4xx_StdPeriph_Driver/src/stm32f4xx_cryp_tdes.c **** {
 309              		.loc 1 200 0
 310 0016 DDF868B0 		ldr	fp, [sp, #104]
 204:../STM32F4xx_StdPeriph_Driver/src/stm32f4xx_cryp_tdes.c ****   __IO uint32_t counter = 0;
 311              		.loc 1 204 0
 312 001a CDF83C90 		str	r9, [sp, #60]
 313              	.LVL38:
 209:../STM32F4xx_StdPeriph_Driver/src/stm32f4xx_cryp_tdes.c ****   uint32_t outputaddr = (uint32_t)Output;
 314              		.loc 1 209 0
 315 001e 1B9F     		ldr	r7, [sp, #108]
 316              	.LVL39:
 317              		.loc 1 214 0
 318 0020 FFF7FEFF 		bl	CRYP_KeyStructInit
 319              	.LVL40:
 215:../STM32F4xx_StdPeriph_Driver/src/stm32f4xx_cryp_tdes.c **** 
 216:../STM32F4xx_StdPeriph_Driver/src/stm32f4xx_cryp_tdes.c ****   /* Crypto Init for Encryption process */
 217:../STM32F4xx_StdPeriph_Driver/src/stm32f4xx_cryp_tdes.c ****   if(Mode == MODE_ENCRYPT) /* TDES encryption */
 218:../STM32F4xx_StdPeriph_Driver/src/stm32f4xx_cryp_tdes.c ****   {
 219:../STM32F4xx_StdPeriph_Driver/src/stm32f4xx_cryp_tdes.c ****     TDES_CRYP_InitStructure.CRYP_AlgoDir = CRYP_AlgoDir_Encrypt;
 220:../STM32F4xx_StdPeriph_Driver/src/stm32f4xx_cryp_tdes.c ****   }
 221:../STM32F4xx_StdPeriph_Driver/src/stm32f4xx_cryp_tdes.c ****   else
 222:../STM32F4xx_StdPeriph_Driver/src/stm32f4xx_cryp_tdes.c ****   {
 223:../STM32F4xx_StdPeriph_Driver/src/stm32f4xx_cryp_tdes.c ****     TDES_CRYP_InitStructure.CRYP_AlgoDir = CRYP_AlgoDir_Decrypt;
 224:../STM32F4xx_StdPeriph_Driver/src/stm32f4xx_cryp_tdes.c ****   }
 225:../STM32F4xx_StdPeriph_Driver/src/stm32f4xx_cryp_tdes.c ****   TDES_CRYP_InitStructure.CRYP_AlgoMode = CRYP_AlgoMode_TDES_CBC;
 320              		.loc 1 225 0
 321 0024 0823     		movs	r3, #8
 322 0026 ADF83630 		strh	r3, [sp, #54]	@ movhi
 219:../STM32F4xx_StdPeriph_Driver/src/stm32f4xx_cryp_tdes.c ****     TDES_CRYP_InitStructure.CRYP_AlgoDir = CRYP_AlgoDir_Encrypt;
 323              		.loc 1 219 0
 324 002a 012C     		cmp	r4, #1
 325 002c 14BF     		ite	ne
 326 002e 0424     		movne	r4, #4
 327 0030 4C46     		moveq	r4, r9
 226:../STM32F4xx_StdPeriph_Driver/src/stm32f4xx_cryp_tdes.c ****   TDES_CRYP_InitStructure.CRYP_DataType = CRYP_DataType_8b;
 328              		.loc 1 226 0
 329 0032 8023     		movs	r3, #128
 227:../STM32F4xx_StdPeriph_Driver/src/stm32f4xx_cryp_tdes.c **** 
 228:../STM32F4xx_StdPeriph_Driver/src/stm32f4xx_cryp_tdes.c ****   CRYP_Init(&TDES_CRYP_InitStructure);
 330              		.loc 1 228 0
 331 0034 0DA8     		add	r0, sp, #52
 226:../STM32F4xx_StdPeriph_Driver/src/stm32f4xx_cryp_tdes.c ****   TDES_CRYP_InitStructure.CRYP_DataType = CRYP_DataType_8b;
 332              		.loc 1 226 0
 333 0036 ADF83830 		strh	r3, [sp, #56]	@ movhi
 217:../STM32F4xx_StdPeriph_Driver/src/stm32f4xx_cryp_tdes.c ****   if(Mode == MODE_ENCRYPT) /* TDES encryption */
 334              		.loc 1 217 0
 335 003a ADF83440 		strh	r4, [sp, #52]	@ movhi
 336              		.loc 1 228 0
 337 003e FFF7FEFF 		bl	CRYP_Init
 338              	.LVL41:
 339              	.LBB42:
 340              	.LBB43:
 341              		.loc 2 352 0
 342 0042 2B68     		ldr	r3, [r5, #0]
 343              	@ 352 "D:\Elektronik\WorspaceEclipse\ThunderCryer\CMSIS\Include/core_cmInstr.h" 1
 344 0044 1BBA     		rev r3, r3
 345              	@ 0 "" 2
 346              	.LVL42:
 347              		.thumb
 348              	.LBE43:
 349              	.LBE42:
 229:../STM32F4xx_StdPeriph_Driver/src/stm32f4xx_cryp_tdes.c **** 
 230:../STM32F4xx_StdPeriph_Driver/src/stm32f4xx_cryp_tdes.c ****   /* Key Initialisation */
 231:../STM32F4xx_StdPeriph_Driver/src/stm32f4xx_cryp_tdes.c ****   TDES_CRYP_KeyInitStructure.CRYP_Key1Left = __REV(*(uint32_t*)(keyaddr));
 350              		.loc 1 231 0
 351 0046 0393     		str	r3, [sp, #12]
 352              	.LVL43:
 353              	.LBB44:
 354              	.LBB45:
 355              		.loc 2 352 0
 356 0048 6B68     		ldr	r3, [r5, #4]
 357              	.LVL44:
 358              	@ 352 "D:\Elektronik\WorspaceEclipse\ThunderCryer\CMSIS\Include/core_cmInstr.h" 1
 359 004a 1BBA     		rev r3, r3
 360              	@ 0 "" 2
 361              	.LVL45:
 362              		.thumb
 363              	.LBE45:
 364              	.LBE44:
 232:../STM32F4xx_StdPeriph_Driver/src/stm32f4xx_cryp_tdes.c ****   keyaddr+=4;
 233:../STM32F4xx_StdPeriph_Driver/src/stm32f4xx_cryp_tdes.c ****   TDES_CRYP_KeyInitStructure.CRYP_Key1Right= __REV(*(uint32_t*)(keyaddr));
 365              		.loc 1 233 0
 366 004c 0493     		str	r3, [sp, #16]
 367              	.LVL46:
 368              	.LBB46:
 369              	.LBB47:
 370              		.loc 2 352 0
 371 004e AB68     		ldr	r3, [r5, #8]
 372              	.LVL47:
 373              	@ 352 "D:\Elektronik\WorspaceEclipse\ThunderCryer\CMSIS\Include/core_cmInstr.h" 1
 374 0050 1BBA     		rev r3, r3
 375              	@ 0 "" 2
 376              	.LVL48:
 377              		.thumb
 378              	.LBE47:
 379              	.LBE46:
 234:../STM32F4xx_StdPeriph_Driver/src/stm32f4xx_cryp_tdes.c ****   keyaddr+=4;
 235:../STM32F4xx_StdPeriph_Driver/src/stm32f4xx_cryp_tdes.c ****   TDES_CRYP_KeyInitStructure.CRYP_Key2Left = __REV(*(uint32_t*)(keyaddr));
 380              		.loc 1 235 0
 381 0052 0593     		str	r3, [sp, #20]
 382              	.LVL49:
 383              	.LBB48:
 384              	.LBB49:
 385              		.loc 2 352 0
 386 0054 EB68     		ldr	r3, [r5, #12]
 387              	.LVL50:
 388              	@ 352 "D:\Elektronik\WorspaceEclipse\ThunderCryer\CMSIS\Include/core_cmInstr.h" 1
 389 0056 1BBA     		rev r3, r3
 390              	@ 0 "" 2
 391              	.LVL51:
 392              		.thumb
 393              	.LBE49:
 394              	.LBE48:
 236:../STM32F4xx_StdPeriph_Driver/src/stm32f4xx_cryp_tdes.c ****   keyaddr+=4;
 237:../STM32F4xx_StdPeriph_Driver/src/stm32f4xx_cryp_tdes.c ****   TDES_CRYP_KeyInitStructure.CRYP_Key2Right= __REV(*(uint32_t*)(keyaddr));
 395              		.loc 1 237 0
 396 0058 0693     		str	r3, [sp, #24]
 397              	.LVL52:
 398              	.LBB50:
 399              	.LBB51:
 400              		.loc 2 352 0
 401 005a 2B69     		ldr	r3, [r5, #16]
 402              	.LVL53:
 403              	@ 352 "D:\Elektronik\WorspaceEclipse\ThunderCryer\CMSIS\Include/core_cmInstr.h" 1
 404 005c 1BBA     		rev r3, r3
 405              	@ 0 "" 2
 406              	.LVL54:
 407              		.thumb
 408              	.LBE51:
 409              	.LBE50:
 238:../STM32F4xx_StdPeriph_Driver/src/stm32f4xx_cryp_tdes.c ****   keyaddr+=4;
 239:../STM32F4xx_StdPeriph_Driver/src/stm32f4xx_cryp_tdes.c ****   TDES_CRYP_KeyInitStructure.CRYP_Key3Left = __REV(*(uint32_t*)(keyaddr));
 410              		.loc 1 239 0
 411 005e 0793     		str	r3, [sp, #28]
 412              	.LVL55:
 413              	.LBB52:
 414              	.LBB53:
 415              		.loc 2 352 0
 416 0060 6B69     		ldr	r3, [r5, #20]
 417              	.LVL56:
 418              	@ 352 "D:\Elektronik\WorspaceEclipse\ThunderCryer\CMSIS\Include/core_cmInstr.h" 1
 419 0062 1BBA     		rev r3, r3
 420              	@ 0 "" 2
 421              	.LVL57:
 422              		.thumb
 423              	.LBE53:
 424              	.LBE52:
 240:../STM32F4xx_StdPeriph_Driver/src/stm32f4xx_cryp_tdes.c ****   keyaddr+=4;
 241:../STM32F4xx_StdPeriph_Driver/src/stm32f4xx_cryp_tdes.c ****   TDES_CRYP_KeyInitStructure.CRYP_Key3Right= __REV(*(uint32_t*)(keyaddr));
 242:../STM32F4xx_StdPeriph_Driver/src/stm32f4xx_cryp_tdes.c ****   CRYP_KeyInit(& TDES_CRYP_KeyInitStructure);
 425              		.loc 1 242 0
 426 0064 01A8     		add	r0, sp, #4
 241:../STM32F4xx_StdPeriph_Driver/src/stm32f4xx_cryp_tdes.c ****   TDES_CRYP_KeyInitStructure.CRYP_Key3Right= __REV(*(uint32_t*)(keyaddr));
 427              		.loc 1 241 0
 428 0066 0893     		str	r3, [sp, #32]
 429              		.loc 1 242 0
 430 0068 FFF7FEFF 		bl	CRYP_KeyInit
 431              	.LVL58:
 432              	.LBB54:
 433              	.LBB55:
 434              		.loc 2 352 0
 435 006c 3368     		ldr	r3, [r6, #0]
 436              	@ 352 "D:\Elektronik\WorspaceEclipse\ThunderCryer\CMSIS\Include/core_cmInstr.h" 1
 437 006e 1BBA     		rev r3, r3
 438              	@ 0 "" 2
 439              	.LVL59:
 440              		.thumb
 441              	.LBE55:
 442              	.LBE54:
 243:../STM32F4xx_StdPeriph_Driver/src/stm32f4xx_cryp_tdes.c **** 
 244:../STM32F4xx_StdPeriph_Driver/src/stm32f4xx_cryp_tdes.c ****   /* Initialization Vectors */
 245:../STM32F4xx_StdPeriph_Driver/src/stm32f4xx_cryp_tdes.c ****   TDES_CRYP_IVInitStructure.CRYP_IV0Left = __REV(*(uint32_t*)(ivaddr));
 443              		.loc 1 245 0
 444 0070 0993     		str	r3, [sp, #36]
 445              	.LVL60:
 446              	.LBB56:
 447              	.LBB57:
 448              		.loc 2 352 0
 449 0072 7368     		ldr	r3, [r6, #4]
 450              	.LVL61:
 451              	@ 352 "D:\Elektronik\WorspaceEclipse\ThunderCryer\CMSIS\Include/core_cmInstr.h" 1
 452 0074 1BBA     		rev r3, r3
 453              	@ 0 "" 2
 454              	.LVL62:
 455              		.thumb
 456              	.LBE57:
 457              	.LBE56:
 246:../STM32F4xx_StdPeriph_Driver/src/stm32f4xx_cryp_tdes.c ****   ivaddr+=4;
 247:../STM32F4xx_StdPeriph_Driver/src/stm32f4xx_cryp_tdes.c ****   TDES_CRYP_IVInitStructure.CRYP_IV0Right= __REV(*(uint32_t*)(ivaddr));
 248:../STM32F4xx_StdPeriph_Driver/src/stm32f4xx_cryp_tdes.c ****   CRYP_IVInit(&TDES_CRYP_IVInitStructure);
 458              		.loc 1 248 0
 459 0076 09A8     		add	r0, sp, #36
 460              	.LVL63:
 247:../STM32F4xx_StdPeriph_Driver/src/stm32f4xx_cryp_tdes.c ****   TDES_CRYP_IVInitStructure.CRYP_IV0Right= __REV(*(uint32_t*)(ivaddr));
 461              		.loc 1 247 0
 462 0078 0A93     		str	r3, [sp, #40]
 463              		.loc 1 248 0
 464 007a FFF7FEFF 		bl	CRYP_IVInit
 465              	.LVL64:
 249:../STM32F4xx_StdPeriph_Driver/src/stm32f4xx_cryp_tdes.c **** 
 250:../STM32F4xx_StdPeriph_Driver/src/stm32f4xx_cryp_tdes.c ****   /* Flush IN/OUT FIFO */
 251:../STM32F4xx_StdPeriph_Driver/src/stm32f4xx_cryp_tdes.c ****   CRYP_FIFOFlush();
 466              		.loc 1 251 0
 467 007e FFF7FEFF 		bl	CRYP_FIFOFlush
 252:../STM32F4xx_StdPeriph_Driver/src/stm32f4xx_cryp_tdes.c **** 
 253:../STM32F4xx_StdPeriph_Driver/src/stm32f4xx_cryp_tdes.c ****   /* Enable Crypto processor */
 254:../STM32F4xx_StdPeriph_Driver/src/stm32f4xx_cryp_tdes.c ****   CRYP_Cmd(ENABLE);
 468              		.loc 1 254 0
 469 0082 0120     		movs	r0, #1
 470 0084 FFF7FEFF 		bl	CRYP_Cmd
 255:../STM32F4xx_StdPeriph_Driver/src/stm32f4xx_cryp_tdes.c **** 
 256:../STM32F4xx_StdPeriph_Driver/src/stm32f4xx_cryp_tdes.c ****   for(i=0; ((i<Ilength) && (status != ERROR)); i+=8)
 471              		.loc 1 256 0
 472 0088 4C46     		mov	r4, r9
 206:../STM32F4xx_StdPeriph_Driver/src/stm32f4xx_cryp_tdes.c ****   ErrorStatus status = SUCCESS;
 473              		.loc 1 206 0
 474 008a 0125     		movs	r5, #1
 475              	.LVL65:
 257:../STM32F4xx_StdPeriph_Driver/src/stm32f4xx_cryp_tdes.c ****   {
 258:../STM32F4xx_StdPeriph_Driver/src/stm32f4xx_cryp_tdes.c ****     /* Write the Input block in the Input FIFO */
 259:../STM32F4xx_StdPeriph_Driver/src/stm32f4xx_cryp_tdes.c ****     CRYP_DataIn(*(uint32_t*)(inputaddr));
 260:../STM32F4xx_StdPeriph_Driver/src/stm32f4xx_cryp_tdes.c ****     inputaddr+=4;
 261:../STM32F4xx_StdPeriph_Driver/src/stm32f4xx_cryp_tdes.c ****     CRYP_DataIn(*(uint32_t*)(inputaddr));
 262:../STM32F4xx_StdPeriph_Driver/src/stm32f4xx_cryp_tdes.c ****     inputaddr+=4;
 263:../STM32F4xx_StdPeriph_Driver/src/stm32f4xx_cryp_tdes.c **** 
 264:../STM32F4xx_StdPeriph_Driver/src/stm32f4xx_cryp_tdes.c ****     /* Wait until the complete message has been processed */
 265:../STM32F4xx_StdPeriph_Driver/src/stm32f4xx_cryp_tdes.c ****     counter = 0;
 476              		.loc 1 265 0
 477 008c 4E46     		mov	r6, r9
 478              	.LVL66:
 256:../STM32F4xx_StdPeriph_Driver/src/stm32f4xx_cryp_tdes.c ****   for(i=0; ((i<Ilength) && (status != ERROR)); i+=8)
 479              		.loc 1 256 0
 480 008e 22E0     		b	.L14
 481              	.LVL67:
 482              	.L19:
 259:../STM32F4xx_StdPeriph_Driver/src/stm32f4xx_cryp_tdes.c ****     CRYP_DataIn(*(uint32_t*)(inputaddr));
 483              		.loc 1 259 0
 484 0090 5AF80400 		ldr	r0, [sl, r4]
 485 0094 FFF7FEFF 		bl	CRYP_DataIn
 486              	.LVL68:
 261:../STM32F4xx_StdPeriph_Driver/src/stm32f4xx_cryp_tdes.c ****     CRYP_DataIn(*(uint32_t*)(inputaddr));
 487              		.loc 1 261 0
 488 0098 D8F80400 		ldr	r0, [r8, #4]
 489 009c FFF7FEFF 		bl	CRYP_DataIn
 262:../STM32F4xx_StdPeriph_Driver/src/stm32f4xx_cryp_tdes.c ****     inputaddr+=4;
 490              		.loc 1 262 0
 491 00a0 08F10808 		add	r8, r8, #8
 492              	.LVL69:
 493              		.loc 1 265 0
 494 00a4 0F96     		str	r6, [sp, #60]
 495              	.L16:
 266:../STM32F4xx_StdPeriph_Driver/src/stm32f4xx_cryp_tdes.c ****     do
 267:../STM32F4xx_StdPeriph_Driver/src/stm32f4xx_cryp_tdes.c ****     {
 268:../STM32F4xx_StdPeriph_Driver/src/stm32f4xx_cryp_tdes.c ****       busystatus = CRYP_GetFlagStatus(CRYP_FLAG_BUSY);
 496              		.loc 1 268 0 discriminator 1
 497 00a6 1020     		movs	r0, #16
 498 00a8 FFF7FEFF 		bl	CRYP_GetFlagStatus
 499              	.LVL70:
 269:../STM32F4xx_StdPeriph_Driver/src/stm32f4xx_cryp_tdes.c ****       counter++;
 500              		.loc 1 269 0 discriminator 1
 501 00ac 0F9B     		ldr	r3, [sp, #60]
 502 00ae 0133     		adds	r3, r3, #1
 503              	.LVL71:
 504 00b0 0F93     		str	r3, [sp, #60]
 505              	.LVL72:
 270:../STM32F4xx_StdPeriph_Driver/src/stm32f4xx_cryp_tdes.c ****     }while ((counter != TDESBUSY_TIMEOUT) && (busystatus != RESET));
 506              		.loc 1 270 0 discriminator 1
 507 00b2 0F9B     		ldr	r3, [sp, #60]
 508              	.LVL73:
 509 00b4 B3F5803F 		cmp	r3, #65536
 510 00b8 02D0     		beq	.L15
 511 00ba 0028     		cmp	r0, #0
 512 00bc F3D1     		bne	.L16
 513 00be 01E0     		b	.L17
 514              	.L15:
 271:../STM32F4xx_StdPeriph_Driver/src/stm32f4xx_cryp_tdes.c **** 
 272:../STM32F4xx_StdPeriph_Driver/src/stm32f4xx_cryp_tdes.c ****     if (busystatus != RESET)
 273:../STM32F4xx_StdPeriph_Driver/src/stm32f4xx_cryp_tdes.c ****    {
 274:../STM32F4xx_StdPeriph_Driver/src/stm32f4xx_cryp_tdes.c ****        status = ERROR;
 515              		.loc 1 274 0
 516 00c0 0025     		movs	r5, #0
 517              	.LVL74:
 272:../STM32F4xx_StdPeriph_Driver/src/stm32f4xx_cryp_tdes.c ****     if (busystatus != RESET)
 518              		.loc 1 272 0
 519 00c2 38B9     		cbnz	r0, .L18
 520              	.L17:
 275:../STM32F4xx_StdPeriph_Driver/src/stm32f4xx_cryp_tdes.c ****     }
 276:../STM32F4xx_StdPeriph_Driver/src/stm32f4xx_cryp_tdes.c ****     else
 277:../STM32F4xx_StdPeriph_Driver/src/stm32f4xx_cryp_tdes.c ****     {
 278:../STM32F4xx_StdPeriph_Driver/src/stm32f4xx_cryp_tdes.c **** 
 279:../STM32F4xx_StdPeriph_Driver/src/stm32f4xx_cryp_tdes.c ****       /* Read the Output block from the Output FIFO */
 280:../STM32F4xx_StdPeriph_Driver/src/stm32f4xx_cryp_tdes.c ****       *(uint32_t*)(outputaddr) = CRYP_DataOut();
 521              		.loc 1 280 0
 522 00c4 FFF7FEFF 		bl	CRYP_DataOut
 523              	.LVL75:
 524 00c8 3860     		str	r0, [r7, #0]
 525              	.LVL76:
 281:../STM32F4xx_StdPeriph_Driver/src/stm32f4xx_cryp_tdes.c ****       outputaddr+=4;
 282:../STM32F4xx_StdPeriph_Driver/src/stm32f4xx_cryp_tdes.c ****       *(uint32_t*)(outputaddr) = CRYP_DataOut();
 526              		.loc 1 282 0
 527 00ca FFF7FEFF 		bl	CRYP_DataOut
 283:../STM32F4xx_StdPeriph_Driver/src/stm32f4xx_cryp_tdes.c ****       outputaddr+=4;
 528              		.loc 1 283 0
 529 00ce 0125     		movs	r5, #1
 282:../STM32F4xx_StdPeriph_Driver/src/stm32f4xx_cryp_tdes.c ****       *(uint32_t*)(outputaddr) = CRYP_DataOut();
 530              		.loc 1 282 0
 531 00d0 7860     		str	r0, [r7, #4]
 532              		.loc 1 283 0
 533 00d2 0837     		adds	r7, r7, #8
 534              	.LVL77:
 535              	.L18:
 256:../STM32F4xx_StdPeriph_Driver/src/stm32f4xx_cryp_tdes.c ****   for(i=0; ((i<Ilength) && (status != ERROR)); i+=8)
 536              		.loc 1 256 0
 537 00d4 0834     		adds	r4, r4, #8
 538              	.LVL78:
 539              	.L14:
 256:../STM32F4xx_StdPeriph_Driver/src/stm32f4xx_cryp_tdes.c ****   for(i=0; ((i<Ilength) && (status != ERROR)); i+=8)
 540              		.loc 1 256 0 is_stmt 0 discriminator 1
 541 00d6 5C45     		cmp	r4, fp
 542 00d8 2CBF     		ite	cs
 543 00da 0020     		movcs	r0, #0
 544 00dc 05F00100 		andcc	r0, r5, #1
 545 00e0 0028     		cmp	r0, #0
 546 00e2 D5D1     		bne	.L19
 284:../STM32F4xx_StdPeriph_Driver/src/stm32f4xx_cryp_tdes.c ****     }
 285:../STM32F4xx_StdPeriph_Driver/src/stm32f4xx_cryp_tdes.c ****   }
 286:../STM32F4xx_StdPeriph_Driver/src/stm32f4xx_cryp_tdes.c **** 
 287:../STM32F4xx_StdPeriph_Driver/src/stm32f4xx_cryp_tdes.c ****   /* Disable Crypto */
 288:../STM32F4xx_StdPeriph_Driver/src/stm32f4xx_cryp_tdes.c ****   CRYP_Cmd(DISABLE);
 547              		.loc 1 288 0 is_stmt 1
 548 00e4 FFF7FEFF 		bl	CRYP_Cmd
 289:../STM32F4xx_StdPeriph_Driver/src/stm32f4xx_cryp_tdes.c **** 
 290:../STM32F4xx_StdPeriph_Driver/src/stm32f4xx_cryp_tdes.c ****   return status; 
 291:../STM32F4xx_StdPeriph_Driver/src/stm32f4xx_cryp_tdes.c **** }
 549              		.loc 1 291 0
 550 00e8 2846     		mov	r0, r5
 551 00ea 11B0     		add	sp, sp, #68
 552 00ec BDE8F08F 		pop	{r4, r5, r6, r7, r8, r9, sl, fp, pc}
 553              		.cfi_endproc
 554              	.LFE111:
 556              		.text
 557              	.Letext0:
 558              		.file 3 "d:/elektronik/ides/eclipse/yagarto/lib/gcc/../../arm-none-eabi/sys-include/stdint.h"
 559              		.file 4 "D:\\Elektronik\\WorspaceEclipse\\ThunderCryer\\CMSIS\\Device\\STM32F4xx\\Include/stm32f4x
 560              		.file 5 "D:\\Elektronik\\WorspaceEclipse\\ThunderCryer\\STM32F4xx_StdPeriph_Driver\\inc/stm32f4xx_
 561              		.file 6 "D:\\Elektronik\\WorspaceEclipse\\ThunderCryer\\CMSIS\\Include/core_cm4.h"
DEFINED SYMBOLS
                            *ABS*:00000000 stm32f4xx_cryp_tdes.c
  C:\Temp\ccc5O2xj.s:19     .text.CRYP_TDES_ECB:00000000 $t
  C:\Temp\ccc5O2xj.s:24     .text.CRYP_TDES_ECB:00000000 CRYP_TDES_ECB
  C:\Temp\ccc5O2xj.s:269    .text.CRYP_TDES_CBC:00000000 $t
  C:\Temp\ccc5O2xj.s:274    .text.CRYP_TDES_CBC:00000000 CRYP_TDES_CBC
                     .debug_frame:00000010 $d

UNDEFINED SYMBOLS
CRYP_KeyStructInit
CRYP_Init
CRYP_KeyInit
CRYP_FIFOFlush
CRYP_Cmd
CRYP_DataIn
CRYP_GetFlagStatus
CRYP_DataOut
CRYP_IVInit
