   1              		.syntax unified
   2              		.cpu cortex-m4
   3              		.eabi_attribute 27, 3
   4              		.fpu fpv4-sp-d16
   5              		.eabi_attribute 20, 1
   6              		.eabi_attribute 21, 1
   7              		.eabi_attribute 23, 3
   8              		.eabi_attribute 24, 1
   9              		.eabi_attribute 25, 1
  10              		.eabi_attribute 26, 1
  11              		.eabi_attribute 30, 4
  12              		.eabi_attribute 18, 4
  13              		.thumb
  14              		.file	"stm32f4xx_crc.c"
  15              		.text
  16              	.Ltext0:
  17              		.cfi_sections	.debug_frame
  18              		.section	.text.CRC_ResetDR,"ax",%progbits
  19              		.align	1
  20              		.global	CRC_ResetDR
  21              		.thumb
  22              		.thumb_func
  24              	CRC_ResetDR:
  25              	.LFB110:
  26              		.file 1 "../STM32F4xx_StdPeriph_Driver/src/stm32f4xx_crc.c"
   1:../STM32F4xx_StdPeriph_Driver/src/stm32f4xx_crc.c **** /**
   2:../STM32F4xx_StdPeriph_Driver/src/stm32f4xx_crc.c ****   ******************************************************************************
   3:../STM32F4xx_StdPeriph_Driver/src/stm32f4xx_crc.c ****   * @file    stm32f4xx_crc.c
   4:../STM32F4xx_StdPeriph_Driver/src/stm32f4xx_crc.c ****   * @author  MCD Application Team
   5:../STM32F4xx_StdPeriph_Driver/src/stm32f4xx_crc.c ****   * @version V1.0.0RC1
   6:../STM32F4xx_StdPeriph_Driver/src/stm32f4xx_crc.c ****   * @date    25-August-2011
   7:../STM32F4xx_StdPeriph_Driver/src/stm32f4xx_crc.c ****   * @brief   This file provides all the CRC firmware functions.
   8:../STM32F4xx_StdPeriph_Driver/src/stm32f4xx_crc.c ****   ******************************************************************************
   9:../STM32F4xx_StdPeriph_Driver/src/stm32f4xx_crc.c ****   * @attention
  10:../STM32F4xx_StdPeriph_Driver/src/stm32f4xx_crc.c ****   *
  11:../STM32F4xx_StdPeriph_Driver/src/stm32f4xx_crc.c ****   * THE PRESENT FIRMWARE WHICH IS FOR GUIDANCE ONLY AIMS AT PROVIDING CUSTOMERS
  12:../STM32F4xx_StdPeriph_Driver/src/stm32f4xx_crc.c ****   * WITH CODING INFORMATION REGARDING THEIR PRODUCTS IN ORDER FOR THEM TO SAVE
  13:../STM32F4xx_StdPeriph_Driver/src/stm32f4xx_crc.c ****   * TIME. AS A RESULT, STMICROELECTRONICS SHALL NOT BE HELD LIABLE FOR ANY
  14:../STM32F4xx_StdPeriph_Driver/src/stm32f4xx_crc.c ****   * DIRECT, INDIRECT OR CONSEQUENTIAL DAMAGES WITH RESPECT TO ANY CLAIMS ARISING
  15:../STM32F4xx_StdPeriph_Driver/src/stm32f4xx_crc.c ****   * FROM THE CONTENT OF SUCH FIRMWARE AND/OR THE USE MADE BY CUSTOMERS OF THE
  16:../STM32F4xx_StdPeriph_Driver/src/stm32f4xx_crc.c ****   * CODING INFORMATION CONTAINED HEREIN IN CONNECTION WITH THEIR PRODUCTS.
  17:../STM32F4xx_StdPeriph_Driver/src/stm32f4xx_crc.c ****   *
  18:../STM32F4xx_StdPeriph_Driver/src/stm32f4xx_crc.c ****   * <h2><center>&copy; COPYRIGHT 2011 STMicroelectronics</center></h2>
  19:../STM32F4xx_StdPeriph_Driver/src/stm32f4xx_crc.c ****   ******************************************************************************
  20:../STM32F4xx_StdPeriph_Driver/src/stm32f4xx_crc.c ****   */
  21:../STM32F4xx_StdPeriph_Driver/src/stm32f4xx_crc.c **** 
  22:../STM32F4xx_StdPeriph_Driver/src/stm32f4xx_crc.c **** /* Includes ------------------------------------------------------------------*/
  23:../STM32F4xx_StdPeriph_Driver/src/stm32f4xx_crc.c **** #include "stm32f4xx_crc.h"
  24:../STM32F4xx_StdPeriph_Driver/src/stm32f4xx_crc.c **** 
  25:../STM32F4xx_StdPeriph_Driver/src/stm32f4xx_crc.c **** /** @addtogroup STM32F4xx_StdPeriph_Driver
  26:../STM32F4xx_StdPeriph_Driver/src/stm32f4xx_crc.c ****   * @{
  27:../STM32F4xx_StdPeriph_Driver/src/stm32f4xx_crc.c ****   */
  28:../STM32F4xx_StdPeriph_Driver/src/stm32f4xx_crc.c **** 
  29:../STM32F4xx_StdPeriph_Driver/src/stm32f4xx_crc.c **** /** @defgroup CRC 
  30:../STM32F4xx_StdPeriph_Driver/src/stm32f4xx_crc.c ****   * @brief CRC driver modules
  31:../STM32F4xx_StdPeriph_Driver/src/stm32f4xx_crc.c ****   * @{
  32:../STM32F4xx_StdPeriph_Driver/src/stm32f4xx_crc.c ****   */
  33:../STM32F4xx_StdPeriph_Driver/src/stm32f4xx_crc.c **** 
  34:../STM32F4xx_StdPeriph_Driver/src/stm32f4xx_crc.c **** /* Private typedef -----------------------------------------------------------*/
  35:../STM32F4xx_StdPeriph_Driver/src/stm32f4xx_crc.c **** /* Private define ------------------------------------------------------------*/
  36:../STM32F4xx_StdPeriph_Driver/src/stm32f4xx_crc.c **** /* Private macro -------------------------------------------------------------*/
  37:../STM32F4xx_StdPeriph_Driver/src/stm32f4xx_crc.c **** /* Private variables ---------------------------------------------------------*/
  38:../STM32F4xx_StdPeriph_Driver/src/stm32f4xx_crc.c **** /* Private function prototypes -----------------------------------------------*/
  39:../STM32F4xx_StdPeriph_Driver/src/stm32f4xx_crc.c **** /* Private functions ---------------------------------------------------------*/
  40:../STM32F4xx_StdPeriph_Driver/src/stm32f4xx_crc.c **** 
  41:../STM32F4xx_StdPeriph_Driver/src/stm32f4xx_crc.c **** /** @defgroup CRC_Private_Functions
  42:../STM32F4xx_StdPeriph_Driver/src/stm32f4xx_crc.c ****   * @{
  43:../STM32F4xx_StdPeriph_Driver/src/stm32f4xx_crc.c ****   */
  44:../STM32F4xx_StdPeriph_Driver/src/stm32f4xx_crc.c **** 
  45:../STM32F4xx_StdPeriph_Driver/src/stm32f4xx_crc.c **** /**
  46:../STM32F4xx_StdPeriph_Driver/src/stm32f4xx_crc.c ****   * @brief  Resets the CRC Data register (DR).
  47:../STM32F4xx_StdPeriph_Driver/src/stm32f4xx_crc.c ****   * @param  None
  48:../STM32F4xx_StdPeriph_Driver/src/stm32f4xx_crc.c ****   * @retval None
  49:../STM32F4xx_StdPeriph_Driver/src/stm32f4xx_crc.c ****   */
  50:../STM32F4xx_StdPeriph_Driver/src/stm32f4xx_crc.c **** void CRC_ResetDR(void)
  51:../STM32F4xx_StdPeriph_Driver/src/stm32f4xx_crc.c **** {
  27              		.loc 1 51 0
  28              		.cfi_startproc
  29              		@ args = 0, pretend = 0, frame = 0
  30              		@ frame_needed = 0, uses_anonymous_args = 0
  31              		@ link register save eliminated.
  52:../STM32F4xx_StdPeriph_Driver/src/stm32f4xx_crc.c ****   /* Reset CRC generator */
  53:../STM32F4xx_StdPeriph_Driver/src/stm32f4xx_crc.c ****   CRC->CR = CRC_CR_RESET;
  32              		.loc 1 53 0
  33 0000 014B     		ldr	r3, .L2
  34 0002 0122     		movs	r2, #1
  35 0004 9A60     		str	r2, [r3, #8]
  54:../STM32F4xx_StdPeriph_Driver/src/stm32f4xx_crc.c **** }
  36              		.loc 1 54 0
  37 0006 7047     		bx	lr
  38              	.L3:
  39              		.align	2
  40              	.L2:
  41 0008 00300240 		.word	1073885184
  42              		.cfi_endproc
  43              	.LFE110:
  45              		.section	.text.CRC_CalcCRC,"ax",%progbits
  46              		.align	1
  47              		.global	CRC_CalcCRC
  48              		.thumb
  49              		.thumb_func
  51              	CRC_CalcCRC:
  52              	.LFB111:
  55:../STM32F4xx_StdPeriph_Driver/src/stm32f4xx_crc.c **** 
  56:../STM32F4xx_StdPeriph_Driver/src/stm32f4xx_crc.c **** /**
  57:../STM32F4xx_StdPeriph_Driver/src/stm32f4xx_crc.c ****   * @brief  Computes the 32-bit CRC of a given data word(32-bit).
  58:../STM32F4xx_StdPeriph_Driver/src/stm32f4xx_crc.c ****   * @param  Data: data word(32-bit) to compute its CRC
  59:../STM32F4xx_StdPeriph_Driver/src/stm32f4xx_crc.c ****   * @retval 32-bit CRC
  60:../STM32F4xx_StdPeriph_Driver/src/stm32f4xx_crc.c ****   */
  61:../STM32F4xx_StdPeriph_Driver/src/stm32f4xx_crc.c **** uint32_t CRC_CalcCRC(uint32_t Data)
  62:../STM32F4xx_StdPeriph_Driver/src/stm32f4xx_crc.c **** {
  53              		.loc 1 62 0
  54              		.cfi_startproc
  55              		@ args = 0, pretend = 0, frame = 0
  56              		@ frame_needed = 0, uses_anonymous_args = 0
  57              		@ link register save eliminated.
  58              	.LVL0:
  63:../STM32F4xx_StdPeriph_Driver/src/stm32f4xx_crc.c ****   CRC->DR = Data;
  59              		.loc 1 63 0
  60 0000 014B     		ldr	r3, .L5
  61 0002 1860     		str	r0, [r3, #0]
  64:../STM32F4xx_StdPeriph_Driver/src/stm32f4xx_crc.c ****   
  65:../STM32F4xx_StdPeriph_Driver/src/stm32f4xx_crc.c ****   return (CRC->DR);
  62              		.loc 1 65 0
  63 0004 1868     		ldr	r0, [r3, #0]
  64              	.LVL1:
  66:../STM32F4xx_StdPeriph_Driver/src/stm32f4xx_crc.c **** }
  65              		.loc 1 66 0
  66 0006 7047     		bx	lr
  67              	.L6:
  68              		.align	2
  69              	.L5:
  70 0008 00300240 		.word	1073885184
  71              		.cfi_endproc
  72              	.LFE111:
  74              		.section	.text.CRC_CalcBlockCRC,"ax",%progbits
  75              		.align	1
  76              		.global	CRC_CalcBlockCRC
  77              		.thumb
  78              		.thumb_func
  80              	CRC_CalcBlockCRC:
  81              	.LFB112:
  67:../STM32F4xx_StdPeriph_Driver/src/stm32f4xx_crc.c **** 
  68:../STM32F4xx_StdPeriph_Driver/src/stm32f4xx_crc.c **** /**
  69:../STM32F4xx_StdPeriph_Driver/src/stm32f4xx_crc.c ****   * @brief  Computes the 32-bit CRC of a given buffer of data word(32-bit).
  70:../STM32F4xx_StdPeriph_Driver/src/stm32f4xx_crc.c ****   * @param  pBuffer: pointer to the buffer containing the data to be computed
  71:../STM32F4xx_StdPeriph_Driver/src/stm32f4xx_crc.c ****   * @param  BufferLength: length of the buffer to be computed					
  72:../STM32F4xx_StdPeriph_Driver/src/stm32f4xx_crc.c ****   * @retval 32-bit CRC
  73:../STM32F4xx_StdPeriph_Driver/src/stm32f4xx_crc.c ****   */
  74:../STM32F4xx_StdPeriph_Driver/src/stm32f4xx_crc.c **** uint32_t CRC_CalcBlockCRC(uint32_t pBuffer[], uint32_t BufferLength)
  75:../STM32F4xx_StdPeriph_Driver/src/stm32f4xx_crc.c **** {
  82              		.loc 1 75 0
  83              		.cfi_startproc
  84              		@ args = 0, pretend = 0, frame = 0
  85              		@ frame_needed = 0, uses_anonymous_args = 0
  86              	.LVL2:
  87 0000 10B5     		push	{r4, lr}
  88              	.LCFI0:
  89              		.cfi_def_cfa_offset 8
  90              		.cfi_offset 14, -4
  91              		.cfi_offset 4, -8
  76:../STM32F4xx_StdPeriph_Driver/src/stm32f4xx_crc.c ****   uint32_t index = 0;
  77:../STM32F4xx_StdPeriph_Driver/src/stm32f4xx_crc.c ****   
  78:../STM32F4xx_StdPeriph_Driver/src/stm32f4xx_crc.c ****   for(index = 0; index < BufferLength; index++)
  92              		.loc 1 78 0
  93 0002 0023     		movs	r3, #0
  94 0004 054A     		ldr	r2, .L10
  95 0006 03E0     		b	.L8
  96              	.LVL3:
  97              	.L9:
  79:../STM32F4xx_StdPeriph_Driver/src/stm32f4xx_crc.c ****   {
  80:../STM32F4xx_StdPeriph_Driver/src/stm32f4xx_crc.c ****     CRC->DR = pBuffer[index];
  98              		.loc 1 80 0 discriminator 2
  99 0008 50F8044B 		ldr	r4, [r0], #4
  78:../STM32F4xx_StdPeriph_Driver/src/stm32f4xx_crc.c ****   for(index = 0; index < BufferLength; index++)
 100              		.loc 1 78 0 discriminator 2
 101 000c 0133     		adds	r3, r3, #1
 102              	.LVL4:
 103              		.loc 1 80 0 discriminator 2
 104 000e 1460     		str	r4, [r2, #0]
 105              	.LVL5:
 106              	.L8:
  78:../STM32F4xx_StdPeriph_Driver/src/stm32f4xx_crc.c ****   for(index = 0; index < BufferLength; index++)
 107              		.loc 1 78 0 discriminator 1
 108 0010 8B42     		cmp	r3, r1
 109 0012 F9D1     		bne	.L9
  81:../STM32F4xx_StdPeriph_Driver/src/stm32f4xx_crc.c ****   }
  82:../STM32F4xx_StdPeriph_Driver/src/stm32f4xx_crc.c ****   return (CRC->DR);
 110              		.loc 1 82 0
 111 0014 014B     		ldr	r3, .L10
 112              	.LVL6:
 113 0016 1868     		ldr	r0, [r3, #0]
  83:../STM32F4xx_StdPeriph_Driver/src/stm32f4xx_crc.c **** }
 114              		.loc 1 83 0
 115 0018 10BD     		pop	{r4, pc}
 116              	.L11:
 117 001a 00BF     		.align	2
 118              	.L10:
 119 001c 00300240 		.word	1073885184
 120              		.cfi_endproc
 121              	.LFE112:
 123              		.section	.text.CRC_GetCRC,"ax",%progbits
 124              		.align	1
 125              		.global	CRC_GetCRC
 126              		.thumb
 127              		.thumb_func
 129              	CRC_GetCRC:
 130              	.LFB113:
  84:../STM32F4xx_StdPeriph_Driver/src/stm32f4xx_crc.c **** 
  85:../STM32F4xx_StdPeriph_Driver/src/stm32f4xx_crc.c **** /**
  86:../STM32F4xx_StdPeriph_Driver/src/stm32f4xx_crc.c ****   * @brief  Returns the current CRC value.
  87:../STM32F4xx_StdPeriph_Driver/src/stm32f4xx_crc.c ****   * @param  None
  88:../STM32F4xx_StdPeriph_Driver/src/stm32f4xx_crc.c ****   * @retval 32-bit CRC
  89:../STM32F4xx_StdPeriph_Driver/src/stm32f4xx_crc.c ****   */
  90:../STM32F4xx_StdPeriph_Driver/src/stm32f4xx_crc.c **** uint32_t CRC_GetCRC(void)
  91:../STM32F4xx_StdPeriph_Driver/src/stm32f4xx_crc.c **** {
 131              		.loc 1 91 0
 132              		.cfi_startproc
 133              		@ args = 0, pretend = 0, frame = 0
 134              		@ frame_needed = 0, uses_anonymous_args = 0
 135              		@ link register save eliminated.
  92:../STM32F4xx_StdPeriph_Driver/src/stm32f4xx_crc.c ****   return (CRC->DR);
 136              		.loc 1 92 0
 137 0000 014B     		ldr	r3, .L13
 138 0002 1868     		ldr	r0, [r3, #0]
  93:../STM32F4xx_StdPeriph_Driver/src/stm32f4xx_crc.c **** }
 139              		.loc 1 93 0
 140 0004 7047     		bx	lr
 141              	.L14:
 142 0006 00BF     		.align	2
 143              	.L13:
 144 0008 00300240 		.word	1073885184
 145              		.cfi_endproc
 146              	.LFE113:
 148              		.section	.text.CRC_SetIDRegister,"ax",%progbits
 149              		.align	1
 150              		.global	CRC_SetIDRegister
 151              		.thumb
 152              		.thumb_func
 154              	CRC_SetIDRegister:
 155              	.LFB114:
  94:../STM32F4xx_StdPeriph_Driver/src/stm32f4xx_crc.c **** 
  95:../STM32F4xx_StdPeriph_Driver/src/stm32f4xx_crc.c **** /**
  96:../STM32F4xx_StdPeriph_Driver/src/stm32f4xx_crc.c ****   * @brief  Stores a 8-bit data in the Independent Data(ID) register.
  97:../STM32F4xx_StdPeriph_Driver/src/stm32f4xx_crc.c ****   * @param  IDValue: 8-bit value to be stored in the ID register 					
  98:../STM32F4xx_StdPeriph_Driver/src/stm32f4xx_crc.c ****   * @retval None
  99:../STM32F4xx_StdPeriph_Driver/src/stm32f4xx_crc.c ****   */
 100:../STM32F4xx_StdPeriph_Driver/src/stm32f4xx_crc.c **** void CRC_SetIDRegister(uint8_t IDValue)
 101:../STM32F4xx_StdPeriph_Driver/src/stm32f4xx_crc.c **** {
 156              		.loc 1 101 0
 157              		.cfi_startproc
 158              		@ args = 0, pretend = 0, frame = 0
 159              		@ frame_needed = 0, uses_anonymous_args = 0
 160              		@ link register save eliminated.
 161              	.LVL7:
 102:../STM32F4xx_StdPeriph_Driver/src/stm32f4xx_crc.c ****   CRC->IDR = IDValue;
 162              		.loc 1 102 0
 163 0000 014B     		ldr	r3, .L16
 164 0002 1871     		strb	r0, [r3, #4]
 103:../STM32F4xx_StdPeriph_Driver/src/stm32f4xx_crc.c **** }
 165              		.loc 1 103 0
 166 0004 7047     		bx	lr
 167              	.L17:
 168 0006 00BF     		.align	2
 169              	.L16:
 170 0008 00300240 		.word	1073885184
 171              		.cfi_endproc
 172              	.LFE114:
 174              		.section	.text.CRC_GetIDRegister,"ax",%progbits
 175              		.align	1
 176              		.global	CRC_GetIDRegister
 177              		.thumb
 178              		.thumb_func
 180              	CRC_GetIDRegister:
 181              	.LFB115:
 104:../STM32F4xx_StdPeriph_Driver/src/stm32f4xx_crc.c **** 
 105:../STM32F4xx_StdPeriph_Driver/src/stm32f4xx_crc.c **** /**
 106:../STM32F4xx_StdPeriph_Driver/src/stm32f4xx_crc.c ****   * @brief  Returns the 8-bit data stored in the Independent Data(ID) register
 107:../STM32F4xx_StdPeriph_Driver/src/stm32f4xx_crc.c ****   * @param  None
 108:../STM32F4xx_StdPeriph_Driver/src/stm32f4xx_crc.c ****   * @retval 8-bit value of the ID register 
 109:../STM32F4xx_StdPeriph_Driver/src/stm32f4xx_crc.c ****   */
 110:../STM32F4xx_StdPeriph_Driver/src/stm32f4xx_crc.c **** uint8_t CRC_GetIDRegister(void)
 111:../STM32F4xx_StdPeriph_Driver/src/stm32f4xx_crc.c **** {
 182              		.loc 1 111 0
 183              		.cfi_startproc
 184              		@ args = 0, pretend = 0, frame = 0
 185              		@ frame_needed = 0, uses_anonymous_args = 0
 186              		@ link register save eliminated.
 112:../STM32F4xx_StdPeriph_Driver/src/stm32f4xx_crc.c ****   return (CRC->IDR);
 187              		.loc 1 112 0
 188 0000 014B     		ldr	r3, .L19
 189 0002 1879     		ldrb	r0, [r3, #4]	@ zero_extendqisi2
 113:../STM32F4xx_StdPeriph_Driver/src/stm32f4xx_crc.c **** }
 190              		.loc 1 113 0
 191 0004 7047     		bx	lr
 192              	.L20:
 193 0006 00BF     		.align	2
 194              	.L19:
 195 0008 00300240 		.word	1073885184
 196              		.cfi_endproc
 197              	.LFE115:
 199              		.text
 200              	.Letext0:
 201              		.file 2 "d:/elektronik/ides/eclipse/yagarto/lib/gcc/../../arm-none-eabi/sys-include/stdint.h"
 202              		.file 3 "D:\\Elektronik\\WorspaceEclipse\\ThunderCryer\\CMSIS\\Device\\STM32F4xx\\Include/stm32f4x
 203              		.file 4 "D:\\Elektronik\\WorspaceEclipse\\ThunderCryer\\CMSIS\\Include/core_cm4.h"
DEFINED SYMBOLS
                            *ABS*:00000000 stm32f4xx_crc.c
  C:\Temp\ccQF6rkE.s:19     .text.CRC_ResetDR:00000000 $t
  C:\Temp\ccQF6rkE.s:24     .text.CRC_ResetDR:00000000 CRC_ResetDR
  C:\Temp\ccQF6rkE.s:41     .text.CRC_ResetDR:00000008 $d
  C:\Temp\ccQF6rkE.s:46     .text.CRC_CalcCRC:00000000 $t
  C:\Temp\ccQF6rkE.s:51     .text.CRC_CalcCRC:00000000 CRC_CalcCRC
  C:\Temp\ccQF6rkE.s:70     .text.CRC_CalcCRC:00000008 $d
  C:\Temp\ccQF6rkE.s:75     .text.CRC_CalcBlockCRC:00000000 $t
  C:\Temp\ccQF6rkE.s:80     .text.CRC_CalcBlockCRC:00000000 CRC_CalcBlockCRC
  C:\Temp\ccQF6rkE.s:119    .text.CRC_CalcBlockCRC:0000001c $d
  C:\Temp\ccQF6rkE.s:124    .text.CRC_GetCRC:00000000 $t
  C:\Temp\ccQF6rkE.s:129    .text.CRC_GetCRC:00000000 CRC_GetCRC
  C:\Temp\ccQF6rkE.s:144    .text.CRC_GetCRC:00000008 $d
  C:\Temp\ccQF6rkE.s:149    .text.CRC_SetIDRegister:00000000 $t
  C:\Temp\ccQF6rkE.s:154    .text.CRC_SetIDRegister:00000000 CRC_SetIDRegister
  C:\Temp\ccQF6rkE.s:170    .text.CRC_SetIDRegister:00000008 $d
  C:\Temp\ccQF6rkE.s:175    .text.CRC_GetIDRegister:00000000 $t
  C:\Temp\ccQF6rkE.s:180    .text.CRC_GetIDRegister:00000000 CRC_GetIDRegister
  C:\Temp\ccQF6rkE.s:195    .text.CRC_GetIDRegister:00000008 $d
                     .debug_frame:00000010 $d

NO UNDEFINED SYMBOLS
